{"meta": {"format": 3, "version": "7.11.0", "timestamp": "2025-10-20T09:32:04.832851", "branch_coverage": false, "show_contexts": false}, "files": {"quantiq/backend/operations.py": {"executed_lines": [1, 10, 11, 12, 14, 16, 21, 42, 44, 49, 74, 77, 103, 106, 131, 137, 168, 169, 170, 172, 182, 185, 188, 224, 225, 227, 252, 302, 339, 369, 396, 423], "summary": {"covered_lines": 31, "num_statements": 62, "percent_covered": 50.0, "percent_covered_display": "50.00", "missing_lines": 31, "excluded_lines": 2}, "missing_lines": [46, 175, 176, 177, 179, 183, 230, 231, 233, 234, 237, 238, 239, 240, 249, 284, 285, 287, 290, 296, 328, 329, 331, 332, 334, 336, 363, 390, 391, 393, 419], "excluded_lines": [244, 291], "functions": {"copy": {"executed_lines": [42, 44], "summary": {"covered_lines": 2, "num_statements": 3, "percent_covered": 66.66666666666667, "percent_covered_display": "66.67", "missing_lines": 1, "excluded_lines": 0}, "missing_lines": [46], "excluded_lines": []}, "concatenate": {"executed_lines": [74], "summary": {"covered_lines": 1, "num_statements": 1, "percent_covered": 100.0, "percent_covered_display": "100.00", "missing_lines": 0, "excluded_lines": 0}, "missing_lines": [], "excluded_lines": []}, "stack": {"executed_lines": [103], "summary": {"covered_lines": 1, "num_statements": 1, "percent_covered": 100.0, "percent_covered_display": "100.00", "missing_lines": 0, "excluded_lines": 0}, "missing_lines": [], "excluded_lines": []}, "reshape": {"executed_lines": [131], "summary": {"covered_lines": 1, "num_statements": 1, "percent_covered": 100.0, "percent_covered_display": "100.00", "missing_lines": 0, "excluded_lines": 0}, "missing_lines": [], "excluded_lines": []}, "jit": {"executed_lines": [168, 182, 185], "summary": {"covered_lines": 3, "num_statements": 4, "percent_covered": 75.0, "percent_covered_display": "75.00", "missing_lines": 1, "excluded_lines": 0}, "missing_lines": [183], "excluded_lines": []}, "jit.decorator": {"executed_lines": [169, 170, 172], "summary": {"covered_lines": 3, "num_statements": 7, "percent_covered": 42.857142857142854, "percent_covered_display": "42.86", "missing_lines": 4, "excluded_lines": 0}, "missing_lines": [175, 176, 177, 179], "excluded_lines": []}, "vmap": {"executed_lines": [224, 225, 227], "summary": {"covered_lines": 3, "num_statements": 12, "percent_covered": 25.0, "percent_covered_display": "25.00", "missing_lines": 9, "excluded_lines": 1}, "missing_lines": [230, 231, 233, 234, 237, 238, 239, 240, 249], "excluded_lines": [244]}, "grad": {"executed_lines": [], "summary": {"covered_lines": 0, "num_statements": 5, "percent_covered": 0.0, "percent_covered_display": "0.00", "missing_lines": 5, "excluded_lines": 1}, "missing_lines": [284, 285, 287, 290, 296], "excluded_lines": [291]}, "device_put": {"executed_lines": [], "summary": {"covered_lines": 0, "num_statements": 6, "percent_covered": 0.0, "percent_covered_display": "0.00", "missing_lines": 6, "excluded_lines": 0}, "missing_lines": [328, 329, 331, 332, 334, 336], "excluded_lines": []}, "device_get": {"executed_lines": [], "summary": {"covered_lines": 0, "num_statements": 1, "percent_covered": 0.0, "percent_covered_display": "0.00", "missing_lines": 1, "excluded_lines": 0}, "missing_lines": [363], "excluded_lines": []}, "ensure_array": {"executed_lines": [], "summary": {"covered_lines": 0, "num_statements": 3, "percent_covered": 0.0, "percent_covered_display": "0.00", "missing_lines": 3, "excluded_lines": 0}, "missing_lines": [390, 391, 393], "excluded_lines": []}, "astype": {"executed_lines": [], "summary": {"covered_lines": 0, "num_statements": 1, "percent_covered": 0.0, "percent_covered_display": "0.00", "missing_lines": 1, "excluded_lines": 0}, "missing_lines": [419], "excluded_lines": []}, "": {"executed_lines": [1, 10, 11, 12, 14, 16, 21, 49, 77, 106, 137, 188, 252, 302, 339, 369, 396, 423], "summary": {"covered_lines": 17, "num_statements": 17, "percent_covered": 100.0, "percent_covered_display": "100.00", "missing_lines": 0, "excluded_lines": 0}, "missing_lines": [], "excluded_lines": []}}, "classes": {"": {"executed_lines": [1, 10, 11, 12, 14, 16, 21, 42, 44, 49, 74, 77, 103, 106, 131, 137, 168, 169, 170, 172, 182, 185, 188, 224, 225, 227, 252, 302, 339, 369, 396, 423], "summary": {"covered_lines": 31, "num_statements": 62, "percent_covered": 50.0, "percent_covered_display": "50.00", "missing_lines": 31, "excluded_lines": 2}, "missing_lines": [46, 175, 176, 177, 179, 183, 230, 231, 233, 234, 237, 238, 239, 240, 249, 284, 285, 287, 290, 296, 328, 329, 331, 332, 334, 336, 363, 390, 391, 393, 419], "excluded_lines": [244, 291]}}}, "quantiq/bayesian/base.py": {"executed_lines": [1, 8, 9, 11, 12, 13, 16, 17, 96, 117, 118, 119, 120, 123, 124, 126, 127, 163, 203, 207, 210, 211, 219, 220, 223, 225, 227, 228, 268, 269, 288, 290, 342, 343, 345, 346, 348, 351, 354, 355, 358, 360, 361, 362, 373, 375], "summary": {"covered_lines": 40, "num_statements": 58, "percent_covered": 68.96551724137932, "percent_covered_display": "68.97", "missing_lines": 18, "excluded_lines": 76}, "missing_lines": [352, 356, 363, 367, 368, 369, 371, 401, 402, 404, 405, 407, 408, 411, 412, 413, 415, 423], "excluded_lines": [126, 127, 128, 129, 130, 131, 132, 133, 134, 135, 136, 137, 138, 139, 140, 141, 142, 143, 144, 145, 146, 147, 148, 149, 150, 151, 152, 153, 154, 155, 156, 157, 158, 159, 160, 161, 227, 228, 229, 230, 231, 232, 233, 234, 235, 236, 237, 238, 239, 240, 241, 242, 243, 244, 245, 246, 247, 248, 249, 250, 251, 252, 253, 254, 255, 256, 257, 258, 259, 260, 261, 262, 263, 264, 265, 266], "functions": {"BayesianModel.__init__": {"executed_lines": [117, 118, 119, 120, 123, 124], "summary": {"covered_lines": 6, "num_statements": 6, "percent_covered": 100.0, "percent_covered_display": "100.00", "missing_lines": 0, "excluded_lines": 0}, "missing_lines": [], "excluded_lines": []}, "BayesianModel.model": {"executed_lines": [], "summary": {"covered_lines": 0, "num_statements": 0, "percent_covered": 100.0, "percent_covered_display": "100.00", "missing_lines": 0, "excluded_lines": 34}, "missing_lines": [], "excluded_lines": [128, 129, 130, 131, 132, 133, 134, 135, 136, 137, 138, 139, 140, 141, 142, 143, 144, 145, 146, 147, 148, 149, 150, 151, 152, 153, 154, 155, 156, 157, 158, 159, 160, 161]}, "BayesianModel.fit": {"executed_lines": [203, 207, 210, 211, 219, 220, 223, 225], "summary": {"covered_lines": 8, "num_statements": 8, "percent_covered": 100.0, "percent_covered_display": "100.00", "missing_lines": 0, "excluded_lines": 0}, "missing_lines": [], "excluded_lines": []}, "BayesianModel.predict": {"executed_lines": [], "summary": {"covered_lines": 0, "num_statements": 0, "percent_covered": 100.0, "percent_covered_display": "100.00", "missing_lines": 0, "excluded_lines": 38}, "missing_lines": [], "excluded_lines": [229, 230, 231, 232, 233, 234, 235, 236, 237, 238, 239, 240, 241, 242, 243, 244, 245, 246, 247, 248, 249, 250, 251, 252, 253, 254, 255, 256, 257, 258, 259, 260, 261, 262, 263, 264, 265, 266]}, "BayesianModel.samples": {"executed_lines": [288], "summary": {"covered_lines": 1, "num_statements": 1, "percent_covered": 100.0, "percent_covered_display": "100.00", "missing_lines": 0, "excluded_lines": 0}, "missing_lines": [], "excluded_lines": []}, "BayesianModel.get_credible_intervals": {"executed_lines": [342, 343, 345, 346, 348, 351, 354, 355, 358, 360, 361, 362, 373], "summary": {"covered_lines": 13, "num_statements": 20, "percent_covered": 65.0, "percent_covered_display": "65.00", "missing_lines": 7, "excluded_lines": 0}, "missing_lines": [352, 356, 363, 367, 368, 369, 371], "excluded_lines": []}, "BayesianModel.summary": {"executed_lines": [], "summary": {"covered_lines": 0, "num_statements": 11, "percent_covered": 0.0, "percent_covered_display": "0.00", "missing_lines": 11, "excluded_lines": 0}, "missing_lines": [401, 402, 404, 405, 407, 408, 411, 412, 413, 415, 423], "excluded_lines": []}, "": {"executed_lines": [1, 8, 9, 11, 12, 13, 16, 17, 96, 126, 127, 163, 227, 228, 268, 269, 290, 375], "summary": {"covered_lines": 12, "num_statements": 12, "percent_covered": 100.0, "percent_covered_display": "100.00", "missing_lines": 0, "excluded_lines": 4}, "missing_lines": [], "excluded_lines": [126, 127, 227, 228]}}, "classes": {"BayesianModel": {"executed_lines": [117, 118, 119, 120, 123, 124, 203, 207, 210, 211, 219, 220, 223, 225, 288, 342, 343, 345, 346, 348, 351, 354, 355, 358, 360, 361, 362, 373], "summary": {"covered_lines": 28, "num_statements": 46, "percent_covered": 60.869565217391305, "percent_covered_display": "60.87", "missing_lines": 18, "excluded_lines": 72}, "missing_lines": [352, 356, 363, 367, 368, 369, 371, 401, 402, 404, 405, 407, 408, 411, 412, 413, 415, 423], "excluded_lines": [128, 129, 130, 131, 132, 133, 134, 135, 136, 137, 138, 139, 140, 141, 142, 143, 144, 145, 146, 147, 148, 149, 150, 151, 152, 153, 154, 155, 156, 157, 158, 159, 160, 161, 229, 230, 231, 232, 233, 234, 235, 236, 237, 238, 239, 240, 241, 242, 243, 244, 245, 246, 247, 248, 249, 250, 251, 252, 253, 254, 255, 256, 257, 258, 259, 260, 261, 262, 263, 264, 265, 266]}, "": {"executed_lines": [1, 8, 9, 11, 12, 13, 16, 17, 96, 126, 127, 163, 227, 228, 268, 269, 290, 375], "summary": {"covered_lines": 12, "num_statements": 12, "percent_covered": 100.0, "percent_covered_display": "100.00", "missing_lines": 0, "excluded_lines": 4}, "missing_lines": [], "excluded_lines": [126, 127, 227, 228]}}}, "quantiq/bayesian/models/arrhenius.py": {"executed_lines": [1, 8, 10, 11, 12, 13, 15, 16, 19, 20, 109, 111, 129, 130, 131, 136, 140, 144, 145, 148, 151, 154, 155, 157, 158, 159, 185, 187, 223, 227, 228, 229, 232, 235, 236, 237, 238, 240], "summary": {"covered_lines": 36, "num_statements": 38, "percent_covered": 94.73684210526316, "percent_covered_display": "94.74", "missing_lines": 2, "excluded_lines": 0}, "missing_lines": [147, 224], "excluded_lines": [], "functions": {"ArrheniusModel.model": {"executed_lines": [129, 130, 131, 136, 140, 144, 145, 148, 151, 154, 155], "summary": {"covered_lines": 11, "num_statements": 12, "percent_covered": 91.66666666666667, "percent_covered_display": "91.67", "missing_lines": 1, "excluded_lines": 0}, "missing_lines": [147], "excluded_lines": []}, "ArrheniusModel._compute_predictions": {"executed_lines": [185], "summary": {"covered_lines": 1, "num_statements": 1, "percent_covered": 100.0, "percent_covered_display": "100.00", "missing_lines": 0, "excluded_lines": 0}, "missing_lines": [], "excluded_lines": []}, "ArrheniusModel.predict": {"executed_lines": [223, 227, 228, 229, 232, 235, 236, 237, 238, 240], "summary": {"covered_lines": 10, "num_statements": 11, "percent_covered": 90.9090909090909, "percent_covered_display": "90.91", "missing_lines": 1, "excluded_lines": 0}, "missing_lines": [224], "excluded_lines": []}, "": {"executed_lines": [1, 8, 10, 11, 12, 13, 15, 16, 19, 20, 109, 111, 157, 158, 159, 187], "summary": {"covered_lines": 14, "num_statements": 14, "percent_covered": 100.0, "percent_covered_display": "100.00", "missing_lines": 0, "excluded_lines": 0}, "missing_lines": [], "excluded_lines": []}}, "classes": {"ArrheniusModel": {"executed_lines": [129, 130, 131, 136, 140, 144, 145, 148, 151, 154, 155, 185, 223, 227, 228, 229, 232, 235, 236, 237, 238, 240], "summary": {"covered_lines": 22, "num_statements": 24, "percent_covered": 91.66666666666667, "percent_covered_display": "91.67", "missing_lines": 2, "excluded_lines": 0}, "missing_lines": [147, 224], "excluded_lines": []}, "": {"executed_lines": [1, 8, 10, 11, 12, 13, 15, 16, 19, 20, 109, 111, 157, 158, 159, 187], "summary": {"covered_lines": 14, "num_statements": 14, "percent_covered": 100.0, "percent_covered_display": "100.00", "missing_lines": 0, "excluded_lines": 0}, "missing_lines": [], "excluded_lines": []}}}, "quantiq/bayesian/models/carreau_yasuda.py": {"executed_lines": [1, 8, 10, 11, 12, 13, 15, 16, 19, 20, 121, 139, 140, 141, 145, 148, 151, 155, 158, 161, 162, 165, 168, 171, 172, 174, 175, 176, 210, 214, 250, 254, 255, 256, 257, 258, 259, 262, 267, 268, 269, 270, 272], "summary": {"covered_lines": 41, "num_statements": 43, "percent_covered": 95.34883720930233, "percent_covered_display": "95.35", "missing_lines": 2, "excluded_lines": 0}, "missing_lines": [164, 251], "excluded_lines": [], "functions": {"CarreauYasudaModel.model": {"executed_lines": [139, 140, 141, 145, 148, 151, 155, 158, 161, 162, 165, 168, 171, 172], "summary": {"covered_lines": 14, "num_statements": 15, "percent_covered": 93.33333333333333, "percent_covered_display": "93.33", "missing_lines": 1, "excluded_lines": 0}, "missing_lines": [164], "excluded_lines": []}, "CarreauYasudaModel._compute_predictions": {"executed_lines": [210], "summary": {"covered_lines": 1, "num_statements": 1, "percent_covered": 100.0, "percent_covered_display": "100.00", "missing_lines": 0, "excluded_lines": 0}, "missing_lines": [], "excluded_lines": []}, "CarreauYasudaModel.predict": {"executed_lines": [250, 254, 255, 256, 257, 258, 259, 262, 267, 268, 269, 270, 272], "summary": {"covered_lines": 13, "num_statements": 14, "percent_covered": 92.85714285714286, "percent_covered_display": "92.86", "missing_lines": 1, "excluded_lines": 0}, "missing_lines": [251], "excluded_lines": []}, "": {"executed_lines": [1, 8, 10, 11, 12, 13, 15, 16, 19, 20, 121, 174, 175, 176, 214], "summary": {"covered_lines": 13, "num_statements": 13, "percent_covered": 100.0, "percent_covered_display": "100.00", "missing_lines": 0, "excluded_lines": 0}, "missing_lines": [], "excluded_lines": []}}, "classes": {"CarreauYasudaModel": {"executed_lines": [139, 140, 141, 145, 148, 151, 155, 158, 161, 162, 165, 168, 171, 172, 210, 250, 254, 255, 256, 257, 258, 259, 262, 267, 268, 269, 270, 272], "summary": {"covered_lines": 28, "num_statements": 30, "percent_covered": 93.33333333333333, "percent_covered_display": "93.33", "missing_lines": 2, "excluded_lines": 0}, "missing_lines": [164, 251], "excluded_lines": []}, "": {"executed_lines": [1, 8, 10, 11, 12, 13, 15, 16, 19, 20, 121, 174, 175, 176, 214], "summary": {"covered_lines": 13, "num_statements": 13, "percent_covered": 100.0, "percent_covered_display": "100.00", "missing_lines": 0, "excluded_lines": 0}, "missing_lines": [], "excluded_lines": []}}}, "quantiq/bayesian/models/cross.py": {"executed_lines": [1, 8, 10, 11, 12, 13, 15, 16, 19, 20, 110, 128, 129, 130, 134, 137, 140, 143, 146, 147, 150, 153, 156, 157, 159, 160, 161, 191, 195, 231, 235, 236, 237, 238, 239, 242, 247, 248, 249, 250, 252], "summary": {"covered_lines": 39, "num_statements": 41, "percent_covered": 95.1219512195122, "percent_covered_display": "95.12", "missing_lines": 2, "excluded_lines": 0}, "missing_lines": [149, 232], "excluded_lines": [], "functions": {"CrossModel.model": {"executed_lines": [128, 129, 130, 134, 137, 140, 143, 146, 147, 150, 153, 156, 157], "summary": {"covered_lines": 13, "num_statements": 14, "percent_covered": 92.85714285714286, "percent_covered_display": "92.86", "missing_lines": 1, "excluded_lines": 0}, "missing_lines": [149], "excluded_lines": []}, "CrossModel._compute_predictions": {"executed_lines": [191], "summary": {"covered_lines": 1, "num_statements": 1, "percent_covered": 100.0, "percent_covered_display": "100.00", "missing_lines": 0, "excluded_lines": 0}, "missing_lines": [], "excluded_lines": []}, "CrossModel.predict": {"executed_lines": [231, 235, 236, 237, 238, 239, 242, 247, 248, 249, 250, 252], "summary": {"covered_lines": 12, "num_statements": 13, "percent_covered": 92.3076923076923, "percent_covered_display": "92.31", "missing_lines": 1, "excluded_lines": 0}, "missing_lines": [232], "excluded_lines": []}, "": {"executed_lines": [1, 8, 10, 11, 12, 13, 15, 16, 19, 20, 110, 159, 160, 161, 195], "summary": {"covered_lines": 13, "num_statements": 13, "percent_covered": 100.0, "percent_covered_display": "100.00", "missing_lines": 0, "excluded_lines": 0}, "missing_lines": [], "excluded_lines": []}}, "classes": {"CrossModel": {"executed_lines": [128, 129, 130, 134, 137, 140, 143, 146, 147, 150, 153, 156, 157, 191, 231, 235, 236, 237, 238, 239, 242, 247, 248, 249, 250, 252], "summary": {"covered_lines": 26, "num_statements": 28, "percent_covered": 92.85714285714286, "percent_covered_display": "92.86", "missing_lines": 2, "excluded_lines": 0}, "missing_lines": [149, 232], "excluded_lines": []}, "": {"executed_lines": [1, 8, 10, 11, 12, 13, 15, 16, 19, 20, 110, 159, 160, 161, 195], "summary": {"covered_lines": 13, "num_statements": 13, "percent_covered": 100.0, "percent_covered_display": "100.00", "missing_lines": 0, "excluded_lines": 0}, "missing_lines": [], "excluded_lines": []}}}, "quantiq/bayesian/models/power_law.py": {"executed_lines": [1, 8, 10, 11, 12, 13, 15, 16, 19, 20, 105, 123, 124, 125, 129, 132, 135, 138, 141, 142, 144, 145, 146, 170, 172, 212, 216, 217, 218, 221, 224, 225, 226, 227, 229], "summary": {"covered_lines": 33, "num_statements": 34, "percent_covered": 97.05882352941177, "percent_covered_display": "97.06", "missing_lines": 1, "excluded_lines": 0}, "missing_lines": [213], "excluded_lines": [], "functions": {"PowerLawModel.model": {"executed_lines": [123, 124, 125, 129, 132, 135, 138, 141, 142], "summary": {"covered_lines": 9, "num_statements": 9, "percent_covered": 100.0, "percent_covered_display": "100.00", "missing_lines": 0, "excluded_lines": 0}, "missing_lines": [], "excluded_lines": []}, "PowerLawModel._compute_predictions": {"executed_lines": [170], "summary": {"covered_lines": 1, "num_statements": 1, "percent_covered": 100.0, "percent_covered_display": "100.00", "missing_lines": 0, "excluded_lines": 0}, "missing_lines": [], "excluded_lines": []}, "PowerLawModel.predict": {"executed_lines": [212, 216, 217, 218, 221, 224, 225, 226, 227, 229], "summary": {"covered_lines": 10, "num_statements": 11, "percent_covered": 90.9090909090909, "percent_covered_display": "90.91", "missing_lines": 1, "excluded_lines": 0}, "missing_lines": [213], "excluded_lines": []}, "": {"executed_lines": [1, 8, 10, 11, 12, 13, 15, 16, 19, 20, 105, 144, 145, 146, 172], "summary": {"covered_lines": 13, "num_statements": 13, "percent_covered": 100.0, "percent_covered_display": "100.00", "missing_lines": 0, "excluded_lines": 0}, "missing_lines": [], "excluded_lines": []}}, "classes": {"PowerLawModel": {"executed_lines": [123, 124, 125, 129, 132, 135, 138, 141, 142, 170, 212, 216, 217, 218, 221, 224, 225, 226, 227, 229], "summary": {"covered_lines": 20, "num_statements": 21, "percent_covered": 95.23809523809524, "percent_covered_display": "95.24", "missing_lines": 1, "excluded_lines": 0}, "missing_lines": [213], "excluded_lines": []}, "": {"executed_lines": [1, 8, 10, 11, 12, 13, 15, 16, 19, 20, 105, 144, 145, 146, 172], "summary": {"covered_lines": 13, "num_statements": 13, "percent_covered": 100.0, "percent_covered_display": "100.00", "missing_lines": 0, "excluded_lines": 0}, "missing_lines": [], "excluded_lines": []}}}, "quantiq/data/collections/consistent_measurement_set.py": {"executed_lines": [1, 7, 9, 10, 13, 14, 91, 115, 116, 117, 118, 119, 120, 127, 129, 130, 155], "summary": {"covered_lines": 15, "num_statements": 15, "percent_covered": 100.0, "percent_covered_display": "100.00", "missing_lines": 0, "excluded_lines": 0}, "missing_lines": [], "excluded_lines": [], "functions": {"ConsistentMeasurementSet.__init__": {"executed_lines": [115, 116, 117, 118, 119, 120, 127], "summary": {"covered_lines": 7, "num_statements": 7, "percent_covered": 100.0, "percent_covered_display": "100.00", "missing_lines": 0, "excluded_lines": 0}, "missing_lines": [], "excluded_lines": []}, "ConsistentMeasurementSet._get_structure": {"executed_lines": [155], "summary": {"covered_lines": 1, "num_statements": 1, "percent_covered": 100.0, "percent_covered_display": "100.00", "missing_lines": 0, "excluded_lines": 0}, "missing_lines": [], "excluded_lines": []}, "": {"executed_lines": [1, 7, 9, 10, 13, 14, 91, 129, 130], "summary": {"covered_lines": 7, "num_statements": 7, "percent_covered": 100.0, "percent_covered_display": "100.00", "missing_lines": 0, "excluded_lines": 0}, "missing_lines": [], "excluded_lines": []}}, "classes": {"ConsistentMeasurementSet": {"executed_lines": [115, 116, 117, 118, 119, 120, 127, 155], "summary": {"covered_lines": 8, "num_statements": 8, "percent_covered": 100.0, "percent_covered_display": "100.00", "missing_lines": 0, "excluded_lines": 0}, "missing_lines": [], "excluded_lines": []}, "": {"executed_lines": [1, 7, 9, 10, 13, 14, 91, 129, 130], "summary": {"covered_lines": 7, "num_statements": 7, "percent_covered": 100.0, "percent_covered_display": "100.00", "missing_lines": 0, "excluded_lines": 0}, "missing_lines": [], "excluded_lines": []}}}, "quantiq/data/collections/experiment.py": {"executed_lines": [1, 7, 9, 12, 13, 103, 121, 122, 123, 125, 126, 142, 144, 145, 161, 163, 164, 180, 182, 196, 198, 214, 216, 237], "summary": {"covered_lines": 22, "num_statements": 22, "percent_covered": 100.0, "percent_covered_display": "100.00", "missing_lines": 0, "excluded_lines": 0}, "missing_lines": [], "excluded_lines": [], "functions": {"Experiment.__init__": {"executed_lines": [121, 122, 123], "summary": {"covered_lines": 3, "num_statements": 3, "percent_covered": 100.0, "percent_covered_display": "100.00", "missing_lines": 0, "excluded_lines": 0}, "missing_lines": [], "excluded_lines": []}, "Experiment.measurement_sets": {"executed_lines": [142], "summary": {"covered_lines": 1, "num_statements": 1, "percent_covered": 100.0, "percent_covered_display": "100.00", "missing_lines": 0, "excluded_lines": 0}, "missing_lines": [], "excluded_lines": []}, "Experiment.conditions": {"executed_lines": [161], "summary": {"covered_lines": 1, "num_statements": 1, "percent_covered": 100.0, "percent_covered_display": "100.00", "missing_lines": 0, "excluded_lines": 0}, "missing_lines": [], "excluded_lines": []}, "Experiment.details": {"executed_lines": [180], "summary": {"covered_lines": 1, "num_statements": 1, "percent_covered": 100.0, "percent_covered_display": "100.00", "missing_lines": 0, "excluded_lines": 0}, "missing_lines": [], "excluded_lines": []}, "Experiment.__len__": {"executed_lines": [196], "summary": {"covered_lines": 1, "num_statements": 1, "percent_covered": 100.0, "percent_covered_display": "100.00", "missing_lines": 0, "excluded_lines": 0}, "missing_lines": [], "excluded_lines": []}, "Experiment.__iter__": {"executed_lines": [214], "summary": {"covered_lines": 1, "num_statements": 1, "percent_covered": 100.0, "percent_covered_display": "100.00", "missing_lines": 0, "excluded_lines": 0}, "missing_lines": [], "excluded_lines": []}, "Experiment.__getitem__": {"executed_lines": [237], "summary": {"covered_lines": 1, "num_statements": 1, "percent_covered": 100.0, "percent_covered_display": "100.00", "missing_lines": 0, "excluded_lines": 0}, "missing_lines": [], "excluded_lines": []}, "": {"executed_lines": [1, 7, 9, 12, 13, 103, 125, 126, 144, 145, 163, 164, 182, 198, 216], "summary": {"covered_lines": 13, "num_statements": 13, "percent_covered": 100.0, "percent_covered_display": "100.00", "missing_lines": 0, "excluded_lines": 0}, "missing_lines": [], "excluded_lines": []}}, "classes": {"Experiment": {"executed_lines": [121, 122, 123, 142, 161, 180, 196, 214, 237], "summary": {"covered_lines": 9, "num_statements": 9, "percent_covered": 100.0, "percent_covered_display": "100.00", "missing_lines": 0, "excluded_lines": 0}, "missing_lines": [], "excluded_lines": []}, "": {"executed_lines": [1, 7, 9, 12, 13, 103, 125, 126, 144, 145, 163, 164, 182, 198, 216], "summary": {"covered_lines": 13, "num_statements": 13, "percent_covered": 100.0, "percent_covered_display": "100.00", "missing_lines": 0, "excluded_lines": 0}, "missing_lines": [], "excluded_lines": []}}}, "quantiq/data/collections/experiment_set.py": {"executed_lines": [1, 7, 9, 12, 13, 109, 127, 128, 129, 131, 132, 148, 150, 151, 167, 169, 170, 186, 188, 202, 204, 221, 223, 244, 246], "summary": {"covered_lines": 23, "num_statements": 29, "percent_covered": 79.3103448275862, "percent_covered_display": "79.31", "missing_lines": 6, "excluded_lines": 0}, "missing_lines": [279, 281, 283, 286, 287, 289], "excluded_lines": [], "functions": {"ExperimentSet.__init__": {"executed_lines": [127, 128, 129], "summary": {"covered_lines": 3, "num_statements": 3, "percent_covered": 100.0, "percent_covered_display": "100.00", "missing_lines": 0, "excluded_lines": 0}, "missing_lines": [], "excluded_lines": []}, "ExperimentSet.experiments": {"executed_lines": [148], "summary": {"covered_lines": 1, "num_statements": 1, "percent_covered": 100.0, "percent_covered_display": "100.00", "missing_lines": 0, "excluded_lines": 0}, "missing_lines": [], "excluded_lines": []}, "ExperimentSet.conditions": {"executed_lines": [167], "summary": {"covered_lines": 1, "num_statements": 1, "percent_covered": 100.0, "percent_covered_display": "100.00", "missing_lines": 0, "excluded_lines": 0}, "missing_lines": [], "excluded_lines": []}, "ExperimentSet.details": {"executed_lines": [186], "summary": {"covered_lines": 1, "num_statements": 1, "percent_covered": 100.0, "percent_covered_display": "100.00", "missing_lines": 0, "excluded_lines": 0}, "missing_lines": [], "excluded_lines": []}, "ExperimentSet.__len__": {"executed_lines": [202], "summary": {"covered_lines": 1, "num_statements": 1, "percent_covered": 100.0, "percent_covered_display": "100.00", "missing_lines": 0, "excluded_lines": 0}, "missing_lines": [], "excluded_lines": []}, "ExperimentSet.__iter__": {"executed_lines": [221], "summary": {"covered_lines": 1, "num_statements": 1, "percent_covered": 100.0, "percent_covered_display": "100.00", "missing_lines": 0, "excluded_lines": 0}, "missing_lines": [], "excluded_lines": []}, "ExperimentSet.__getitem__": {"executed_lines": [244], "summary": {"covered_lines": 1, "num_statements": 1, "percent_covered": 100.0, "percent_covered_display": "100.00", "missing_lines": 0, "excluded_lines": 0}, "missing_lines": [], "excluded_lines": []}, "ExperimentSet.get_experiment_by_condition": {"executed_lines": [], "summary": {"covered_lines": 0, "num_statements": 6, "percent_covered": 0.0, "percent_covered_display": "0.00", "missing_lines": 6, "excluded_lines": 0}, "missing_lines": [279, 281, 283, 286, 287, 289], "excluded_lines": []}, "": {"executed_lines": [1, 7, 9, 12, 13, 109, 131, 132, 150, 151, 169, 170, 188, 204, 223, 246], "summary": {"covered_lines": 14, "num_statements": 14, "percent_covered": 100.0, "percent_covered_display": "100.00", "missing_lines": 0, "excluded_lines": 0}, "missing_lines": [], "excluded_lines": []}}, "classes": {"ExperimentSet": {"executed_lines": [127, 128, 129, 148, 167, 186, 202, 221, 244], "summary": {"covered_lines": 9, "num_statements": 15, "percent_covered": 60.0, "percent_covered_display": "60.00", "missing_lines": 6, "excluded_lines": 0}, "missing_lines": [279, 281, 283, 286, 287, 289], "excluded_lines": []}, "": {"executed_lines": [1, 7, 9, 12, 13, 109, 131, 132, 150, 151, 169, 170, 188, 204, 223, 246], "summary": {"covered_lines": 14, "num_statements": 14, "percent_covered": 100.0, "percent_covered_display": "100.00", "missing_lines": 0, "excluded_lines": 0}, "missing_lines": [], "excluded_lines": []}}}, "quantiq/data/collections/measurement.py": {"executed_lines": [1, 7, 9, 12, 13, 77, 95, 96, 97, 99, 100, 116, 118, 119, 135, 137, 138, 154, 156, 170, 172, 188, 190, 211], "summary": {"covered_lines": 22, "num_statements": 22, "percent_covered": 100.0, "percent_covered_display": "100.00", "missing_lines": 0, "excluded_lines": 0}, "missing_lines": [], "excluded_lines": [], "functions": {"Measurement.__init__": {"executed_lines": [95, 96, 97], "summary": {"covered_lines": 3, "num_statements": 3, "percent_covered": 100.0, "percent_covered_display": "100.00", "missing_lines": 0, "excluded_lines": 0}, "missing_lines": [], "excluded_lines": []}, "Measurement.datasets": {"executed_lines": [116], "summary": {"covered_lines": 1, "num_statements": 1, "percent_covered": 100.0, "percent_covered_display": "100.00", "missing_lines": 0, "excluded_lines": 0}, "missing_lines": [], "excluded_lines": []}, "Measurement.conditions": {"executed_lines": [135], "summary": {"covered_lines": 1, "num_statements": 1, "percent_covered": 100.0, "percent_covered_display": "100.00", "missing_lines": 0, "excluded_lines": 0}, "missing_lines": [], "excluded_lines": []}, "Measurement.details": {"executed_lines": [154], "summary": {"covered_lines": 1, "num_statements": 1, "percent_covered": 100.0, "percent_covered_display": "100.00", "missing_lines": 0, "excluded_lines": 0}, "missing_lines": [], "excluded_lines": []}, "Measurement.__len__": {"executed_lines": [170], "summary": {"covered_lines": 1, "num_statements": 1, "percent_covered": 100.0, "percent_covered_display": "100.00", "missing_lines": 0, "excluded_lines": 0}, "missing_lines": [], "excluded_lines": []}, "Measurement.__iter__": {"executed_lines": [188], "summary": {"covered_lines": 1, "num_statements": 1, "percent_covered": 100.0, "percent_covered_display": "100.00", "missing_lines": 0, "excluded_lines": 0}, "missing_lines": [], "excluded_lines": []}, "Measurement.__getitem__": {"executed_lines": [211], "summary": {"covered_lines": 1, "num_statements": 1, "percent_covered": 100.0, "percent_covered_display": "100.00", "missing_lines": 0, "excluded_lines": 0}, "missing_lines": [], "excluded_lines": []}, "": {"executed_lines": [1, 7, 9, 12, 13, 77, 99, 100, 118, 119, 137, 138, 156, 172, 190], "summary": {"covered_lines": 13, "num_statements": 13, "percent_covered": 100.0, "percent_covered_display": "100.00", "missing_lines": 0, "excluded_lines": 0}, "missing_lines": [], "excluded_lines": []}}, "classes": {"Measurement": {"executed_lines": [95, 96, 97, 116, 135, 154, 170, 188, 211], "summary": {"covered_lines": 9, "num_statements": 9, "percent_covered": 100.0, "percent_covered_display": "100.00", "missing_lines": 0, "excluded_lines": 0}, "missing_lines": [], "excluded_lines": []}, "": {"executed_lines": [1, 7, 9, 12, 13, 77, 99, 100, 118, 119, 137, 138, 156, 172, 190], "summary": {"covered_lines": 13, "num_statements": 13, "percent_covered": 100.0, "percent_covered_display": "100.00", "missing_lines": 0, "excluded_lines": 0}, "missing_lines": [], "excluded_lines": []}}}, "quantiq/data/collections/measurement_set.py": {"executed_lines": [1, 7, 9, 12, 13, 89, 107, 108, 109, 111, 112, 128, 130, 131, 147, 149, 150, 166, 168, 182, 184, 201, 203, 224], "summary": {"covered_lines": 22, "num_statements": 22, "percent_covered": 100.0, "percent_covered_display": "100.00", "missing_lines": 0, "excluded_lines": 0}, "missing_lines": [], "excluded_lines": [], "functions": {"MeasurementSet.__init__": {"executed_lines": [107, 108, 109], "summary": {"covered_lines": 3, "num_statements": 3, "percent_covered": 100.0, "percent_covered_display": "100.00", "missing_lines": 0, "excluded_lines": 0}, "missing_lines": [], "excluded_lines": []}, "MeasurementSet.measurements": {"executed_lines": [128], "summary": {"covered_lines": 1, "num_statements": 1, "percent_covered": 100.0, "percent_covered_display": "100.00", "missing_lines": 0, "excluded_lines": 0}, "missing_lines": [], "excluded_lines": []}, "MeasurementSet.conditions": {"executed_lines": [147], "summary": {"covered_lines": 1, "num_statements": 1, "percent_covered": 100.0, "percent_covered_display": "100.00", "missing_lines": 0, "excluded_lines": 0}, "missing_lines": [], "excluded_lines": []}, "MeasurementSet.details": {"executed_lines": [166], "summary": {"covered_lines": 1, "num_statements": 1, "percent_covered": 100.0, "percent_covered_display": "100.00", "missing_lines": 0, "excluded_lines": 0}, "missing_lines": [], "excluded_lines": []}, "MeasurementSet.__len__": {"executed_lines": [182], "summary": {"covered_lines": 1, "num_statements": 1, "percent_covered": 100.0, "percent_covered_display": "100.00", "missing_lines": 0, "excluded_lines": 0}, "missing_lines": [], "excluded_lines": []}, "MeasurementSet.__iter__": {"executed_lines": [201], "summary": {"covered_lines": 1, "num_statements": 1, "percent_covered": 100.0, "percent_covered_display": "100.00", "missing_lines": 0, "excluded_lines": 0}, "missing_lines": [], "excluded_lines": []}, "MeasurementSet.__getitem__": {"executed_lines": [224], "summary": {"covered_lines": 1, "num_statements": 1, "percent_covered": 100.0, "percent_covered_display": "100.00", "missing_lines": 0, "excluded_lines": 0}, "missing_lines": [], "excluded_lines": []}, "": {"executed_lines": [1, 7, 9, 12, 13, 89, 111, 112, 130, 131, 149, 150, 168, 184, 203], "summary": {"covered_lines": 13, "num_statements": 13, "percent_covered": 100.0, "percent_covered_display": "100.00", "missing_lines": 0, "excluded_lines": 0}, "missing_lines": [], "excluded_lines": []}}, "classes": {"MeasurementSet": {"executed_lines": [107, 108, 109, 128, 147, 166, 182, 201, 224], "summary": {"covered_lines": 9, "num_statements": 9, "percent_covered": 100.0, "percent_covered_display": "100.00", "missing_lines": 0, "excluded_lines": 0}, "missing_lines": [], "excluded_lines": []}, "": {"executed_lines": [1, 7, 9, 12, 13, 89, 111, 112, 130, 131, 149, 150, 168, 184, 203], "summary": {"covered_lines": 13, "num_statements": 13, "percent_covered": 100.0, "percent_covered_display": "100.00", "missing_lines": 0, "excluded_lines": 0}, "missing_lines": [], "excluded_lines": []}}}, "quantiq/data/collections/tabular_measurement_set.py": {"executed_lines": [1, 7, 9, 10, 13, 14, 104, 135, 136, 137, 144, 145, 148, 150, 151, 165, 167, 168, 182, 184, 185, 203, 253, 295], "summary": {"covered_lines": 22, "num_statements": 52, "percent_covered": 42.30769230769231, "percent_covered_display": "42.31", "missing_lines": 30, "excluded_lines": 0}, "missing_lines": [138, 199, 200, 201, 236, 237, 242, 243, 245, 246, 247, 248, 250, 251, 282, 283, 285, 286, 288, 289, 291, 292, 293, 324, 325, 327, 328, 330, 331, 333], "excluded_lines": [], "functions": {"TabularMeasurementSet.__init__": {"executed_lines": [135, 136, 137, 144, 145, 148], "summary": {"covered_lines": 6, "num_statements": 7, "percent_covered": 85.71428571428571, "percent_covered_display": "85.71", "missing_lines": 1, "excluded_lines": 0}, "missing_lines": [138], "excluded_lines": []}, "TabularMeasurementSet.row_labels": {"executed_lines": [165], "summary": {"covered_lines": 1, "num_statements": 1, "percent_covered": 100.0, "percent_covered_display": "100.00", "missing_lines": 0, "excluded_lines": 0}, "missing_lines": [], "excluded_lines": []}, "TabularMeasurementSet.col_labels": {"executed_lines": [182], "summary": {"covered_lines": 1, "num_statements": 1, "percent_covered": 100.0, "percent_covered_display": "100.00", "missing_lines": 0, "excluded_lines": 0}, "missing_lines": [], "excluded_lines": []}, "TabularMeasurementSet.shape": {"executed_lines": [], "summary": {"covered_lines": 0, "num_statements": 3, "percent_covered": 0.0, "percent_covered_display": "0.00", "missing_lines": 3, "excluded_lines": 0}, "missing_lines": [199, 200, 201], "excluded_lines": []}, "TabularMeasurementSet.get_measurement": {"executed_lines": [], "summary": {"covered_lines": 0, "num_statements": 10, "percent_covered": 0.0, "percent_covered_display": "0.00", "missing_lines": 10, "excluded_lines": 0}, "missing_lines": [236, 237, 242, 243, 245, 246, 247, 248, 250, 251], "excluded_lines": []}, "TabularMeasurementSet.get_row": {"executed_lines": [], "summary": {"covered_lines": 0, "num_statements": 9, "percent_covered": 0.0, "percent_covered_display": "0.00", "missing_lines": 9, "excluded_lines": 0}, "missing_lines": [282, 283, 285, 286, 288, 289, 291, 292, 293], "excluded_lines": []}, "TabularMeasurementSet.get_column": {"executed_lines": [], "summary": {"covered_lines": 0, "num_statements": 7, "percent_covered": 0.0, "percent_covered_display": "0.00", "missing_lines": 7, "excluded_lines": 0}, "missing_lines": [324, 325, 327, 328, 330, 331, 333], "excluded_lines": []}, "": {"executed_lines": [1, 7, 9, 10, 13, 14, 104, 150, 151, 167, 168, 184, 185, 203, 253, 295], "summary": {"covered_lines": 14, "num_statements": 14, "percent_covered": 100.0, "percent_covered_display": "100.00", "missing_lines": 0, "excluded_lines": 0}, "missing_lines": [], "excluded_lines": []}}, "classes": {"TabularMeasurementSet": {"executed_lines": [135, 136, 137, 144, 145, 148, 165, 182], "summary": {"covered_lines": 8, "num_statements": 38, "percent_covered": 21.05263157894737, "percent_covered_display": "21.05", "missing_lines": 30, "excluded_lines": 0}, "missing_lines": [138, 199, 200, 201, 236, 237, 242, 243, 245, 246, 247, 248, 250, 251, 282, 283, 285, 286, 288, 289, 291, 292, 293, 324, 325, 327, 328, 330, 331, 333], "excluded_lines": []}, "": {"executed_lines": [1, 7, 9, 10, 13, 14, 104, 150, 151, 167, 168, 184, 185, 203, 253, 295], "summary": {"covered_lines": 14, "num_statements": 14, "percent_covered": 100.0, "percent_covered_display": "100.00", "missing_lines": 0, "excluded_lines": 0}, "missing_lines": [], "excluded_lines": []}}}, "quantiq/data/collections/tidy_measurement_set.py": {"executed_lines": [1, 7, 9, 10, 13, 14, 85, 105, 107, 153, 155, 156, 157, 158, 160, 161, 166, 168], "summary": {"covered_lines": 16, "num_statements": 24, "percent_covered": 66.66666666666667, "percent_covered_display": "66.67", "missing_lines": 8, "excluded_lines": 0}, "missing_lines": [162, 164, 205, 207, 209, 212, 213, 215], "excluded_lines": [], "functions": {"TidyMeasurementSet.__init__": {"executed_lines": [105], "summary": {"covered_lines": 1, "num_statements": 1, "percent_covered": 100.0, "percent_covered_display": "100.00", "missing_lines": 0, "excluded_lines": 0}, "missing_lines": [], "excluded_lines": []}, "TidyMeasurementSet.get_unique_conditions": {"executed_lines": [153, 155, 156, 157, 158, 160, 161, 166], "summary": {"covered_lines": 8, "num_statements": 10, "percent_covered": 80.0, "percent_covered_display": "80.00", "missing_lines": 2, "excluded_lines": 0}, "missing_lines": [162, 164], "excluded_lines": []}, "TidyMeasurementSet.filter_by_conditions": {"executed_lines": [], "summary": {"covered_lines": 0, "num_statements": 6, "percent_covered": 0.0, "percent_covered_display": "0.00", "missing_lines": 6, "excluded_lines": 0}, "missing_lines": [205, 207, 209, 212, 213, 215], "excluded_lines": []}, "": {"executed_lines": [1, 7, 9, 10, 13, 14, 85, 107, 168], "summary": {"covered_lines": 7, "num_statements": 7, "percent_covered": 100.0, "percent_covered_display": "100.00", "missing_lines": 0, "excluded_lines": 0}, "missing_lines": [], "excluded_lines": []}}, "classes": {"TidyMeasurementSet": {"executed_lines": [105, 153, 155, 156, 157, 158, 160, 161, 166], "summary": {"covered_lines": 9, "num_statements": 17, "percent_covered": 52.94117647058823, "percent_covered_display": "52.94", "missing_lines": 8, "excluded_lines": 0}, "missing_lines": [162, 164, 205, 207, 209, 212, 213, 215], "excluded_lines": []}, "": {"executed_lines": [1, 7, 9, 10, 13, 14, 85, 107, 168], "summary": {"covered_lines": 7, "num_statements": 7, "percent_covered": 100.0, "percent_covered_display": "100.00", "missing_lines": 0, "excluded_lines": 0}, "missing_lines": [], "excluded_lines": []}}}, "quantiq/data/datasets/base.py": {"executed_lines": [1, 7, 8, 9, 12, 13, 75, 88, 89, 92, 93, 94, 96, 97, 113, 115, 116, 132, 134, 135, 160, 162, 163, 190, 192, 193, 218, 220, 241], "summary": {"covered_lines": 27, "num_statements": 27, "percent_covered": 100.0, "percent_covered_display": "100.00", "missing_lines": 0, "excluded_lines": 0}, "missing_lines": [], "excluded_lines": [], "functions": {"Dataset.__init__": {"executed_lines": [88, 89, 92, 93, 94], "summary": {"covered_lines": 5, "num_statements": 5, "percent_covered": 100.0, "percent_covered_display": "100.00", "missing_lines": 0, "excluded_lines": 0}, "missing_lines": [], "excluded_lines": []}, "Dataset.conditions": {"executed_lines": [113], "summary": {"covered_lines": 1, "num_statements": 1, "percent_covered": 100.0, "percent_covered_display": "100.00", "missing_lines": 0, "excluded_lines": 0}, "missing_lines": [], "excluded_lines": []}, "Dataset.details": {"executed_lines": [132], "summary": {"covered_lines": 1, "num_statements": 1, "percent_covered": 100.0, "percent_covered_display": "100.00", "missing_lines": 0, "excluded_lines": 0}, "missing_lines": [], "excluded_lines": []}, "Dataset.has_uncertainty": {"executed_lines": [160], "summary": {"covered_lines": 1, "num_statements": 1, "percent_covered": 100.0, "percent_covered_display": "100.00", "missing_lines": 0, "excluded_lines": 0}, "missing_lines": [], "excluded_lines": []}, "Dataset.uncertainty_samples": {"executed_lines": [190], "summary": {"covered_lines": 1, "num_statements": 1, "percent_covered": 100.0, "percent_covered_display": "100.00", "missing_lines": 0, "excluded_lines": 0}, "missing_lines": [], "excluded_lines": []}, "Dataset.credible_intervals": {"executed_lines": [218], "summary": {"covered_lines": 1, "num_statements": 1, "percent_covered": 100.0, "percent_covered_display": "100.00", "missing_lines": 0, "excluded_lines": 0}, "missing_lines": [], "excluded_lines": []}, "Dataset.copy": {"executed_lines": [241], "summary": {"covered_lines": 1, "num_statements": 1, "percent_covered": 100.0, "percent_covered_display": "100.00", "missing_lines": 0, "excluded_lines": 0}, "missing_lines": [], "excluded_lines": []}, "": {"executed_lines": [1, 7, 8, 9, 12, 13, 75, 96, 97, 115, 116, 134, 135, 162, 163, 192, 193, 220], "summary": {"covered_lines": 16, "num_statements": 16, "percent_covered": 100.0, "percent_covered_display": "100.00", "missing_lines": 0, "excluded_lines": 0}, "missing_lines": [], "excluded_lines": []}}, "classes": {"Dataset": {"executed_lines": [88, 89, 92, 93, 94, 113, 132, 160, 190, 218, 241], "summary": {"covered_lines": 11, "num_statements": 11, "percent_covered": 100.0, "percent_covered_display": "100.00", "missing_lines": 0, "excluded_lines": 0}, "missing_lines": [], "excluded_lines": []}, "": {"executed_lines": [1, 7, 8, 9, 12, 13, 75, 96, 97, 115, 116, 134, 135, 162, 163, 192, 193, 220], "summary": {"covered_lines": 16, "num_statements": 16, "percent_covered": 100.0, "percent_covered_display": "100.00", "missing_lines": 0, "excluded_lines": 0}, "missing_lines": [], "excluded_lines": []}}}, "quantiq/data/datasets/composite.py": {"executed_lines": [1, 8, 10, 12, 14, 17, 18, 108, 135, 138, 139, 145, 146, 149, 150, 151, 154, 155, 161, 163, 164, 178, 180, 181, 206], "summary": {"covered_lines": 23, "num_statements": 23, "percent_covered": 100.0, "percent_covered_display": "100.00", "missing_lines": 0, "excluded_lines": 0}, "missing_lines": [], "excluded_lines": [], "functions": {"OneDimensionalCompositeDataset.__init__": {"executed_lines": [135, 138, 139, 145, 146, 149, 150, 151, 154, 155, 161], "summary": {"covered_lines": 11, "num_statements": 11, "percent_covered": 100.0, "percent_covered_display": "100.00", "missing_lines": 0, "excluded_lines": 0}, "missing_lines": [], "excluded_lines": []}, "OneDimensionalCompositeDataset.independent_variable_data": {"executed_lines": [178], "summary": {"covered_lines": 1, "num_statements": 1, "percent_covered": 100.0, "percent_covered_display": "100.00", "missing_lines": 0, "excluded_lines": 0}, "missing_lines": [], "excluded_lines": []}, "OneDimensionalCompositeDataset.dependent_variable_data_list": {"executed_lines": [206], "summary": {"covered_lines": 1, "num_statements": 1, "percent_covered": 100.0, "percent_covered_display": "100.00", "missing_lines": 0, "excluded_lines": 0}, "missing_lines": [], "excluded_lines": []}, "": {"executed_lines": [1, 8, 10, 12, 14, 17, 18, 108, 163, 164, 180, 181], "summary": {"covered_lines": 10, "num_statements": 10, "percent_covered": 100.0, "percent_covered_display": "100.00", "missing_lines": 0, "excluded_lines": 0}, "missing_lines": [], "excluded_lines": []}}, "classes": {"OneDimensionalCompositeDataset": {"executed_lines": [135, 138, 139, 145, 146, 149, 150, 151, 154, 155, 161, 178, 206], "summary": {"covered_lines": 13, "num_statements": 13, "percent_covered": 100.0, "percent_covered_display": "100.00", "missing_lines": 0, "excluded_lines": 0}, "missing_lines": [], "excluded_lines": []}, "": {"executed_lines": [1, 8, 10, 12, 14, 17, 18, 108, 163, 164, 180, 181], "summary": {"covered_lines": 10, "num_statements": 10, "percent_covered": 100.0, "percent_covered_display": "100.00", "missing_lines": 0, "excluded_lines": 0}, "missing_lines": [], "excluded_lines": []}}}, "quantiq/data/datasets/distribution.py": {"executed_lines": [1, 8, 10, 12, 14, 17, 18, 109, 135, 138, 139, 142, 143, 149, 150, 165, 167, 168, 185], "summary": {"covered_lines": 17, "num_statements": 17, "percent_covered": 100.0, "percent_covered_display": "100.00", "missing_lines": 0, "excluded_lines": 0}, "missing_lines": [], "excluded_lines": [], "functions": {"Distribution.__init__": {"executed_lines": [135, 138, 139, 142, 143], "summary": {"covered_lines": 5, "num_statements": 5, "percent_covered": 100.0, "percent_covered_display": "100.00", "missing_lines": 0, "excluded_lines": 0}, "missing_lines": [], "excluded_lines": []}, "Distribution.variable_data": {"executed_lines": [165], "summary": {"covered_lines": 1, "num_statements": 1, "percent_covered": 100.0, "percent_covered_display": "100.00", "missing_lines": 0, "excluded_lines": 0}, "missing_lines": [], "excluded_lines": []}, "Distribution.probability_density": {"executed_lines": [185], "summary": {"covered_lines": 1, "num_statements": 1, "percent_covered": 100.0, "percent_covered_display": "100.00", "missing_lines": 0, "excluded_lines": 0}, "missing_lines": [], "excluded_lines": []}, "": {"executed_lines": [1, 8, 10, 12, 14, 17, 18, 109, 149, 150, 167, 168], "summary": {"covered_lines": 10, "num_statements": 10, "percent_covered": 100.0, "percent_covered_display": "100.00", "missing_lines": 0, "excluded_lines": 0}, "missing_lines": [], "excluded_lines": []}}, "classes": {"Distribution": {"executed_lines": [135, 138, 139, 142, 143, 165, 185], "summary": {"covered_lines": 7, "num_statements": 7, "percent_covered": 100.0, "percent_covered_display": "100.00", "missing_lines": 0, "excluded_lines": 0}, "missing_lines": [], "excluded_lines": []}, "": {"executed_lines": [1, 8, 10, 12, 14, 17, 18, 109, 149, 150, 167, 168], "summary": {"covered_lines": 10, "num_statements": 10, "percent_covered": 100.0, "percent_covered_display": "100.00", "missing_lines": 0, "excluded_lines": 0}, "missing_lines": [], "excluded_lines": []}}}, "quantiq/data/datasets/histogram.py": {"executed_lines": [1, 8, 10, 12, 14, 17, 18, 94, 120, 123, 124, 127, 129, 130, 135, 136, 153, 155, 156, 173], "summary": {"covered_lines": 18, "num_statements": 18, "percent_covered": 100.0, "percent_covered_display": "100.00", "missing_lines": 0, "excluded_lines": 0}, "missing_lines": [], "excluded_lines": [], "functions": {"Histogram.__init__": {"executed_lines": [120, 123, 124, 127, 129, 130], "summary": {"covered_lines": 6, "num_statements": 6, "percent_covered": 100.0, "percent_covered_display": "100.00", "missing_lines": 0, "excluded_lines": 0}, "missing_lines": [], "excluded_lines": []}, "Histogram.bin_edges": {"executed_lines": [153], "summary": {"covered_lines": 1, "num_statements": 1, "percent_covered": 100.0, "percent_covered_display": "100.00", "missing_lines": 0, "excluded_lines": 0}, "missing_lines": [], "excluded_lines": []}, "Histogram.counts": {"executed_lines": [173], "summary": {"covered_lines": 1, "num_statements": 1, "percent_covered": 100.0, "percent_covered_display": "100.00", "missing_lines": 0, "excluded_lines": 0}, "missing_lines": [], "excluded_lines": []}, "": {"executed_lines": [1, 8, 10, 12, 14, 17, 18, 94, 135, 136, 155, 156], "summary": {"covered_lines": 10, "num_statements": 10, "percent_covered": 100.0, "percent_covered_display": "100.00", "missing_lines": 0, "excluded_lines": 0}, "missing_lines": [], "excluded_lines": []}}, "classes": {"Histogram": {"executed_lines": [120, 123, 124, 127, 129, 130, 153, 173], "summary": {"covered_lines": 8, "num_statements": 8, "percent_covered": 100.0, "percent_covered_display": "100.00", "missing_lines": 0, "excluded_lines": 0}, "missing_lines": [], "excluded_lines": []}, "": {"executed_lines": [1, 8, 10, 12, 14, 17, 18, 94, 135, 136, 155, 156], "summary": {"covered_lines": 10, "num_statements": 10, "percent_covered": 100.0, "percent_covered_display": "100.00", "missing_lines": 0, "excluded_lines": 0}, "missing_lines": [], "excluded_lines": []}}}, "quantiq/data/datasets/one_dimensional.py": {"executed_lines": [1, 8, 9, 11, 13, 15, 18, 19, 91, 117, 120, 121, 124, 125, 131, 132, 148, 150, 151, 167, 169, 242, 244, 245, 247, 250, 251, 253, 261, 264, 265, 266, 268, 273, 274, 277, 280, 281, 284, 287, 288, 290, 292, 297, 300, 303, 304, 306, 308, 310, 312, 313, 316, 317, 320, 321, 324, 338, 340, 343, 344, 345, 347, 348, 350, 351, 353, 354, 360, 365, 438, 503, 506, 509, 510, 513, 514, 515, 518, 519, 521, 523, 524, 525, 528, 532, 533, 535, 536, 544, 545, 548, 549, 552, 553, 556, 558, 560], "summary": {"covered_lines": 94, "num_statements": 117, "percent_covered": 80.34188034188034, "percent_covered_display": "80.34", "missing_lines": 23, "excluded_lines": 4}, "missing_lines": [328, 329, 331, 332, 333, 335, 407, 408, 413, 414, 417, 418, 422, 425, 427, 428, 429, 432, 435, 436, 527, 539, 541], "excluded_lines": [270, 355, 360, 430], "functions": {"OneDimensionalDataset.__init__": {"executed_lines": [117, 120, 121, 124, 125], "summary": {"covered_lines": 5, "num_statements": 5, "percent_covered": 100.0, "percent_covered_display": "100.00", "missing_lines": 0, "excluded_lines": 0}, "missing_lines": [], "excluded_lines": []}, "OneDimensionalDataset.independent_variable_data": {"executed_lines": [148], "summary": {"covered_lines": 1, "num_statements": 1, "percent_covered": 100.0, "percent_covered_display": "100.00", "missing_lines": 0, "excluded_lines": 0}, "missing_lines": [], "excluded_lines": []}, "OneDimensionalDataset.dependent_variable_data": {"executed_lines": [167], "summary": {"covered_lines": 1, "num_statements": 1, "percent_covered": 100.0, "percent_covered_display": "100.00", "missing_lines": 0, "excluded_lines": 0}, "missing_lines": [], "excluded_lines": []}, "OneDimensionalDataset.with_uncertainty": {"executed_lines": [242, 244, 245, 247, 250, 251, 253, 268, 273, 274, 277, 280, 281, 284, 287, 288, 290, 292, 297, 300, 303, 304, 306, 308, 310, 312, 313, 316, 317, 320, 321, 324, 338, 340, 343, 344, 345, 347, 348, 350, 351, 353, 354, 360], "summary": {"covered_lines": 42, "num_statements": 48, "percent_covered": 87.5, "percent_covered_display": "87.50", "missing_lines": 6, "excluded_lines": 2}, "missing_lines": [328, 329, 331, 332, 333, 335], "excluded_lines": [355, 360]}, "OneDimensionalDataset.with_uncertainty.SimpleNoiseModel.model": {"executed_lines": [261, 264, 265, 266], "summary": {"covered_lines": 4, "num_statements": 4, "percent_covered": 100.0, "percent_covered_display": "100.00", "missing_lines": 0, "excluded_lines": 0}, "missing_lines": [], "excluded_lines": []}, "OneDimensionalDataset.with_uncertainty.SimpleNoiseModel.predict": {"executed_lines": [], "summary": {"covered_lines": 0, "num_statements": 0, "percent_covered": 100.0, "percent_covered_display": "100.00", "missing_lines": 0, "excluded_lines": 1}, "missing_lines": [], "excluded_lines": [270]}, "OneDimensionalDataset.get_credible_intervals": {"executed_lines": [], "summary": {"covered_lines": 0, "num_statements": 14, "percent_covered": 0.0, "percent_covered_display": "0.00", "missing_lines": 14, "excluded_lines": 1}, "missing_lines": [407, 408, 413, 414, 417, 418, 422, 425, 427, 428, 429, 432, 435, 436], "excluded_lines": [430]}, "OneDimensionalDataset.visualize": {"executed_lines": [503, 506, 509, 510, 513, 514, 515, 518, 519, 521, 523, 524, 525, 528, 532, 533, 535, 536, 544, 545, 548, 549, 552, 553, 556, 558, 560], "summary": {"covered_lines": 27, "num_statements": 30, "percent_covered": 90.0, "percent_covered_display": "90.00", "missing_lines": 3, "excluded_lines": 0}, "missing_lines": [527, 539, 541], "excluded_lines": []}, "": {"executed_lines": [1, 8, 9, 11, 13, 15, 18, 19, 91, 131, 132, 150, 151, 169, 365, 438], "summary": {"covered_lines": 14, "num_statements": 14, "percent_covered": 100.0, "percent_covered_display": "100.00", "missing_lines": 0, "excluded_lines": 0}, "missing_lines": [], "excluded_lines": []}}, "classes": {"OneDimensionalDataset": {"executed_lines": [117, 120, 121, 124, 125, 148, 167, 242, 244, 245, 247, 250, 251, 253, 268, 273, 274, 277, 280, 281, 284, 287, 288, 290, 292, 297, 300, 303, 304, 306, 308, 310, 312, 313, 316, 317, 320, 321, 324, 338, 340, 343, 344, 345, 347, 348, 350, 351, 353, 354, 360, 503, 506, 509, 510, 513, 514, 515, 518, 519, 521, 523, 524, 525, 528, 532, 533, 535, 536, 544, 545, 548, 549, 552, 553, 556, 558, 560], "summary": {"covered_lines": 76, "num_statements": 99, "percent_covered": 76.76767676767676, "percent_covered_display": "76.77", "missing_lines": 23, "excluded_lines": 3}, "missing_lines": [328, 329, 331, 332, 333, 335, 407, 408, 413, 414, 417, 418, 422, 425, 427, 428, 429, 432, 435, 436, 527, 539, 541], "excluded_lines": [355, 360, 430]}, "OneDimensionalDataset.with_uncertainty.SimpleNoiseModel": {"executed_lines": [261, 264, 265, 266], "summary": {"covered_lines": 4, "num_statements": 4, "percent_covered": 100.0, "percent_covered_display": "100.00", "missing_lines": 0, "excluded_lines": 1}, "missing_lines": [], "excluded_lines": [270]}, "": {"executed_lines": [1, 8, 9, 11, 13, 15, 18, 19, 91, 131, 132, 150, 151, 169, 365, 438], "summary": {"covered_lines": 14, "num_statements": 14, "percent_covered": 100.0, "percent_covered_display": "100.00", "missing_lines": 0, "excluded_lines": 0}, "missing_lines": [], "excluded_lines": []}}}, "quantiq/data/datasets/three_dimensional.py": {"executed_lines": [1, 7, 9, 11, 13, 16, 17, 104, 136, 139, 140, 141, 142, 145, 151, 161, 162, 176, 178, 179, 193, 195, 196, 210, 212, 213, 230], "summary": {"covered_lines": 25, "num_statements": 26, "percent_covered": 96.15384615384616, "percent_covered_display": "96.15", "missing_lines": 1, "excluded_lines": 0}, "missing_lines": [152], "excluded_lines": [], "functions": {"ThreeDimensionalDataset.__init__": {"executed_lines": [136, 139, 140, 141, 142, 145, 151], "summary": {"covered_lines": 7, "num_statements": 8, "percent_covered": 87.5, "percent_covered_display": "87.50", "missing_lines": 1, "excluded_lines": 0}, "missing_lines": [152], "excluded_lines": []}, "ThreeDimensionalDataset.independent_variable_data_1": {"executed_lines": [176], "summary": {"covered_lines": 1, "num_statements": 1, "percent_covered": 100.0, "percent_covered_display": "100.00", "missing_lines": 0, "excluded_lines": 0}, "missing_lines": [], "excluded_lines": []}, "ThreeDimensionalDataset.independent_variable_data_2": {"executed_lines": [193], "summary": {"covered_lines": 1, "num_statements": 1, "percent_covered": 100.0, "percent_covered_display": "100.00", "missing_lines": 0, "excluded_lines": 0}, "missing_lines": [], "excluded_lines": []}, "ThreeDimensionalDataset.independent_variable_data_3": {"executed_lines": [210], "summary": {"covered_lines": 1, "num_statements": 1, "percent_covered": 100.0, "percent_covered_display": "100.00", "missing_lines": 0, "excluded_lines": 0}, "missing_lines": [], "excluded_lines": []}, "ThreeDimensionalDataset.dependent_variable_data": {"executed_lines": [230], "summary": {"covered_lines": 1, "num_statements": 1, "percent_covered": 100.0, "percent_covered_display": "100.00", "missing_lines": 0, "excluded_lines": 0}, "missing_lines": [], "excluded_lines": []}, "": {"executed_lines": [1, 7, 9, 11, 13, 16, 17, 104, 161, 162, 178, 179, 195, 196, 212, 213], "summary": {"covered_lines": 14, "num_statements": 14, "percent_covered": 100.0, "percent_covered_display": "100.00", "missing_lines": 0, "excluded_lines": 0}, "missing_lines": [], "excluded_lines": []}}, "classes": {"ThreeDimensionalDataset": {"executed_lines": [136, 139, 140, 141, 142, 145, 151, 176, 193, 210, 230], "summary": {"covered_lines": 11, "num_statements": 12, "percent_covered": 91.66666666666667, "percent_covered_display": "91.67", "missing_lines": 1, "excluded_lines": 0}, "missing_lines": [152], "excluded_lines": []}, "": {"executed_lines": [1, 7, 9, 11, 13, 16, 17, 104, 161, 162, 178, 179, 195, 196, 212, 213], "summary": {"covered_lines": 14, "num_statements": 14, "percent_covered": 100.0, "percent_covered_display": "100.00", "missing_lines": 0, "excluded_lines": 0}, "missing_lines": [], "excluded_lines": []}}}, "quantiq/data/datasets/two_dimensional.py": {"executed_lines": [1, 8, 10, 12, 14, 17, 18, 97, 126, 129, 130, 131, 134, 139, 140, 148, 149, 163, 165, 166, 180, 182, 183, 200], "summary": {"covered_lines": 22, "num_statements": 22, "percent_covered": 100.0, "percent_covered_display": "100.00", "missing_lines": 0, "excluded_lines": 0}, "missing_lines": [], "excluded_lines": [], "functions": {"TwoDimensionalDataset.__init__": {"executed_lines": [126, 129, 130, 131, 134, 139, 140], "summary": {"covered_lines": 7, "num_statements": 7, "percent_covered": 100.0, "percent_covered_display": "100.00", "missing_lines": 0, "excluded_lines": 0}, "missing_lines": [], "excluded_lines": []}, "TwoDimensionalDataset.independent_variable_data_1": {"executed_lines": [163], "summary": {"covered_lines": 1, "num_statements": 1, "percent_covered": 100.0, "percent_covered_display": "100.00", "missing_lines": 0, "excluded_lines": 0}, "missing_lines": [], "excluded_lines": []}, "TwoDimensionalDataset.independent_variable_data_2": {"executed_lines": [180], "summary": {"covered_lines": 1, "num_statements": 1, "percent_covered": 100.0, "percent_covered_display": "100.00", "missing_lines": 0, "excluded_lines": 0}, "missing_lines": [], "excluded_lines": []}, "TwoDimensionalDataset.dependent_variable_data": {"executed_lines": [200], "summary": {"covered_lines": 1, "num_statements": 1, "percent_covered": 100.0, "percent_covered_display": "100.00", "missing_lines": 0, "excluded_lines": 0}, "missing_lines": [], "excluded_lines": []}, "": {"executed_lines": [1, 8, 10, 12, 14, 17, 18, 97, 148, 149, 165, 166, 182, 183], "summary": {"covered_lines": 12, "num_statements": 12, "percent_covered": 100.0, "percent_covered_display": "100.00", "missing_lines": 0, "excluded_lines": 0}, "missing_lines": [], "excluded_lines": []}}, "classes": {"TwoDimensionalDataset": {"executed_lines": [126, 129, 130, 131, 134, 139, 140, 163, 180, 200], "summary": {"covered_lines": 10, "num_statements": 10, "percent_covered": 100.0, "percent_covered_display": "100.00", "missing_lines": 0, "excluded_lines": 0}, "missing_lines": [], "excluded_lines": []}, "": {"executed_lines": [1, 8, 10, 12, 14, 17, 18, 97, 148, 149, 165, 166, 182, 183], "summary": {"covered_lines": 12, "num_statements": 12, "percent_covered": 100.0, "percent_covered_display": "100.00", "missing_lines": 0, "excluded_lines": 0}, "missing_lines": [], "excluded_lines": []}}}, "quantiq/data/datasets/zero_dimensional.py": {"executed_lines": [1, 8, 10, 12, 15, 16, 69, 87, 90, 92, 93, 113], "summary": {"covered_lines": 10, "num_statements": 10, "percent_covered": 100.0, "percent_covered_display": "100.00", "missing_lines": 0, "excluded_lines": 0}, "missing_lines": [], "excluded_lines": [], "functions": {"ZeroDimensionalDataset.__init__": {"executed_lines": [87, 90], "summary": {"covered_lines": 2, "num_statements": 2, "percent_covered": 100.0, "percent_covered_display": "100.00", "missing_lines": 0, "excluded_lines": 0}, "missing_lines": [], "excluded_lines": []}, "ZeroDimensionalDataset.value": {"executed_lines": [113], "summary": {"covered_lines": 1, "num_statements": 1, "percent_covered": 100.0, "percent_covered_display": "100.00", "missing_lines": 0, "excluded_lines": 0}, "missing_lines": [], "excluded_lines": []}, "": {"executed_lines": [1, 8, 10, 12, 15, 16, 69, 92, 93], "summary": {"covered_lines": 7, "num_statements": 7, "percent_covered": 100.0, "percent_covered_display": "100.00", "missing_lines": 0, "excluded_lines": 0}, "missing_lines": [], "excluded_lines": []}}, "classes": {"ZeroDimensionalDataset": {"executed_lines": [87, 90, 113], "summary": {"covered_lines": 3, "num_statements": 3, "percent_covered": 100.0, "percent_covered_display": "100.00", "missing_lines": 0, "excluded_lines": 0}, "missing_lines": [], "excluded_lines": []}, "": {"executed_lines": [1, 8, 10, 12, 15, 16, 69, 92, 93], "summary": {"covered_lines": 7, "num_statements": 7, "percent_covered": 100.0, "percent_covered_display": "100.00", "missing_lines": 0, "excluded_lines": 0}, "missing_lines": [], "excluded_lines": []}}}, "quantiq/data/metadata.py": {"executed_lines": [1, 18, 19, 20, 21, 24, 70, 71, 73, 74, 75, 76, 77, 80, 81, 82, 83, 84, 85, 86, 89, 90, 91, 94, 95, 99, 102, 148, 151, 167, 173, 174, 176, 179, 236, 237, 238, 239, 242, 243, 244, 245, 246, 247, 248, 253, 255, 256, 258, 261, 290, 291, 292, 293, 294, 295, 296, 297, 300, 333, 334, 336, 338, 340, 341, 342, 343, 347, 352, 353, 354, 355, 357, 360, 389, 390, 392, 393, 394, 395, 396, 398, 401, 439, 440, 441, 442, 443, 444, 445, 446, 447], "summary": {"covered_lines": 91, "num_statements": 93, "percent_covered": 97.84946236559139, "percent_covered_display": "97.85", "missing_lines": 2, "excluded_lines": 0}, "missing_lines": [92, 97], "excluded_lines": [], "functions": {"merge_metadata": {"executed_lines": [70, 71, 73, 74, 75, 76, 77, 80, 81, 82, 83, 84, 85, 86, 89, 90, 91, 94, 95, 99], "summary": {"covered_lines": 20, "num_statements": 22, "percent_covered": 90.9090909090909, "percent_covered_display": "90.91", "missing_lines": 2, "excluded_lines": 0}, "missing_lines": [92, 97], "excluded_lines": []}, "separate_conditions_details": {"executed_lines": [148, 151, 167, 173, 174, 176], "summary": {"covered_lines": 6, "num_statements": 6, "percent_covered": 100.0, "percent_covered_display": "100.00", "missing_lines": 0, "excluded_lines": 0}, "missing_lines": [], "excluded_lines": []}, "validate_metadata": {"executed_lines": [236, 237, 238, 239, 242, 243, 244, 245, 246, 247, 248, 253, 255, 256, 258], "summary": {"covered_lines": 15, "num_statements": 15, "percent_covered": 100.0, "percent_covered_display": "100.00", "missing_lines": 0, "excluded_lines": 0}, "missing_lines": [], "excluded_lines": []}, "parse_key_value_string": {"executed_lines": [290, 291, 292, 293, 294, 295, 296, 297], "summary": {"covered_lines": 8, "num_statements": 8, "percent_covered": 100.0, "percent_covered_display": "100.00", "missing_lines": 0, "excluded_lines": 0}, "missing_lines": [], "excluded_lines": []}, "extract_from_filename": {"executed_lines": [333, 334, 336, 338, 340, 341, 342, 343, 347, 352, 353, 354, 355, 357], "summary": {"covered_lines": 14, "num_statements": 14, "percent_covered": 100.0, "percent_covered_display": "100.00", "missing_lines": 0, "excluded_lines": 0}, "missing_lines": [], "excluded_lines": []}, "extract_from_path": {"executed_lines": [389, 390, 392, 393, 394, 395, 396, 398], "summary": {"covered_lines": 8, "num_statements": 8, "percent_covered": 100.0, "percent_covered_display": "100.00", "missing_lines": 0, "excluded_lines": 0}, "missing_lines": [], "excluded_lines": []}, "parse_header_metadata": {"executed_lines": [439, 440, 441, 442, 443, 444, 445, 446, 447], "summary": {"covered_lines": 9, "num_statements": 9, "percent_covered": 100.0, "percent_covered_display": "100.00", "missing_lines": 0, "excluded_lines": 0}, "missing_lines": [], "excluded_lines": []}, "": {"executed_lines": [1, 18, 19, 20, 21, 24, 102, 179, 261, 300, 360, 401], "summary": {"covered_lines": 11, "num_statements": 11, "percent_covered": 100.0, "percent_covered_display": "100.00", "missing_lines": 0, "excluded_lines": 0}, "missing_lines": [], "excluded_lines": []}}, "classes": {"": {"executed_lines": [1, 18, 19, 20, 21, 24, 70, 71, 73, 74, 75, 76, 77, 80, 81, 82, 83, 84, 85, 86, 89, 90, 91, 94, 95, 99, 102, 148, 151, 167, 173, 174, 176, 179, 236, 237, 238, 239, 242, 243, 244, 245, 246, 247, 248, 253, 255, 256, 258, 261, 290, 291, 292, 293, 294, 295, 296, 297, 300, 333, 334, 336, 338, 340, 341, 342, 343, 347, 352, 353, 354, 355, 357, 360, 389, 390, 392, 393, 394, 395, 396, 398, 401, 439, 440, 441, 442, 443, 444, 445, 446, 447], "summary": {"covered_lines": 91, "num_statements": 93, "percent_covered": 97.84946236559139, "percent_covered_display": "97.85", "missing_lines": 2, "excluded_lines": 0}, "missing_lines": [92, 97], "excluded_lines": []}}}, "quantiq/data/roi.py": {"executed_lines": [1, 12, 15, 16, 57, 73, 74, 76, 77, 79, 103, 105, 107, 110, 111, 155, 171, 172, 174, 175, 177, 179, 205, 206, 207, 208, 210, 212, 214, 216, 218, 220, 223], "summary": {"covered_lines": 26, "num_statements": 26, "percent_covered": 100.0, "percent_covered_display": "100.00", "missing_lines": 0, "excluded_lines": 6}, "missing_lines": [], "excluded_lines": [105, 106, 107, 218, 219, 220], "functions": {"LinearRegion.__init__": {"executed_lines": [73, 74, 76, 77], "summary": {"covered_lines": 4, "num_statements": 4, "percent_covered": 100.0, "percent_covered_display": "100.00", "missing_lines": 0, "excluded_lines": 0}, "missing_lines": [], "excluded_lines": []}, "LinearRegion.get_mask": {"executed_lines": [103], "summary": {"covered_lines": 1, "num_statements": 1, "percent_covered": 100.0, "percent_covered_display": "100.00", "missing_lines": 0, "excluded_lines": 0}, "missing_lines": [], "excluded_lines": []}, "LinearRegion.__repr__": {"executed_lines": [107], "summary": {"covered_lines": 0, "num_statements": 0, "percent_covered": 100.0, "percent_covered_display": "100.00", "missing_lines": 0, "excluded_lines": 2}, "missing_lines": [], "excluded_lines": [106, 107]}, "CompoundRegion.__init__": {"executed_lines": [171, 172, 174, 175, 177], "summary": {"covered_lines": 5, "num_statements": 5, "percent_covered": 100.0, "percent_covered_display": "100.00", "missing_lines": 0, "excluded_lines": 0}, "missing_lines": [], "excluded_lines": []}, "CompoundRegion.get_mask": {"executed_lines": [205, 206, 207, 208], "summary": {"covered_lines": 4, "num_statements": 4, "percent_covered": 100.0, "percent_covered_display": "100.00", "missing_lines": 0, "excluded_lines": 0}, "missing_lines": [], "excluded_lines": []}, "CompoundRegion.__len__": {"executed_lines": [212], "summary": {"covered_lines": 1, "num_statements": 1, "percent_covered": 100.0, "percent_covered_display": "100.00", "missing_lines": 0, "excluded_lines": 0}, "missing_lines": [], "excluded_lines": []}, "CompoundRegion.__getitem__": {"executed_lines": [216], "summary": {"covered_lines": 1, "num_statements": 1, "percent_covered": 100.0, "percent_covered_display": "100.00", "missing_lines": 0, "excluded_lines": 0}, "missing_lines": [], "excluded_lines": []}, "CompoundRegion.__repr__": {"executed_lines": [220], "summary": {"covered_lines": 0, "num_statements": 0, "percent_covered": 100.0, "percent_covered_display": "100.00", "missing_lines": 0, "excluded_lines": 2}, "missing_lines": [], "excluded_lines": [219, 220]}, "": {"executed_lines": [1, 12, 15, 16, 57, 79, 105, 110, 111, 155, 179, 210, 214, 218, 223], "summary": {"covered_lines": 10, "num_statements": 10, "percent_covered": 100.0, "percent_covered_display": "100.00", "missing_lines": 0, "excluded_lines": 2}, "missing_lines": [], "excluded_lines": [105, 218]}}, "classes": {"LinearRegion": {"executed_lines": [73, 74, 76, 77, 103, 107], "summary": {"covered_lines": 5, "num_statements": 5, "percent_covered": 100.0, "percent_covered_display": "100.00", "missing_lines": 0, "excluded_lines": 2}, "missing_lines": [], "excluded_lines": [106, 107]}, "CompoundRegion": {"executed_lines": [171, 172, 174, 175, 177, 205, 206, 207, 208, 212, 216, 220], "summary": {"covered_lines": 11, "num_statements": 11, "percent_covered": 100.0, "percent_covered_display": "100.00", "missing_lines": 0, "excluded_lines": 2}, "missing_lines": [], "excluded_lines": [219, 220]}, "": {"executed_lines": [1, 12, 15, 16, 57, 79, 105, 110, 111, 155, 179, 210, 214, 218, 223], "summary": {"covered_lines": 10, "num_statements": 10, "percent_covered": 100.0, "percent_covered_display": "100.00", "missing_lines": 0, "excluded_lines": 2}, "missing_lines": [], "excluded_lines": [105, 218]}}}, "quantiq/dataio/hierarchy.py": {"executed_lines": [1, 7, 9, 12, 63, 64, 67, 68, 69, 72, 73, 75, 77, 78, 79, 81, 83, 86, 87, 88, 89, 90, 92, 97, 99, 101, 103, 106, 147, 149, 151, 153, 154, 156, 158, 161, 185, 186, 189, 190, 191, 194, 195, 196, 197, 198, 199, 201, 202, 204], "summary": {"covered_lines": 49, "num_statements": 49, "percent_covered": 100.0, "percent_covered_display": "100.00", "missing_lines": 0, "excluded_lines": 0}, "missing_lines": [], "excluded_lines": [], "functions": {"build_hierarchy": {"executed_lines": [63, 64, 67, 68, 69, 72, 73, 75, 77, 78, 79, 81, 83, 86, 87, 88, 89, 90, 92, 97, 99, 101, 103], "summary": {"covered_lines": 23, "num_statements": 23, "percent_covered": 100.0, "percent_covered_display": "100.00", "missing_lines": 0, "excluded_lines": 0}, "missing_lines": [], "excluded_lines": []}, "group_by_conditions": {"executed_lines": [147, 149, 151, 153, 154, 156, 158], "summary": {"covered_lines": 7, "num_statements": 7, "percent_covered": 100.0, "percent_covered_display": "100.00", "missing_lines": 0, "excluded_lines": 0}, "missing_lines": [], "excluded_lines": []}, "identify_varying_conditions": {"executed_lines": [185, 186, 189, 190, 191, 194, 195, 196, 197, 198, 199, 201, 202, 204], "summary": {"covered_lines": 14, "num_statements": 14, "percent_covered": 100.0, "percent_covered_display": "100.00", "missing_lines": 0, "excluded_lines": 0}, "missing_lines": [], "excluded_lines": []}, "": {"executed_lines": [1, 7, 9, 12, 106, 161], "summary": {"covered_lines": 5, "num_statements": 5, "percent_covered": 100.0, "percent_covered_display": "100.00", "missing_lines": 0, "excluded_lines": 0}, "missing_lines": [], "excluded_lines": []}}, "classes": {"": {"executed_lines": [1, 7, 9, 12, 63, 64, 67, 68, 69, 72, 73, 75, 77, 78, 79, 81, 83, 86, 87, 88, 89, 90, 92, 97, 99, 101, 103, 106, 147, 149, 151, 153, 154, 156, 158, 161, 185, 186, 189, 190, 191, 194, 195, 196, 197, 198, 199, 201, 202, 204], "summary": {"covered_lines": 49, "num_statements": 49, "percent_covered": 100.0, "percent_covered_display": "100.00", "missing_lines": 0, "excluded_lines": 0}, "missing_lines": [], "excluded_lines": []}}}, "quantiq/dataio/readers/csv.py": {"executed_lines": [1, 7, 9, 11, 12, 13, 16, 17, 53, 58, 59, 61, 84, 86, 90, 91, 93, 94, 95, 96, 97, 98, 99, 101, 105, 108, 111, 116, 119, 122, 125, 127, 129, 147, 148, 149, 151, 154, 155, 158, 159, 163, 166, 169, 171, 196, 198, 201, 203, 209, 212, 213, 214, 215, 221, 223], "summary": {"covered_lines": 54, "num_statements": 61, "percent_covered": 88.52459016393442, "percent_covered_display": "88.52", "missing_lines": 7, "excluded_lines": 0}, "missing_lines": [87, 102, 160, 161, 164, 167, 199], "excluded_lines": [], "functions": {"GenericCSVReader.__init__": {"executed_lines": [58, 59], "summary": {"covered_lines": 2, "num_statements": 2, "percent_covered": 100.0, "percent_covered_display": "100.00", "missing_lines": 0, "excluded_lines": 0}, "missing_lines": [], "excluded_lines": []}, "GenericCSVReader.read": {"executed_lines": [84, 86, 90, 91, 93, 94, 95, 96, 97, 98, 99, 101, 105, 108, 111, 116, 119, 122, 125, 127], "summary": {"covered_lines": 20, "num_statements": 22, "percent_covered": 90.9090909090909, "percent_covered_display": "90.91", "missing_lines": 2, "excluded_lines": 0}, "missing_lines": [87, 102], "excluded_lines": []}, "GenericCSVReader._parse_data_lines": {"executed_lines": [147, 148, 149, 151, 154, 155, 158, 159, 163, 166, 169], "summary": {"covered_lines": 11, "num_statements": 15, "percent_covered": 73.33333333333333, "percent_covered_display": "73.33", "missing_lines": 4, "excluded_lines": 0}, "missing_lines": [160, 161, 164, 167], "excluded_lines": []}, "GenericCSVReader._create_datasets": {"executed_lines": [196, 198, 201, 203, 209, 212, 213, 214, 215, 221, 223], "summary": {"covered_lines": 11, "num_statements": 12, "percent_covered": 91.66666666666667, "percent_covered_display": "91.67", "missing_lines": 1, "excluded_lines": 0}, "missing_lines": [199], "excluded_lines": []}, "": {"executed_lines": [1, 7, 9, 11, 12, 13, 16, 17, 53, 61, 129, 171], "summary": {"covered_lines": 10, "num_statements": 10, "percent_covered": 100.0, "percent_covered_display": "100.00", "missing_lines": 0, "excluded_lines": 0}, "missing_lines": [], "excluded_lines": []}}, "classes": {"GenericCSVReader": {"executed_lines": [58, 59, 84, 86, 90, 91, 93, 94, 95, 96, 97, 98, 99, 101, 105, 108, 111, 116, 119, 122, 125, 127, 147, 148, 149, 151, 154, 155, 158, 159, 163, 166, 169, 196, 198, 201, 203, 209, 212, 213, 214, 215, 221, 223], "summary": {"covered_lines": 44, "num_statements": 51, "percent_covered": 86.27450980392157, "percent_covered_display": "86.27", "missing_lines": 7, "excluded_lines": 0}, "missing_lines": [87, 102, 160, 161, 164, 167, 199], "excluded_lines": []}, "": {"executed_lines": [1, 7, 9, 11, 12, 13, 16, 17, 53, 61, 129, 171], "summary": {"covered_lines": 10, "num_statements": 10, "percent_covered": 100.0, "percent_covered_display": "100.00", "missing_lines": 0, "excluded_lines": 0}, "missing_lines": [], "excluded_lines": []}}}, "quantiq/dataio/readers/txt.py": {"executed_lines": [1, 7, 10, 11, 44, 50], "summary": {"covered_lines": 4, "num_statements": 4, "percent_covered": 100.0, "percent_covered_display": "100.00", "missing_lines": 0, "excluded_lines": 0}, "missing_lines": [], "excluded_lines": [], "functions": {"GenericTXTReader.__init__": {"executed_lines": [50], "summary": {"covered_lines": 1, "num_statements": 1, "percent_covered": 100.0, "percent_covered_display": "100.00", "missing_lines": 0, "excluded_lines": 0}, "missing_lines": [], "excluded_lines": []}, "": {"executed_lines": [1, 7, 10, 11, 44], "summary": {"covered_lines": 3, "num_statements": 3, "percent_covered": 100.0, "percent_covered_display": "100.00", "missing_lines": 0, "excluded_lines": 0}, "missing_lines": [], "excluded_lines": []}}, "classes": {"GenericTXTReader": {"executed_lines": [50], "summary": {"covered_lines": 1, "num_statements": 1, "percent_covered": 100.0, "percent_covered_display": "100.00", "missing_lines": 0, "excluded_lines": 0}, "missing_lines": [], "excluded_lines": []}, "": {"executed_lines": [1, 7, 10, 11, 44], "summary": {"covered_lines": 3, "num_statements": 3, "percent_covered": 100.0, "percent_covered_display": "100.00", "missing_lines": 0, "excluded_lines": 0}, "missing_lines": [], "excluded_lines": []}}}, "quantiq/fitting/nlsq.py": {"executed_lines": [1, 12, 13, 15, 18, 86, 87, 90, 91, 92, 93, 94, 97, 116, 118, 121, 122, 123, 124, 127, 128, 129, 142, 144, 153, 184, 186, 187, 190, 191, 194, 196, 197, 199, 200, 201, 204, 205, 206, 207, 208, 209, 212, 213, 214, 216, 219], "summary": {"covered_lines": 46, "num_statements": 53, "percent_covered": 86.79245283018868, "percent_covered_display": "86.79", "missing_lines": 7, "excluded_lines": 0}, "missing_lines": [100, 101, 102, 105, 107, 130, 132], "excluded_lines": [], "functions": {"fit_curve": {"executed_lines": [86, 87, 90, 91, 92, 93, 94, 97, 116, 118, 121, 122, 123, 124, 127, 128, 129, 142, 144], "summary": {"covered_lines": 19, "num_statements": 26, "percent_covered": 73.07692307692308, "percent_covered_display": "73.08", "missing_lines": 7, "excluded_lines": 0}, "missing_lines": [100, 101, 102, 105, 107, 130, 132], "excluded_lines": []}, "estimate_initial_parameters": {"executed_lines": [184, 186, 187, 190, 191, 194, 196, 197, 199, 200, 201, 204, 205, 206, 207, 208, 209, 212, 213, 214, 216], "summary": {"covered_lines": 21, "num_statements": 21, "percent_covered": 100.0, "percent_covered_display": "100.00", "missing_lines": 0, "excluded_lines": 0}, "missing_lines": [], "excluded_lines": []}, "": {"executed_lines": [1, 12, 13, 15, 18, 153, 219], "summary": {"covered_lines": 6, "num_statements": 6, "percent_covered": 100.0, "percent_covered_display": "100.00", "missing_lines": 0, "excluded_lines": 0}, "missing_lines": [], "excluded_lines": []}}, "classes": {"": {"executed_lines": [1, 12, 13, 15, 18, 86, 87, 90, 91, 92, 93, 94, 97, 116, 118, 121, 122, 123, 124, 127, 128, 129, 142, 144, 153, 184, 186, 187, 190, 191, 194, 196, 197, 199, 200, 201, 204, 205, 206, 207, 208, 209, 212, 213, 214, 216, 219], "summary": {"covered_lines": 46, "num_statements": 53, "percent_covered": 86.79245283018868, "percent_covered_display": "86.79", "missing_lines": 7, "excluded_lines": 0}, "missing_lines": [100, 101, 102, 105, 107, 130, 132], "excluded_lines": []}}}, "quantiq/transform/base.py": {"executed_lines": [1, 19, 20, 21, 23, 24, 27, 30, 31, 70, 72, 73, 75, 76, 102, 144, 147, 150, 153, 154, 156, 158, 159, 181, 183, 184, 186, 187, 189, 194, 218, 219, 230, 232, 234, 258, 263, 312, 325, 326, 356, 380, 382, 383, 384, 387, 388, 408, 430, 432, 433, 436, 439, 440, 468, 490, 492, 496, 499, 500, 524, 553, 554, 584, 615], "summary": {"covered_lines": 56, "num_statements": 76, "percent_covered": 73.6842105263158, "percent_covered_display": "73.68", "missing_lines": 20, "excluded_lines": 26}, "missing_lines": [192, 297, 299, 300, 301, 302, 304, 307, 314, 320, 322, 493, 546, 548, 549, 550, 606, 608, 609, 612], "excluded_lines": [75, 76, 77, 78, 79, 80, 81, 82, 83, 84, 85, 86, 87, 88, 89, 90, 91, 92, 93, 94, 95, 96, 97, 98, 99, 100], "functions": {"Transform.__init__": {"executed_lines": [72, 73], "summary": {"covered_lines": 2, "num_statements": 2, "percent_covered": 100.0, "percent_covered_display": "100.00", "missing_lines": 0, "excluded_lines": 0}, "missing_lines": [], "excluded_lines": []}, "Transform._apply": {"executed_lines": [], "summary": {"covered_lines": 0, "num_statements": 0, "percent_covered": 100.0, "percent_covered_display": "100.00", "missing_lines": 0, "excluded_lines": 24}, "missing_lines": [], "excluded_lines": [77, 78, 79, 80, 81, 82, 83, 84, 85, 86, 87, 88, 89, 90, 91, 92, 93, 94, 95, 96, 97, 98, 99, 100]}, "Transform.apply_to": {"executed_lines": [144, 147, 150, 153, 154, 156], "summary": {"covered_lines": 6, "num_statements": 6, "percent_covered": 100.0, "percent_covered_display": "100.00", "missing_lines": 0, "excluded_lines": 0}, "missing_lines": [], "excluded_lines": []}, "Transform._copy_tree": {"executed_lines": [181, 183, 184, 186, 187, 189], "summary": {"covered_lines": 6, "num_statements": 7, "percent_covered": 85.71428571428571, "percent_covered_display": "85.71", "missing_lines": 1, "excluded_lines": 0}, "missing_lines": [192], "excluded_lines": []}, "Transform._propagate_uncertainty": {"executed_lines": [218, 219, 230, 232], "summary": {"covered_lines": 4, "num_statements": 4, "percent_covered": 100.0, "percent_covered_display": "100.00", "missing_lines": 0, "excluded_lines": 0}, "missing_lines": [], "excluded_lines": []}, "Transform.__call__": {"executed_lines": [258], "summary": {"covered_lines": 1, "num_statements": 1, "percent_covered": 100.0, "percent_covered_display": "100.00", "missing_lines": 0, "excluded_lines": 0}, "missing_lines": [], "excluded_lines": []}, "jit_transform": {"executed_lines": [], "summary": {"covered_lines": 0, "num_statements": 7, "percent_covered": 0.0, "percent_covered_display": "0.00", "missing_lines": 7, "excluded_lines": 0}, "missing_lines": [297, 299, 300, 301, 302, 304, 307], "excluded_lines": []}, "_get_collection_types": {"executed_lines": [], "summary": {"covered_lines": 0, "num_statements": 3, "percent_covered": 0.0, "percent_covered_display": "0.00", "missing_lines": 3, "excluded_lines": 0}, "missing_lines": [314, 320, 322], "excluded_lines": []}, "DatasetTransform.apply_to": {"executed_lines": [380, 382, 383, 384], "summary": {"covered_lines": 4, "num_statements": 4, "percent_covered": 100.0, "percent_covered_display": "100.00", "missing_lines": 0, "excluded_lines": 0}, "missing_lines": [], "excluded_lines": []}, "MeasurementTransform.apply_to": {"executed_lines": [430, 432, 433, 436], "summary": {"covered_lines": 4, "num_statements": 4, "percent_covered": 100.0, "percent_covered_display": "100.00", "missing_lines": 0, "excluded_lines"
[...]
12, "num_statements": 12, "percent_covered": 100.0, "percent_covered_display": "100.00", "missing_lines": 0, "excluded_lines": 0}, "missing_lines": [], "excluded_lines": []}, "": {"executed_lines": [1, 8, 9, 10, 11, 14, 15, 67, 86, 87, 88, 92, 126, 127, 160, 175, 176, 177, 181, 213], "summary": {"covered_lines": 17, "num_statements": 17, "percent_covered": 100.0, "percent_covered_display": "100.00", "missing_lines": 0, "excluded_lines": 0}, "missing_lines": [], "excluded_lines": []}}}, "quantiq/transform/lambda_transform.py": {"executed_lines": [1, 15, 17, 18, 19, 20, 23, 24, 80, 113, 116, 117, 119, 122, 123, 125, 126, 127, 130, 131, 132, 133, 138, 140, 159, 163, 166, 167, 168, 170, 173, 175, 178, 179, 215, 217, 218, 220, 235, 238, 240, 258, 279, 280, 318, 329, 330, 331, 333, 347, 349, 350, 353, 354, 355, 357, 358, 360, 362, 378, 380, 381, 383, 386, 387, 430, 441, 442, 443, 445, 464, 466, 467, 468, 469, 470, 471, 473, 475, 477, 493, 494, 495, 496, 499], "summary": {"covered_lines": 80, "num_statements": 84, "percent_covered": 95.23809523809524, "percent_covered_display": "95.24", "missing_lines": 4, "excluded_lines": 2}, "missing_lines": [120, 134, 136, 160], "excluded_lines": [256, 276], "functions": {"LambdaTransform.__init__": {"executed_lines": [113, 116, 117, 119, 122, 123, 125, 126, 127, 130, 131, 132, 133, 138], "summary": {"covered_lines": 14, "num_statements": 17, "percent_covered": 82.3529411764706, "percent_covered_display": "82.35", "missing_lines": 3, "excluded_lines": 0}, "missing_lines": [120, 134, 136], "excluded_lines": []}, "LambdaTransform._apply": {"executed_lines": [159, 163, 166, 167, 168, 170, 173, 175], "summary": {"covered_lines": 8, "num_statements": 9, "percent_covered": 88.88888888888889, "percent_covered_display": "88.89", "missing_lines": 1, "excluded_lines": 0}, "missing_lines": [160], "excluded_lines": []}, "DynamicTransform.__init__": {"executed_lines": [217, 218], "summary": {"covered_lines": 2, "num_statements": 2, "percent_covered": 100.0, "percent_covered_display": "100.00", "missing_lines": 0, "excluded_lines": 0}, "missing_lines": [], "excluded_lines": []}, "DynamicTransform._apply": {"executed_lines": [235, 238], "summary": {"covered_lines": 2, "num_statements": 2, "percent_covered": 100.0, "percent_covered_display": "100.00", "missing_lines": 0, "excluded_lines": 0}, "missing_lines": [], "excluded_lines": []}, "DynamicTransform._compute_parameters": {"executed_lines": [], "summary": {"covered_lines": 0, "num_statements": 0, "percent_covered": 100.0, "percent_covered_display": "100.00", "missing_lines": 0, "excluded_lines": 1}, "missing_lines": [], "excluded_lines": [256]}, "DynamicTransform._apply_with_parameters": {"executed_lines": [], "summary": {"covered_lines": 0, "num_statements": 0, "percent_covered": 100.0, "percent_covered_display": "100.00", "missing_lines": 0, "excluded_lines": 1}, "missing_lines": [], "excluded_lines": [276]}, "AutoScaleTransform.__init__": {"executed_lines": [329, 330, 331], "summary": {"covered_lines": 3, "num_statements": 3, "percent_covered": 100.0, "percent_covered_display": "100.00", "missing_lines": 0, "excluded_lines": 0}, "missing_lines": [], "excluded_lines": []}, "AutoScaleTransform._compute_parameters": {"executed_lines": [347, 349, 350, 353, 354, 355, 357, 358, 360], "summary": {"covered_lines": 9, "num_statements": 9, "percent_covered": 100.0, "percent_covered_display": "100.00", "missing_lines": 0, "excluded_lines": 0}, "missing_lines": [], "excluded_lines": []}, "AutoScaleTransform._apply_with_parameters": {"executed_lines": [378, 380, 381, 383], "summary": {"covered_lines": 4, "num_statements": 4, "percent_covered": 100.0, "percent_covered_display": "100.00", "missing_lines": 0, "excluded_lines": 0}, "missing_lines": [], "excluded_lines": []}, "AutoBaselineTransform.__init__": {"executed_lines": [441, 442, 443], "summary": {"covered_lines": 3, "num_statements": 3, "percent_covered": 100.0, "percent_covered_display": "100.00", "missing_lines": 0, "excluded_lines": 0}, "missing_lines": [], "excluded_lines": []}, "AutoBaselineTransform._compute_parameters": {"executed_lines": [464, 466, 467, 468, 469, 470, 471, 473, 475], "summary": {"covered_lines": 9, "num_statements": 9, "percent_covered": 100.0, "percent_covered_display": "100.00", "missing_lines": 0, "excluded_lines": 0}, "missing_lines": [], "excluded_lines": []}, "AutoBaselineTransform._apply_with_parameters": {"executed_lines": [493, 494, 495, 496], "summary": {"covered_lines": 4, "num_statements": 4, "percent_covered": 100.0, "percent_covered_display": "100.00", "missing_lines": 0, "excluded_lines": 0}, "missing_lines": [], "excluded_lines": []}, "": {"executed_lines": [1, 15, 17, 18, 19, 20, 23, 24, 80, 140, 178, 179, 215, 220, 240, 258, 279, 280, 318, 333, 362, 386, 387, 430, 445, 477, 499], "summary": {"covered_lines": 22, "num_statements": 22, "percent_covered": 100.0, "percent_covered_display": "100.00", "missing_lines": 0, "excluded_lines": 0}, "missing_lines": [], "excluded_lines": []}}, "classes": {"LambdaTransform": {"executed_lines": [113, 116, 117, 119, 122, 123, 125, 126, 127, 130, 131, 132, 133, 138, 159, 163, 166, 167, 168, 170, 173, 175], "summary": {"covered_lines": 22, "num_statements": 26, "percent_covered": 84.61538461538461, "percent_covered_display": "84.62", "missing_lines": 4, "excluded_lines": 0}, "missing_lines": [120, 134, 136, 160], "excluded_lines": []}, "DynamicTransform": {"executed_lines": [217, 218, 235, 238], "summary": {"covered_lines": 4, "num_statements": 4, "percent_covered": 100.0, "percent_covered_display": "100.00", "missing_lines": 0, "excluded_lines": 2}, "missing_lines": [], "excluded_lines": [256, 276]}, "AutoScaleTransform": {"executed_lines": [329, 330, 331, 347, 349, 350, 353, 354, 355, 357, 358, 360, 378, 380, 381, 383], "summary": {"covered_lines": 16, "num_statements": 16, "percent_covered": 100.0, "percent_covered_display": "100.00", "missing_lines": 0, "excluded_lines": 0}, "missing_lines": [], "excluded_lines": []}, "AutoBaselineTransform": {"executed_lines": [441, 442, 443, 464, 466, 467, 468, 469, 470, 471, 473, 475, 493, 494, 495, 496], "summary": {"covered_lines": 16, "num_statements": 16, "percent_covered": 100.0, "percent_covered_display": "100.00", "missing_lines": 0, "excluded_lines": 0}, "missing_lines": [], "excluded_lines": []}, "": {"executed_lines": [1, 15, 17, 18, 19, 20, 23, 24, 80, 140, 178, 179, 215, 220, 240, 258, 279, 280, 318, 333, 362, 386, 387, 430, 445, 477, 499], "summary": {"covered_lines": 22, "num_statements": 22, "percent_covered": 100.0, "percent_covered_display": "100.00", "missing_lines": 0, "excluded_lines": 0}, "missing_lines": [], "excluded_lines": []}}}, "quantiq/transform/measurement/filter.py": {"executed_lines": [1, 11, 13, 14, 15, 16, 17, 20, 21, 65, 78, 80, 81, 83, 84, 86, 87, 89, 91, 105, 107, 114, 115, 155, 164, 165, 166, 167, 169, 183, 185, 192, 193, 231, 240, 241, 242, 243, 245, 259, 261, 262, 264, 265, 267, 268, 269, 270, 272, 273, 279, 281, 286, 287, 325, 334, 335, 336, 337, 339, 354, 355, 357, 358, 359, 360, 363, 364, 365, 366, 368, 369, 371, 377, 391, 394, 397, 398, 399, 401, 402, 403, 404, 407, 409, 415, 417, 425], "summary": {"covered_lines": 83, "num_statements": 84, "percent_covered": 98.80952380952381, "percent_covered_display": "98.81", "missing_lines": 1, "excluded_lines": 0}, "missing_lines": [422], "excluded_lines": [], "functions": {"FilterDatasets.__init__": {"executed_lines": [78, 80, 81, 83, 84, 86, 87, 89], "summary": {"covered_lines": 8, "num_statements": 8, "percent_covered": 100.0, "percent_covered_display": "100.00", "missing_lines": 0, "excluded_lines": 0}, "missing_lines": [], "excluded_lines": []}, "FilterDatasets._apply": {"executed_lines": [105, 107], "summary": {"covered_lines": 2, "num_statements": 2, "percent_covered": 100.0, "percent_covered_display": "100.00", "missing_lines": 0, "excluded_lines": 0}, "missing_lines": [], "excluded_lines": []}, "FilterMeasurements.__init__": {"executed_lines": [164, 165, 166, 167], "summary": {"covered_lines": 4, "num_statements": 4, "percent_covered": 100.0, "percent_covered_display": "100.00", "missing_lines": 0, "excluded_lines": 0}, "missing_lines": [], "excluded_lines": []}, "FilterMeasurements._apply": {"executed_lines": [183, 185], "summary": {"covered_lines": 2, "num_statements": 2, "percent_covered": 100.0, "percent_covered_display": "100.00", "missing_lines": 0, "excluded_lines": 0}, "missing_lines": [], "excluded_lines": []}, "SplitByRegion.__init__": {"executed_lines": [240, 241, 242, 243], "summary": {"covered_lines": 4, "num_statements": 4, "percent_covered": 100.0, "percent_covered_display": "100.00", "missing_lines": 0, "excluded_lines": 0}, "missing_lines": [], "excluded_lines": []}, "SplitByRegion._apply": {"executed_lines": [259, 261, 262, 264, 265, 267, 268, 269, 270, 272, 273, 279, 281], "summary": {"covered_lines": 13, "num_statements": 13, "percent_covered": 100.0, "percent_covered_display": "100.00", "missing_lines": 0, "excluded_lines": 0}, "missing_lines": [], "excluded_lines": []}, "MergeReplicates.__init__": {"executed_lines": [334, 335, 336, 337], "summary": {"covered_lines": 4, "num_statements": 4, "percent_covered": 100.0, "percent_covered_display": "100.00", "missing_lines": 0, "excluded_lines": 0}, "missing_lines": [], "excluded_lines": []}, "MergeReplicates._apply": {"executed_lines": [354, 355, 357, 358, 359, 360, 363, 364, 365, 366, 368, 369, 371], "summary": {"covered_lines": 13, "num_statements": 13, "percent_covered": 100.0, "percent_covered_display": "100.00", "missing_lines": 0, "excluded_lines": 0}, "missing_lines": [], "excluded_lines": []}, "MergeReplicates._merge_group": {"executed_lines": [391, 394, 397, 398, 399, 401, 402, 403, 404, 407, 409, 415, 417], "summary": {"covered_lines": 13, "num_statements": 14, "percent_covered": 92.85714285714286, "percent_covered_display": "92.86", "missing_lines": 1, "excluded_lines": 0}, "missing_lines": [422], "excluded_lines": []}, "": {"executed_lines": [1, 11, 13, 14, 15, 16, 17, 20, 21, 65, 91, 114, 115, 155, 169, 192, 193, 231, 245, 286, 287, 325, 339, 377, 425], "summary": {"covered_lines": 20, "num_statements": 20, "percent_covered": 100.0, "percent_covered_display": "100.00", "missing_lines": 0, "excluded_lines": 0}, "missing_lines": [], "excluded_lines": []}}, "classes": {"FilterDatasets": {"executed_lines": [78, 80, 81, 83, 84, 86, 87, 89, 105, 107], "summary": {"covered_lines": 10, "num_statements": 10, "percent_covered": 100.0, "percent_covered_display": "100.00", "missing_lines": 0, "excluded_lines": 0}, "missing_lines": [], "excluded_lines": []}, "FilterMeasurements": {"executed_lines": [164, 165, 166, 167, 183, 185], "summary": {"covered_lines": 6, "num_statements": 6, "percent_covered": 100.0, "percent_covered_display": "100.00", "missing_lines": 0, "excluded_lines": 0}, "missing_lines": [], "excluded_lines": []}, "SplitByRegion": {"executed_lines": [240, 241, 242, 243, 259, 261, 262, 264, 265, 267, 268, 269, 270, 272, 273, 279, 281], "summary": {"covered_lines": 17, "num_statements": 17, "percent_covered": 100.0, "percent_covered_display": "100.00", "missing_lines": 0, "excluded_lines": 0}, "missing_lines": [], "excluded_lines": []}, "MergeReplicates": {"executed_lines": [334, 335, 336, 337, 354, 355, 357, 358, 359, 360, 363, 364, 365, 366, 368, 369, 371, 391, 394, 397, 398, 399, 401, 402, 403, 404, 407, 409, 415, 417], "summary": {"covered_lines": 30, "num_statements": 31, "percent_covered": 96.7741935483871, "percent_covered_display": "96.77", "missing_lines": 1, "excluded_lines": 0}, "missing_lines": [422], "excluded_lines": []}, "": {"executed_lines": [1, 11, 13, 14, 15, 16, 17, 20, 21, 65, 91, 114, 115, 155, 169, 192, 193, 231, 245, 286, 287, 325, 339, 377, 425], "summary": {"covered_lines": 20, "num_statements": 20, "percent_covered": 100.0, "percent_covered_display": "100.00", "missing_lines": 0, "excluded_lines": 0}, "missing_lines": [], "excluded_lines": []}}}, "quantiq/transform/pipeline.py": {"executed_lines": [1, 16, 17, 19, 21, 24, 25, 78, 87, 88, 89, 91, 116, 117, 119, 122, 124, 154, 156, 159, 164, 184, 186, 207, 213, 215, 217, 232, 234, 249, 251, 272, 273, 274, 276, 295, 296, 297, 299, 316, 334, 335, 376, 385, 386, 387, 388, 389, 390, 392, 420, 421, 424, 425, 426, 429, 431, 447, 449, 452, 454, 456, 477, 478, 504, 514, 515, 517, 534, 535, 536, 537, 540, 541, 543, 570, 575], "summary": {"covered_lines": 71, "num_statements": 90, "percent_covered": 78.88888888888889, "percent_covered_display": "78.89", "missing_lines": 19, "excluded_lines": 19}, "missing_lines": [209, 210, 214, 325, 326, 328, 329, 330, 331, 473, 474, 556, 558, 561, 562, 563, 564, 567, 568], "excluded_lines": [299, 300, 301, 302, 303, 304, 305, 306, 307, 308, 309, 310, 311, 312, 313, 314, 570, 571, 572], "functions": {"Pipeline.__init__": {"executed_lines": [87, 88, 89], "summary": {"covered_lines": 3, "num_statements": 3, "percent_covered": 100.0, "percent_covered_display": "100.00", "missing_lines": 0, "excluded_lines": 0}, "missing_lines": [], "excluded_lines": []}, "Pipeline._apply": {"executed_lines": [116, 117, 119, 122], "summary": {"covered_lines": 4, "num_statements": 4, "percent_covered": 100.0, "percent_covered_display": "100.00", "missing_lines": 0, "excluded_lines": 0}, "missing_lines": [], "excluded_lines": []}, "Pipeline.apply_to": {"executed_lines": [154, 156, 159], "summary": {"covered_lines": 3, "num_statements": 3, "percent_covered": 100.0, "percent_covered_display": "100.00", "missing_lines": 0, "excluded_lines": 0}, "missing_lines": [], "excluded_lines": []}, "Pipeline.__getitem__": {"executed_lines": [184], "summary": {"covered_lines": 1, "num_statements": 1, "percent_covered": 100.0, "percent_covered_display": "100.00", "missing_lines": 0, "excluded_lines": 0}, "missing_lines": [], "excluded_lines": []}, "Pipeline.__setitem__": {"executed_lines": [207, 213, 215], "summary": {"covered_lines": 3, "num_statements": 6, "percent_covered": 50.0, "percent_covered_display": "50.00", "missing_lines": 3, "excluded_lines": 0}, "missing_lines": [209, 210, 214], "excluded_lines": []}, "Pipeline.__delitem__": {"executed_lines": [232], "summary": {"covered_lines": 1, "num_statements": 1, "percent_covered": 100.0, "percent_covered_display": "100.00", "missing_lines": 0, "excluded_lines": 0}, "missing_lines": [], "excluded_lines": []}, "Pipeline.__len__": {"executed_lines": [249], "summary": {"covered_lines": 1, "num_statements": 1, "percent_covered": 100.0, "percent_covered_display": "100.00", "missing_lines": 0, "excluded_lines": 0}, "missing_lines": [], "excluded_lines": []}, "Pipeline.insert": {"executed_lines": [272, 273, 274], "summary": {"covered_lines": 3, "num_statements": 3, "percent_covered": 100.0, "percent_covered_display": "100.00", "missing_lines": 0, "excluded_lines": 0}, "missing_lines": [], "excluded_lines": []}, "Pipeline.append": {"executed_lines": [295, 296, 297], "summary": {"covered_lines": 3, "num_statements": 3, "percent_covered": 100.0, "percent_covered_display": "100.00", "missing_lines": 0, "excluded_lines": 0}, "missing_lines": [], "excluded_lines": []}, "Pipeline.__repr__": {"executed_lines": [], "summary": {"covered_lines": 0, "num_statements": 0, "percent_covered": 100.0, "percent_covered_display": "100.00", "missing_lines": 0, "excluded_lines": 15}, "missing_lines": [], "excluded_lines": [300, 301, 302, 303, 304, 305, 306, 307, 308, 309, 310, 311, 312, 313, 314]}, "Pipeline.__str__": {"executed_lines": [], "summary": {"covered_lines": 0, "num_statements": 6, "percent_covered": 0.0, "percent_covered_display": "0.00", "missing_lines": 6, "excluded_lines": 0}, "missing_lines": [325, 326, 328, 329, 330, 331], "excluded_lines": []}, "LazyPipeline.__init__": {"executed_lines": [385, 386, 387, 388, 389, 390], "summary": {"covered_lines": 6, "num_statements": 6, "percent_covered": 100.0, "percent_covered_display": "100.00", "missing_lines": 0, "excluded_lines": 0}, "missing_lines": [], "excluded_lines": []}, "LazyPipeline.apply_to": {"executed_lines": [420, 421, 424, 425, 426, 429], "summary": {"covered_lines": 6, "num_statements": 6, "percent_covered": 100.0, "percent_covered_display": "100.00", "missing_lines": 0, "excluded_lines": 0}, "missing_lines": [], "excluded_lines": []}, "LazyPipeline._compute": {"executed_lines": [447, 449, 452, 454], "summary": {"covered_lines": 4, "num_statements": 4, "percent_covered": 100.0, "percent_covered_display": "100.00", "missing_lines": 0, "excluded_lines": 0}, "missing_lines": [], "excluded_lines": []}, "LazyPipeline.invalidate_cache": {"executed_lines": [], "summary": {"covered_lines": 0, "num_statements": 2, "percent_covered": 0.0, "percent_covered_display": "0.00", "missing_lines": 2, "excluded_lines": 0}, "missing_lines": [473, 474], "excluded_lines": []}, "LazyResult.__init__": {"executed_lines": [514, 515], "summary": {"covered_lines": 2, "num_statements": 2, "percent_covered": 100.0, "percent_covered_display": "100.00", "missing_lines": 0, "excluded_lines": 0}, "missing_lines": [], "excluded_lines": []}, "LazyResult.__getattr__": {"executed_lines": [534, 535, 536, 537, 540, 541], "summary": {"covered_lines": 6, "num_statements": 6, "percent_covered": 100.0, "percent_covered_display": "100.00", "missing_lines": 0, "excluded_lines": 0}, "missing_lines": [], "excluded_lines": []}, "LazyResult.__setattr__": {"executed_lines": [], "summary": {"covered_lines": 0, "num_statements": 8, "percent_covered": 0.0, "percent_covered_display": "0.00", "missing_lines": 8, "excluded_lines": 0}, "missing_lines": [556, 558, 561, 562, 563, 564, 567, 568], "excluded_lines": []}, "LazyResult.__repr__": {"executed_lines": [], "summary": {"covered_lines": 0, "num_statements": 0, "percent_covered": 100.0, "percent_covered_display": "100.00", "missing_lines": 0, "excluded_lines": 2}, "missing_lines": [], "excluded_lines": [571, 572]}, "": {"executed_lines": [1, 16, 17, 19, 21, 24, 25, 78, 91, 124, 164, 186, 217, 234, 251, 276, 299, 316, 334, 335, 376, 392, 431, 456, 477, 478, 504, 517, 543, 570, 575], "summary": {"covered_lines": 25, "num_statements": 25, "percent_covered": 100.0, "percent_covered_display": "100.00", "missing_lines": 0, "excluded_lines": 2}, "missing_lines": [], "excluded_lines": [299, 570]}}, "classes": {"Pipeline": {"executed_lines": [87, 88, 89, 116, 117, 119, 122, 154, 156, 159, 184, 207, 213, 215, 232, 249, 272, 273, 274, 295, 296, 297], "summary": {"covered_lines": 22, "num_statements": 31, "percent_covered": 70.96774193548387, "percent_covered_display": "70.97", "missing_lines": 9, "excluded_lines": 15}, "missing_lines": [209, 210, 214, 325, 326, 328, 329, 330, 331], "excluded_lines": [300, 301, 302, 303, 304, 305, 306, 307, 308, 309, 310, 311, 312, 313, 314]}, "LazyPipeline": {"executed_lines": [385, 386, 387, 388, 389, 390, 420, 421, 424, 425, 426, 429, 447, 449, 452, 454], "summary": {"covered_lines": 16, "num_statements": 18, "percent_covered": 88.88888888888889, "percent_covered_display": "88.89", "missing_lines": 2, "excluded_lines": 0}, "missing_lines": [473, 474], "excluded_lines": []}, "LazyResult": {"executed_lines": [514, 515, 534, 535, 536, 537, 540, 541], "summary": {"covered_lines": 8, "num_statements": 16, "percent_covered": 50.0, "percent_covered_display": "50.00", "missing_lines": 8, "excluded_lines": 2}, "missing_lines": [556, 558, 561, 562, 563, 564, 567, 568], "excluded_lines": [571, 572]}, "": {"executed_lines": [1, 16, 17, 19, 21, 24, 25, 78, 91, 124, 164, 186, 217, 234, 251, 276, 299, 316, 334, 335, 376, 392, 431, 456, 477, 478, 504, 517, 543, 570, 575], "summary": {"covered_lines": 25, "num_statements": 25, "percent_covered": 100.0, "percent_covered_display": "100.00", "missing_lines": 0, "excluded_lines": 2}, "missing_lines": [], "excluded_lines": [299, 570]}}}}, "totals": {"covered_lines": 1339, "num_statements": 1594, "percent_covered": 84.00250941028858, "percent_covered_display": "84.00", "missing_lines": 255, "excluded_lines": 135}}
