{"meta": {"format": 3, "version": "7.11.0", "timestamp": "2025-10-19T20:52:29.870653", "branch_coverage": false, "show_contexts": false}, "files": {"quantiq/backend/operations.py": {"executed_lines": [1, 10, 11, 12, 14, 19, 40, 42, 47, 72, 75, 101, 104, 129, 134, 164, 165, 166, 167, 176, 179, 182, 248, 294, 330, 359, 386, 413], "summary": {"covered_lines": 27, "num_statements": 61, "percent_covered": 44.26229508196721, "percent_covered_display": "44.26", "missing_lines": 34, "excluded_lines": 2}, "missing_lines": [44, 170, 171, 172, 173, 177, 221, 222, 223, 226, 227, 229, 230, 233, 234, 235, 236, 245, 280, 281, 282, 284, 289, 320, 321, 322, 323, 325, 327, 354, 380, 381, 383, 409], "excluded_lines": [240, 285], "functions": {"copy": {"executed_lines": [40, 42], "summary": {"covered_lines": 2, "num_statements": 3, "percent_covered": 66.66666666666667, "percent_covered_display": "66.67", "missing_lines": 1, "excluded_lines": 0}, "missing_lines": [44], "excluded_lines": []}, "concatenate": {"executed_lines": [72], "summary": {"covered_lines": 1, "num_statements": 1, "percent_covered": 100.0, "percent_covered_display": "100.00", "missing_lines": 0, "excluded_lines": 0}, "missing_lines": [], "excluded_lines": []}, "stack": {"executed_lines": [101], "summary": {"covered_lines": 1, "num_statements": 1, "percent_covered": 100.0, "percent_covered_display": "100.00", "missing_lines": 0, "excluded_lines": 0}, "missing_lines": [], "excluded_lines": []}, "reshape": {"executed_lines": [129], "summary": {"covered_lines": 1, "num_statements": 1, "percent_covered": 100.0, "percent_covered_display": "100.00", "missing_lines": 0, "excluded_lines": 0}, "missing_lines": [], "excluded_lines": []}, "jit": {"executed_lines": [164, 176, 179], "summary": {"covered_lines": 3, "num_statements": 4, "percent_covered": 75.0, "percent_covered_display": "75.00", "missing_lines": 1, "excluded_lines": 0}, "missing_lines": [177], "excluded_lines": []}, "jit.decorator": {"executed_lines": [165, 166, 167], "summary": {"covered_lines": 3, "num_statements": 7, "percent_covered": 42.857142857142854, "percent_covered_display": "42.86", "missing_lines": 4, "excluded_lines": 0}, "missing_lines": [170, 171, 172, 173], "excluded_lines": []}, "vmap": {"executed_lines": [], "summary": {"covered_lines": 0, "num_statements": 12, "percent_covered": 0.0, "percent_covered_display": "0.00", "missing_lines": 12, "excluded_lines": 1}, "missing_lines": [221, 222, 223, 226, 227, 229, 230, 233, 234, 235, 236, 245], "excluded_lines": [240]}, "grad": {"executed_lines": [], "summary": {"covered_lines": 0, "num_statements": 5, "percent_covered": 0.0, "percent_covered_display": "0.00", "missing_lines": 5, "excluded_lines": 1}, "missing_lines": [280, 281, 282, 284, 289], "excluded_lines": [285]}, "device_put": {"executed_lines": [], "summary": {"covered_lines": 0, "num_statements": 6, "percent_covered": 0.0, "percent_covered_display": "0.00", "missing_lines": 6, "excluded_lines": 0}, "missing_lines": [320, 321, 322, 323, 325, 327], "excluded_lines": []}, "device_get": {"executed_lines": [], "summary": {"covered_lines": 0, "num_statements": 1, "percent_covered": 0.0, "percent_covered_display": "0.00", "missing_lines": 1, "excluded_lines": 0}, "missing_lines": [354], "excluded_lines": []}, "ensure_array": {"executed_lines": [], "summary": {"covered_lines": 0, "num_statements": 3, "percent_covered": 0.0, "percent_covered_display": "0.00", "missing_lines": 3, "excluded_lines": 0}, "missing_lines": [380, 381, 383], "excluded_lines": []}, "astype": {"executed_lines": [], "summary": {"covered_lines": 0, "num_statements": 1, "percent_covered": 0.0, "percent_covered_display": "0.00", "missing_lines": 1, "excluded_lines": 0}, "missing_lines": [409], "excluded_lines": []}, "": {"executed_lines": [1, 10, 11, 12, 14, 19, 47, 75, 104, 134, 182, 248, 294, 330, 359, 386, 413], "summary": {"covered_lines": 16, "num_statements": 16, "percent_covered": 100.0, "percent_covered_display": "100.00", "missing_lines": 0, "excluded_lines": 0}, "missing_lines": [], "excluded_lines": []}}, "classes": {"": {"executed_lines": [1, 10, 11, 12, 14, 19, 40, 42, 47, 72, 75, 101, 104, 129, 134, 164, 165, 166, 167, 176, 179, 182, 248, 294, 330, 359, 386, 413], "summary": {"covered_lines": 27, "num_statements": 61, "percent_covered": 44.26229508196721, "percent_covered_display": "44.26", "missing_lines": 34, "excluded_lines": 2}, "missing_lines": [44, 170, 171, 172, 173, 177, 221, 222, 223, 226, 227, 229, 230, 233, 234, 235, 236, 245, 280, 281, 282, 284, 289, 320, 321, 322, 323, 325, 327, 354, 380, 381, 383, 409], "excluded_lines": [240, 285]}}}, "quantiq/bayesian/base.py": {"executed_lines": [1, 8, 9, 10, 11, 12, 14, 15, 16, 19, 20, 99, 120, 121, 122, 123, 126, 127, 129, 130, 166, 206, 210, 213, 214, 222, 223, 226, 228, 230, 231, 273, 274, 293, 295, 347, 348, 350, 351, 353, 355, 357, 358, 359, 370, 372], "summary": {"covered_lines": 40, "num_statements": 51, "percent_covered": 78.43137254901961, "percent_covered_display": "78.43", "missing_lines": 11, "excluded_lines": 78}, "missing_lines": [360, 364, 365, 366, 368, 398, 399, 401, 402, 403, 411], "excluded_lines": [129, 130, 131, 132, 133, 134, 135, 136, 137, 138, 139, 140, 141, 142, 143, 144, 145, 146, 147, 148, 149, 150, 151, 152, 153, 154, 155, 156, 157, 158, 159, 160, 161, 162, 163, 164, 230, 231, 232, 233, 234, 235, 236, 237, 238, 239, 240, 241, 242, 243, 244, 245, 246, 247, 248, 249, 250, 251, 252, 253, 254, 255, 256, 257, 258, 259, 260, 261, 262, 263, 264, 265, 266, 267, 268, 269, 270, 271], "functions": {"BayesianModel.__init__": {"executed_lines": [120, 121, 122, 123, 126, 127], "summary": {"covered_lines": 6, "num_statements": 6, "percent_covered": 100.0, "percent_covered_display": "100.00", "missing_lines": 0, "excluded_lines": 0}, "missing_lines": [], "excluded_lines": []}, "BayesianModel.model": {"executed_lines": [], "summary": {"covered_lines": 0, "num_statements": 0, "percent_covered": 100.0, "percent_covered_display": "100.00", "missing_lines": 0, "excluded_lines": 34}, "missing_lines": [], "excluded_lines": [131, 132, 133, 134, 135, 136, 137, 138, 139, 140, 141, 142, 143, 144, 145, 146, 147, 148, 149, 150, 151, 152, 153, 154, 155, 156, 157, 158, 159, 160, 161, 162, 163, 164]}, "BayesianModel.fit": {"executed_lines": [206, 210, 213, 214, 222, 223, 226, 228], "summary": {"covered_lines": 8, "num_statements": 8, "percent_covered": 100.0, "percent_covered_display": "100.00", "missing_lines": 0, "excluded_lines": 0}, "missing_lines": [], "excluded_lines": []}, "BayesianModel.predict": {"executed_lines": [], "summary": {"covered_lines": 0, "num_statements": 0, "percent_covered": 100.0, "percent_covered_display": "100.00", "missing_lines": 0, "excluded_lines": 38}, "missing_lines": [], "excluded_lines": [234, 235, 236, 237, 238, 239, 240, 241, 242, 243, 244, 245, 246, 247, 248, 249, 250, 251, 252, 253, 254, 255, 256, 257, 258, 259, 260, 261, 262, 263, 264, 265, 266, 267, 268, 269, 270, 271]}, "BayesianModel.samples": {"executed_lines": [293], "summary": {"covered_lines": 1, "num_statements": 1, "percent_covered": 100.0, "percent_covered_display": "100.00", "missing_lines": 0, "excluded_lines": 0}, "missing_lines": [], "excluded_lines": []}, "BayesianModel.get_credible_intervals": {"executed_lines": [347, 348, 350, 351, 353, 355, 357, 358, 359, 370], "summary": {"covered_lines": 10, "num_statements": 15, "percent_covered": 66.66666666666667, "percent_covered_display": "66.67", "missing_lines": 5, "excluded_lines": 0}, "missing_lines": [360, 364, 365, 366, 368], "excluded_lines": []}, "BayesianModel.summary": {"executed_lines": [], "summary": {"covered_lines": 0, "num_statements": 6, "percent_covered": 0.0, "percent_covered_display": "0.00", "missing_lines": 6, "excluded_lines": 0}, "missing_lines": [398, 399, 401, 402, 403, 411], "excluded_lines": []}, "": {"executed_lines": [1, 8, 9, 10, 11, 12, 14, 15, 16, 19, 20, 99, 129, 130, 166, 230, 231, 273, 274, 295, 372], "summary": {"covered_lines": 15, "num_statements": 15, "percent_covered": 100.0, "percent_covered_display": "100.00", "missing_lines": 0, "excluded_lines": 6}, "missing_lines": [], "excluded_lines": [129, 130, 230, 231, 232, 233]}}, "classes": {"BayesianModel": {"executed_lines": [120, 121, 122, 123, 126, 127, 206, 210, 213, 214, 222, 223, 226, 228, 293, 347, 348, 350, 351, 353, 355, 357, 358, 359, 370], "summary": {"covered_lines": 25, "num_statements": 36, "percent_covered": 69.44444444444444, "percent_covered_display": "69.44", "missing_lines": 11, "excluded_lines": 72}, "missing_lines": [360, 364, 365, 366, 368, 398, 399, 401, 402, 403, 411], "excluded_lines": [131, 132, 133, 134, 135, 136, 137, 138, 139, 140, 141, 142, 143, 144, 145, 146, 147, 148, 149, 150, 151, 152, 153, 154, 155, 156, 157, 158, 159, 160, 161, 162, 163, 164, 234, 235, 236, 237, 238, 239, 240, 241, 242, 243, 244, 245, 246, 247, 248, 249, 250, 251, 252, 253, 254, 255, 256, 257, 258, 259, 260, 261, 262, 263, 264, 265, 266, 267, 268, 269, 270, 271]}, "": {"executed_lines": [1, 8, 9, 10, 11, 12, 14, 15, 16, 19, 20, 99, 129, 130, 166, 230, 231, 273, 274, 295, 372], "summary": {"covered_lines": 15, "num_statements": 15, "percent_covered": 100.0, "percent_covered_display": "100.00", "missing_lines": 0, "excluded_lines": 6}, "missing_lines": [], "excluded_lines": [129, 130, 230, 231, 232, 233]}}}, "quantiq/bayesian/models/arrhenius.py": {"executed_lines": [1, 8, 9, 10, 12, 13, 15, 18, 19, 108, 110, 128, 129, 130, 135, 139, 143, 144, 147, 150, 153, 154, 156, 194, 198, 201, 202, 205, 210, 211, 212, 213, 215], "summary": {"covered_lines": 31, "num_statements": 33, "percent_covered": 93.93939393939394, "percent_covered_display": "93.94", "missing_lines": 2, "excluded_lines": 0}, "missing_lines": [146, 195], "excluded_lines": [], "functions": {"ArrheniusModel.model": {"executed_lines": [128, 129, 130, 135, 139, 143, 144, 147, 150, 153, 154], "summary": {"covered_lines": 11, "num_statements": 12, "percent_covered": 91.66666666666667, "percent_covered_display": "91.67", "missing_lines": 1, "excluded_lines": 0}, "missing_lines": [146], "excluded_lines": []}, "ArrheniusModel.predict": {"executed_lines": [194, 198, 201, 202, 205, 210, 211, 212, 213, 215], "summary": {"covered_lines": 10, "num_statements": 11, "percent_covered": 90.9090909090909, "percent_covered_display": "90.91", "missing_lines": 1, "excluded_lines": 0}, "missing_lines": [195], "excluded_lines": []}, "": {"executed_lines": [1, 8, 9, 10, 12, 13, 15, 18, 19, 108, 110, 156], "summary": {"covered_lines": 10, "num_statements": 10, "percent_covered": 100.0, "percent_covered_display": "100.00", "missing_lines": 0, "excluded_lines": 0}, "missing_lines": [], "excluded_lines": []}}, "classes": {"ArrheniusModel": {"executed_lines": [128, 129, 130, 135, 139, 143, 144, 147, 150, 153, 154, 194, 198, 201, 202, 205, 210, 211, 212, 213, 215], "summary": {"covered_lines": 21, "num_statements": 23, "percent_covered": 91.30434782608695, "percent_covered_display": "91.30", "missing_lines": 2, "excluded_lines": 0}, "missing_lines": [146, 195], "excluded_lines": []}, "": {"executed_lines": [1, 8, 9, 10, 12, 13, 15, 18, 19, 108, 110, 156], "summary": {"covered_lines": 10, "num_statements": 10, "percent_covered": 100.0, "percent_covered_display": "100.00", "missing_lines": 0, "excluded_lines": 0}, "missing_lines": [], "excluded_lines": []}}}, "quantiq/bayesian/models/carreau_yasuda.py": {"executed_lines": [1, 8, 9, 10, 12, 13, 15, 18, 19, 120, 138, 139, 140, 144, 147, 150, 154, 157, 160, 161, 164, 167, 172, 173, 175, 213, 217, 220, 221, 222, 223, 224, 228, 235, 236, 237, 238, 240], "summary": {"covered_lines": 36, "num_statements": 38, "percent_covered": 94.73684210526316, "percent_covered_display": "94.74", "missing_lines": 2, "excluded_lines": 0}, "missing_lines": [163, 214], "excluded_lines": [], "functions": {"CarreauYasudaModel.model": {"executed_lines": [138, 139, 140, 144, 147, 150, 154, 157, 160, 161, 164, 167, 172, 173], "summary": {"covered_lines": 14, "num_statements": 15, "percent_covered": 93.33333333333333, "percent_covered_display": "93.33", "missing_lines": 1, "excluded_lines": 0}, "missing_lines": [163], "excluded_lines": []}, "CarreauYasudaModel.predict": {"executed_lines": [213, 217, 220, 221, 222, 223, 224, 228, 235, 236, 237, 238, 240], "summary": {"covered_lines": 13, "num_statements": 14, "percent_covered": 92.85714285714286, "percent_covered_display": "92.86", "missing_lines": 1, "excluded_lines": 0}, "missing_lines": [214], "excluded_lines": []}, "": {"executed_lines": [1, 8, 9, 10, 12, 13, 15, 18, 19, 120, 175], "summary": {"covered_lines": 9, "num_statements": 9, "percent_covered": 100.0, "percent_covered_display": "100.00", "missing_lines": 0, "excluded_lines": 0}, "missing_lines": [], "excluded_lines": []}}, "classes": {"CarreauYasudaModel": {"executed_lines": [138, 139, 140, 144, 147, 150, 154, 157, 160, 161, 164, 167, 172, 173, 213, 217, 220, 221, 222, 223, 224, 228, 235, 236, 237, 238, 240], "summary": {"covered_lines": 27, "num_statements": 29, "percent_covered": 93.10344827586206, "percent_covered_display": "93.10", "missing_lines": 2, "excluded_lines": 0}, "missing_lines": [163, 214], "excluded_lines": []}, "": {"executed_lines": [1, 8, 9, 10, 12, 13, 15, 18, 19, 120, 175], "summary": {"covered_lines": 9, "num_statements": 9, "percent_covered": 100.0, "percent_covered_display": "100.00", "missing_lines": 0, "excluded_lines": 0}, "missing_lines": [], "excluded_lines": []}}}, "quantiq/bayesian/models/cross.py": {"executed_lines": [1, 8, 9, 10, 12, 13, 15, 18, 19, 109, 127, 128, 129, 133, 136, 139, 142, 145, 146, 149, 152, 155, 156, 158, 196, 200, 203, 204, 205, 206, 209, 214, 215, 216, 217, 219], "summary": {"covered_lines": 34, "num_statements": 36, "percent_covered": 94.44444444444444, "percent_covered_display": "94.44", "missing_lines": 2, "excluded_lines": 0}, "missing_lines": [148, 197], "excluded_lines": [], "functions": {"CrossModel.model": {"executed_lines": [127, 128, 129, 133, 136, 139, 142, 145, 146, 149, 152, 155, 156], "summary": {"covered_lines": 13, "num_statements": 14, "percent_covered": 92.85714285714286, "percent_covered_display": "92.86", "missing_lines": 1, "excluded_lines": 0}, "missing_lines": [148], "excluded_lines": []}, "CrossModel.predict": {"executed_lines": [196, 200, 203, 204, 205, 206, 209, 214, 215, 216, 217, 219], "summary": {"covered_lines": 12, "num_statements": 13, "percent_covered": 92.3076923076923, "percent_covered_display": "92.31", "missing_lines": 1, "excluded_lines": 0}, "missing_lines": [197], "excluded_lines": []}, "": {"executed_lines": [1, 8, 9, 10, 12, 13, 15, 18, 19, 109, 158], "summary": {"covered_lines": 9, "num_statements": 9, "percent_covered": 100.0, "percent_covered_display": "100.00", "missing_lines": 0, "excluded_lines": 0}, "missing_lines": [], "excluded_lines": []}}, "classes": {"CrossModel": {"executed_lines": [127, 128, 129, 133, 136, 139, 142, 145, 146, 149, 152, 155, 156, 196, 200, 203, 204, 205, 206, 209, 214, 215, 216, 217, 219], "summary": {"covered_lines": 25, "num_statements": 27, "percent_covered": 92.5925925925926, "percent_covered_display": "92.59", "missing_lines": 2, "excluded_lines": 0}, "missing_lines": [148, 197], "excluded_lines": []}, "": {"executed_lines": [1, 8, 9, 10, 12, 13, 15, 18, 19, 109, 158], "summary": {"covered_lines": 9, "num_statements": 9, "percent_covered": 100.0, "percent_covered_display": "100.00", "missing_lines": 0, "excluded_lines": 0}, "missing_lines": [], "excluded_lines": []}}}, "quantiq/bayesian/models/power_law.py": {"executed_lines": [1, 8, 9, 10, 12, 13, 15, 18, 19, 104, 122, 123, 124, 128, 131, 134, 137, 140, 141, 143, 185, 189, 192, 193, 197, 202, 203, 204, 205, 207], "summary": {"covered_lines": 28, "num_statements": 29, "percent_covered": 96.55172413793103, "percent_covered_display": "96.55", "missing_lines": 1, "excluded_lines": 0}, "missing_lines": [186], "excluded_lines": [], "functions": {"PowerLawModel.model": {"executed_lines": [122, 123, 124, 128, 131, 134, 137, 140, 141], "summary": {"covered_lines": 9, "num_statements": 9, "percent_covered": 100.0, "percent_covered_display": "100.00", "missing_lines": 0, "excluded_lines": 0}, "missing_lines": [], "excluded_lines": []}, "PowerLawModel.predict": {"executed_lines": [185, 189, 192, 193, 197, 202, 203, 204, 205, 207], "summary": {"covered_lines": 10, "num_statements": 11, "percent_covered": 90.9090909090909, "percent_covered_display": "90.91", "missing_lines": 1, "excluded_lines": 0}, "missing_lines": [186], "excluded_lines": []}, "": {"executed_lines": [1, 8, 9, 10, 12, 13, 15, 18, 19, 104, 143], "summary": {"covered_lines": 9, "num_statements": 9, "percent_covered": 100.0, "percent_covered_display": "100.00", "missing_lines": 0, "excluded_lines": 0}, "missing_lines": [], "excluded_lines": []}}, "classes": {"PowerLawModel": {"executed_lines": [122, 123, 124, 128, 131, 134, 137, 140, 141, 185, 189, 192, 193, 197, 202, 203, 204, 205, 207], "summary": {"covered_lines": 19, "num_statements": 20, "percent_covered": 95.0, "percent_covered_display": "95.00", "missing_lines": 1, "excluded_lines": 0}, "missing_lines": [186], "excluded_lines": []}, "": {"executed_lines": [1, 8, 9, 10, 12, 13, 15, 18, 19, 104, 143], "summary": {"covered_lines": 9, "num_statements": 9, "percent_covered": 100.0, "percent_covered_display": "100.00", "missing_lines": 0, "excluded_lines": 0}, "missing_lines": [], "excluded_lines": []}}}, "quantiq/data/collections/consistent_measurement_set.py": {"executed_lines": [1, 7, 8, 9, 12, 13, 90, 114, 115, 116, 117, 118, 119, 126, 128, 129, 154], "summary": {"covered_lines": 15, "num_statements": 15, "percent_covered": 100.0, "percent_covered_display": "100.00", "missing_lines": 0, "excluded_lines": 0}, "missing_lines": [], "excluded_lines": [], "functions": {"ConsistentMeasurementSet.__init__": {"executed_lines": [114, 115, 116, 117, 118, 119, 126], "summary": {"covered_lines": 7, "num_statements": 7, "percent_covered": 100.0, "percent_covered_display": "100.00", "missing_lines": 0, "excluded_lines": 0}, "missing_lines": [], "excluded_lines": []}, "ConsistentMeasurementSet._get_structure": {"executed_lines": [154], "summary": {"covered_lines": 1, "num_statements": 1, "percent_covered": 100.0, "percent_covered_display": "100.00", "missing_lines": 0, "excluded_lines": 0}, "missing_lines": [], "excluded_lines": []}, "": {"executed_lines": [1, 7, 8, 9, 12, 13, 90, 128, 129], "summary": {"covered_lines": 7, "num_statements": 7, "percent_covered": 100.0, "percent_covered_display": "100.00", "missing_lines": 0, "excluded_lines": 0}, "missing_lines": [], "excluded_lines": []}}, "classes": {"ConsistentMeasurementSet": {"executed_lines": [114, 115, 116, 117, 118, 119, 126, 154], "summary": {"covered_lines": 8, "num_statements": 8, "percent_covered": 100.0, "percent_covered_display": "100.00", "missing_lines": 0, "excluded_lines": 0}, "missing_lines": [], "excluded_lines": []}, "": {"executed_lines": [1, 7, 8, 9, 12, 13, 90, 128, 129], "summary": {"covered_lines": 7, "num_statements": 7, "percent_covered": 100.0, "percent_covered_display": "100.00", "missing_lines": 0, "excluded_lines": 0}, "missing_lines": [], "excluded_lines": []}}}, "quantiq/data/collections/experiment.py": {"executed_lines": [1, 7, 8, 11, 12, 102, 120, 121, 122, 124, 125, 139, 141, 142, 156, 158, 159, 173, 175, 189, 191, 207, 209, 230], "summary": {"covered_lines": 22, "num_statements": 22, "percent_covered": 100.0, "percent_covered_display": "100.00", "missing_lines": 0, "excluded_lines": 0}, "missing_lines": [], "excluded_lines": [], "functions": {"Experiment.__init__": {"executed_lines": [120, 121, 122], "summary": {"covered_lines": 3, "num_statements": 3, "percent_covered": 100.0, "percent_covered_display": "100.00", "missing_lines": 0, "excluded_lines": 0}, "missing_lines": [], "excluded_lines": []}, "Experiment.measurement_sets": {"executed_lines": [139], "summary": {"covered_lines": 1, "num_statements": 1, "percent_covered": 100.0, "percent_covered_display": "100.00", "missing_lines": 0, "excluded_lines": 0}, "missing_lines": [], "excluded_lines": []}, "Experiment.conditions": {"executed_lines": [156], "summary": {"covered_lines": 1, "num_statements": 1, "percent_covered": 100.0, "percent_covered_display": "100.00", "missing_lines": 0, "excluded_lines": 0}, "missing_lines": [], "excluded_lines": []}, "Experiment.details": {"executed_lines": [173], "summary": {"covered_lines": 1, "num_statements": 1, "percent_covered": 100.0, "percent_covered_display": "100.00", "missing_lines": 0, "excluded_lines": 0}, "missing_lines": [], "excluded_lines": []}, "Experiment.__len__": {"executed_lines": [189], "summary": {"covered_lines": 1, "num_statements": 1, "percent_covered": 100.0, "percent_covered_display": "100.00", "missing_lines": 0, "excluded_lines": 0}, "missing_lines": [], "excluded_lines": []}, "Experiment.__iter__": {"executed_lines": [207], "summary": {"covered_lines": 1, "num_statements": 1, "percent_covered": 100.0, "percent_covered_display": "100.00", "missing_lines": 0, "excluded_lines": 0}, "missing_lines": [], "excluded_lines": []}, "Experiment.__getitem__": {"executed_lines": [230], "summary": {"covered_lines": 1, "num_statements": 1, "percent_covered": 100.0, "percent_covered_display": "100.00", "missing_lines": 0, "excluded_lines": 0}, "missing_lines": [], "excluded_lines": []}, "": {"executed_lines": [1, 7, 8, 11, 12, 102, 124, 125, 141, 142, 158, 159, 175, 191, 209], "summary": {"covered_lines": 13, "num_statements": 13, "percent_covered": 100.0, "percent_covered_display": "100.00", "missing_lines": 0, "excluded_lines": 0}, "missing_lines": [], "excluded_lines": []}}, "classes": {"Experiment": {"executed_lines": [120, 121, 122, 139, 156, 173, 189, 207, 230], "summary": {"covered_lines": 9, "num_statements": 9, "percent_covered": 100.0, "percent_covered_display": "100.00", "missing_lines": 0, "excluded_lines": 0}, "missing_lines": [], "excluded_lines": []}, "": {"executed_lines": [1, 7, 8, 11, 12, 102, 124, 125, 141, 142, 158, 159, 175, 191, 209], "summary": {"covered_lines": 13, "num_statements": 13, "percent_covered": 100.0, "percent_covered_display": "100.00", "missing_lines": 0, "excluded_lines": 0}, "missing_lines": [], "excluded_lines": []}}}, "quantiq/data/collections/experiment_set.py": {"executed_lines": [1, 7, 8, 11, 12, 108, 126, 127, 128, 130, 131, 145, 147, 148, 162, 164, 165, 179, 181, 195, 197, 214, 216, 237, 239], "summary": {"covered_lines": 23, "num_statements": 29, "percent_covered": 79.3103448275862, "percent_covered_display": "79.31", "missing_lines": 6, "excluded_lines": 0}, "missing_lines": [272, 274, 276, 280, 281, 283], "excluded_lines": [], "functions": {"ExperimentSet.__init__": {"executed_lines": [126, 127, 128], "summary": {"covered_lines": 3, "num_statements": 3, "percent_covered": 100.0, "percent_covered_display": "100.00", "missing_lines": 0, "excluded_lines": 0}, "missing_lines": [], "excluded_lines": []}, "ExperimentSet.experiments": {"executed_lines": [145], "summary": {"covered_lines": 1, "num_statements": 1, "percent_covered": 100.0, "percent_covered_display": "100.00", "missing_lines": 0, "excluded_lines": 0}, "missing_lines": [], "excluded_lines": []}, "ExperimentSet.conditions": {"executed_lines": [162], "summary": {"covered_lines": 1, "num_statements": 1, "percent_covered": 100.0, "percent_covered_display": "100.00", "missing_lines": 0, "excluded_lines": 0}, "missing_lines": [], "excluded_lines": []}, "ExperimentSet.details": {"executed_lines": [179], "summary": {"covered_lines": 1, "num_statements": 1, "percent_covered": 100.0, "percent_covered_display": "100.00", "missing_lines": 0, "excluded_lines": 0}, "missing_lines": [], "excluded_lines": []}, "ExperimentSet.__len__": {"executed_lines": [195], "summary": {"covered_lines": 1, "num_statements": 1, "percent_covered": 100.0, "percent_covered_display": "100.00", "missing_lines": 0, "excluded_lines": 0}, "missing_lines": [], "excluded_lines": []}, "ExperimentSet.__iter__": {"executed_lines": [214], "summary": {"covered_lines": 1, "num_statements": 1, "percent_covered": 100.0, "percent_covered_display": "100.00", "missing_lines": 0, "excluded_lines": 0}, "missing_lines": [], "excluded_lines": []}, "ExperimentSet.__getitem__": {"executed_lines": [237], "summary": {"covered_lines": 1, "num_statements": 1, "percent_covered": 100.0, "percent_covered_display": "100.00", "missing_lines": 0, "excluded_lines": 0}, "missing_lines": [], "excluded_lines": []}, "ExperimentSet.get_experiment_by_condition": {"executed_lines": [], "summary": {"covered_lines": 0, "num_statements": 6, "percent_covered": 0.0, "percent_covered_display": "0.00", "missing_lines": 6, "excluded_lines": 0}, "missing_lines": [272, 274, 276, 280, 281, 283], "excluded_lines": []}, "": {"executed_lines": [1, 7, 8, 11, 12, 108, 130, 131, 147, 148, 164, 165, 181, 197, 216, 239], "summary": {"covered_lines": 14, "num_statements": 14, "percent_covered": 100.0, "percent_covered_display": "100.00", "missing_lines": 0, "excluded_lines": 0}, "missing_lines": [], "excluded_lines": []}}, "classes": {"ExperimentSet": {"executed_lines": [126, 127, 128, 145, 162, 179, 195, 214, 237], "summary": {"covered_lines": 9, "num_statements": 15, "percent_covered": 60.0, "percent_covered_display": "60.00", "missing_lines": 6, "excluded_lines": 0}, "missing_lines": [272, 274, 276, 280, 281, 283], "excluded_lines": []}, "": {"executed_lines": [1, 7, 8, 11, 12, 108, 130, 131, 147, 148, 164, 165, 181, 197, 216, 239], "summary": {"covered_lines": 14, "num_statements": 14, "percent_covered": 100.0, "percent_covered_display": "100.00", "missing_lines": 0, "excluded_lines": 0}, "missing_lines": [], "excluded_lines": []}}}, "quantiq/data/collections/measurement.py": {"executed_lines": [1, 7, 8, 11, 12, 76, 94, 95, 96, 98, 99, 115, 117, 118, 134, 136, 137, 153, 155, 169, 171, 187, 189, 210], "summary": {"covered_lines": 22, "num_statements": 22, "percent_covered": 100.0, "percent_covered_display": "100.00", "missing_lines": 0, "excluded_lines": 0}, "missing_lines": [], "excluded_lines": [], "functions": {"Measurement.__init__": {"executed_lines": [94, 95, 96], "summary": {"covered_lines": 3, "num_statements": 3, "percent_covered": 100.0, "percent_covered_display": "100.00", "missing_lines": 0, "excluded_lines": 0}, "missing_lines": [], "excluded_lines": []}, "Measurement.datasets": {"executed_lines": [115], "summary": {"covered_lines": 1, "num_statements": 1, "percent_covered": 100.0, "percent_covered_display": "100.00", "missing_lines": 0, "excluded_lines": 0}, "missing_lines": [], "excluded_lines": []}, "Measurement.conditions": {"executed_lines": [134], "summary": {"covered_lines": 1, "num_statements": 1, "percent_covered": 100.0, "percent_covered_display": "100.00", "missing_lines": 0, "excluded_lines": 0}, "missing_lines": [], "excluded_lines": []}, "Measurement.details": {"executed_lines": [153], "summary": {"covered_lines": 1, "num_statements": 1, "percent_covered": 100.0, "percent_covered_display": "100.00", "missing_lines": 0, "excluded_lines": 0}, "missing_lines": [], "excluded_lines": []}, "Measurement.__len__": {"executed_lines": [169], "summary": {"covered_lines": 1, "num_statements": 1, "percent_covered": 100.0, "percent_covered_display": "100.00", "missing_lines": 0, "excluded_lines": 0}, "missing_lines": [], "excluded_lines": []}, "Measurement.__iter__": {"executed_lines": [187], "summary": {"covered_lines": 1, "num_statements": 1, "percent_covered": 100.0, "percent_covered_display": "100.00", "missing_lines": 0, "excluded_lines": 0}, "missing_lines": [], "excluded_lines": []}, "Measurement.__getitem__": {"executed_lines": [210], "summary": {"covered_lines": 1, "num_statements": 1, "percent_covered": 100.0, "percent_covered_display": "100.00", "missing_lines": 0, "excluded_lines": 0}, "missing_lines": [], "excluded_lines": []}, "": {"executed_lines": [1, 7, 8, 11, 12, 76, 98, 99, 117, 118, 136, 137, 155, 171, 189], "summary": {"covered_lines": 13, "num_statements": 13, "percent_covered": 100.0, "percent_covered_display": "100.00", "missing_lines": 0, "excluded_lines": 0}, "missing_lines": [], "excluded_lines": []}}, "classes": {"Measurement": {"executed_lines": [94, 95, 96, 115, 134, 153, 169, 187, 210], "summary": {"covered_lines": 9, "num_statements": 9, "percent_covered": 100.0, "percent_covered_display": "100.00", "missing_lines": 0, "excluded_lines": 0}, "missing_lines": [], "excluded_lines": []}, "": {"executed_lines": [1, 7, 8, 11, 12, 76, 98, 99, 117, 118, 136, 137, 155, 171, 189], "summary": {"covered_lines": 13, "num_statements": 13, "percent_covered": 100.0, "percent_covered_display": "100.00", "missing_lines": 0, "excluded_lines": 0}, "missing_lines": [], "excluded_lines": []}}}, "quantiq/data/collections/measurement_set.py": {"executed_lines": [1, 7, 8, 11, 12, 88, 106, 107, 108, 110, 111, 127, 129, 130, 146, 148, 149, 165, 167, 181, 183, 200, 202, 223], "summary": {"covered_lines": 22, "num_statements": 22, "percent_covered": 100.0, "percent_covered_display": "100.00", "missing_lines": 0, "excluded_lines": 0}, "missing_lines": [], "excluded_lines": [], "functions": {"MeasurementSet.__init__": {"executed_lines": [106, 107, 108], "summary": {"covered_lines": 3, "num_statements": 3, "percent_covered": 100.0, "percent_covered_display": "100.00", "missing_lines": 0, "excluded_lines": 0}, "missing_lines": [], "excluded_lines": []}, "MeasurementSet.measurements": {"executed_lines": [127], "summary": {"covered_lines": 1, "num_statements": 1, "percent_covered": 100.0, "percent_covered_display": "100.00", "missing_lines": 0, "excluded_lines": 0}, "missing_lines": [], "excluded_lines": []}, "MeasurementSet.conditions": {"executed_lines": [146], "summary": {"covered_lines": 1, "num_statements": 1, "percent_covered": 100.0, "percent_covered_display": "100.00", "missing_lines": 0, "excluded_lines": 0}, "missing_lines": [], "excluded_lines": []}, "MeasurementSet.details": {"executed_lines": [165], "summary": {"covered_lines": 1, "num_statements": 1, "percent_covered": 100.0, "percent_covered_display": "100.00", "missing_lines": 0, "excluded_lines": 0}, "missing_lines": [], "excluded_lines": []}, "MeasurementSet.__len__": {"executed_lines": [181], "summary": {"covered_lines": 1, "num_statements": 1, "percent_covered": 100.0, "percent_covered_display": "100.00", "missing_lines": 0, "excluded_lines": 0}, "missing_lines": [], "excluded_lines": []}, "MeasurementSet.__iter__": {"executed_lines": [200], "summary": {"covered_lines": 1, "num_statements": 1, "percent_covered": 100.0, "percent_covered_display": "100.00", "missing_lines": 0, "excluded_lines": 0}, "missing_lines": [], "excluded_lines": []}, "MeasurementSet.__getitem__": {"executed_lines": [223], "summary": {"covered_lines": 1, "num_statements": 1, "percent_covered": 100.0, "percent_covered_display": "100.00", "missing_lines": 0, "excluded_lines": 0}, "missing_lines": [], "excluded_lines": []}, "": {"executed_lines": [1, 7, 8, 11, 12, 88, 110, 111, 129, 130, 148, 149, 167, 183, 202], "summary": {"covered_lines": 13, "num_statements": 13, "percent_covered": 100.0, "percent_covered_display": "100.00", "missing_lines": 0, "excluded_lines": 0}, "missing_lines": [], "excluded_lines": []}}, "classes": {"MeasurementSet": {"executed_lines": [106, 107, 108, 127, 146, 165, 181, 200, 223], "summary": {"covered_lines": 9, "num_statements": 9, "percent_covered": 100.0, "percent_covered_display": "100.00", "missing_lines": 0, "excluded_lines": 0}, "missing_lines": [], "excluded_lines": []}, "": {"executed_lines": [1, 7, 8, 11, 12, 88, 110, 111, 129, 130, 148, 149, 167, 183, 202], "summary": {"covered_lines": 13, "num_statements": 13, "percent_covered": 100.0, "percent_covered_display": "100.00", "missing_lines": 0, "excluded_lines": 0}, "missing_lines": [], "excluded_lines": []}}}, "quantiq/data/collections/tabular_measurement_set.py": {"executed_lines": [1, 7, 8, 9, 12, 13, 103, 134, 135, 136, 143, 144, 147, 149, 150, 164, 166, 167, 181, 183, 184, 202, 252, 296], "summary": {"covered_lines": 22, "num_statements": 52, "percent_covered": 42.30769230769231, "percent_covered_display": "42.31", "missing_lines": 30, "excluded_lines": 0}, "missing_lines": [137, 198, 199, 200, 235, 236, 241, 242, 244, 245, 246, 247, 249, 250, 281, 282, 286, 287, 289, 290, 292, 293, 294, 325, 326, 330, 331, 333, 334, 336], "excluded_lines": [], "functions": {"TabularMeasurementSet.__init__": {"executed_lines": [134, 135, 136, 143, 144, 147], "summary": {"covered_lines": 6, "num_statements": 7, "percent_covered": 85.71428571428571, "percent_covered_display": "85.71", "missing_lines": 1, "excluded_lines": 0}, "missing_lines": [137], "excluded_lines": []}, "TabularMeasurementSet.row_labels": {"executed_lines": [164], "summary": {"covered_lines": 1, "num_statements": 1, "percent_covered": 100.0, "percent_covered_display": "100.00", "missing_lines": 0, "excluded_lines": 0}, "missing_lines": [], "excluded_lines": []}, "TabularMeasurementSet.col_labels": {"executed_lines": [181], "summary": {"covered_lines": 1, "num_statements": 1, "percent_covered": 100.0, "percent_covered_display": "100.00", "missing_lines": 0, "excluded_lines": 0}, "missing_lines": [], "excluded_lines": []}, "TabularMeasurementSet.shape": {"executed_lines": [], "summary": {"covered_lines": 0, "num_statements": 3, "percent_covered": 0.0, "percent_covered_display": "0.00", "missing_lines": 3, "excluded_lines": 0}, "missing_lines": [198, 199, 200], "excluded_lines": []}, "TabularMeasurementSet.get_measurement": {"executed_lines": [], "summary": {"covered_lines": 0, "num_statements": 10, "percent_covered": 0.0, "percent_covered_display": "0.00", "missing_lines": 10, "excluded_lines": 0}, "missing_lines": [235, 236, 241, 242, 244, 245, 246, 247, 249, 250], "excluded_lines": []}, "TabularMeasurementSet.get_row": {"executed_lines": [], "summary": {"covered_lines": 0, "num_statements": 9, "percent_covered": 0.0, "percent_covered_display": "0.00", "missing_lines": 9, "excluded_lines": 0}, "missing_lines": [281, 282, 286, 287, 289, 290, 292, 293, 294], "excluded_lines": []}, "TabularMeasurementSet.get_column": {"executed_lines": [], "summary": {"covered_lines": 0, "num_statements": 7, "percent_covered": 0.0, "percent_covered_display": "0.00", "missing_lines": 7, "excluded_lines": 0}, "missing_lines": [325, 326, 330, 331, 333, 334, 336], "excluded_lines": []}, "": {"executed_lines": [1, 7, 8, 9, 12, 13, 103, 149, 150, 166, 167, 183, 184, 202, 252, 296], "summary": {"covered_lines": 14, "num_statements": 14, "percent_covered": 100.0, "percent_covered_display": "100.00", "missing_lines": 0, "excluded_lines": 0}, "missing_lines": [], "excluded_lines": []}}, "classes": {"TabularMeasurementSet": {"executed_lines": [134, 135, 136, 143, 144, 147, 164, 181], "summary": {"covered_lines": 8, "num_statements": 38, "percent_covered": 21.05263157894737, "percent_covered_display": "21.05", "missing_lines": 30, "excluded_lines": 0}, "missing_lines": [137, 198, 199, 200, 235, 236, 241, 242, 244, 245, 246, 247, 249, 250, 281, 282, 286, 287, 289, 290, 292, 293, 294, 325, 326, 330, 331, 333, 334, 336], "excluded_lines": []}, "": {"executed_lines": [1, 7, 8, 9, 12, 13, 103, 149, 150, 166, 167, 183, 184, 202, 252, 296], "summary": {"covered_lines": 14, "num_statements": 14, "percent_covered": 100.0, "percent_covered_display": "100.00", "missing_lines": 0, "excluded_lines": 0}, "missing_lines": [], "excluded_lines": []}}}, "quantiq/data/collections/tidy_measurement_set.py": {"executed_lines": [1, 7, 8, 9, 12, 13, 84, 104, 106, 152, 154, 155, 156, 157, 159, 160, 165, 167], "summary": {"covered_lines": 16, "num_statements": 24, "percent_covered": 66.66666666666667, "percent_covered_display": "66.67", "missing_lines": 8, "excluded_lines": 0}, "missing_lines": [161, 163, 204, 206, 208, 212, 213, 215], "excluded_lines": [], "functions": {"TidyMeasurementSet.__init__": {"executed_lines": [104], "summary": {"covered_lines": 1, "num_statements": 1, "percent_covered": 100.0, "percent_covered_display": "100.00", "missing_lines": 0, "excluded_lines": 0}, "missing_lines": [], "excluded_lines": []}, "TidyMeasurementSet.get_unique_conditions": {"executed_lines": [152, 154, 155, 156, 157, 159, 160, 165], "summary": {"covered_lines": 8, "num_statements": 10, "percent_covered": 80.0, "percent_covered_display": "80.00", "missing_lines": 2, "excluded_lines": 0}, "missing_lines": [161, 163], "excluded_lines": []}, "TidyMeasurementSet.filter_by_conditions": {"executed_lines": [], "summary": {"covered_lines": 0, "num_statements": 6, "percent_covered": 0.0, "percent_covered_display": "0.00", "missing_lines": 6, "excluded_lines": 0}, "missing_lines": [204, 206, 208, 212, 213, 215], "excluded_lines": []}, "": {"executed_lines": [1, 7, 8, 9, 12, 13, 84, 106, 167], "summary": {"covered_lines": 7, "num_statements": 7, "percent_covered": 100.0, "percent_covered_display": "100.00", "missing_lines": 0, "excluded_lines": 0}, "missing_lines": [], "excluded_lines": []}}, "classes": {"TidyMeasurementSet": {"executed_lines": [104, 152, 154, 155, 156, 157, 159, 160, 165], "summary": {"covered_lines": 9, "num_statements": 17, "percent_covered": 52.94117647058823, "percent_covered_display": "52.94", "missing_lines": 8, "excluded_lines": 0}, "missing_lines": [161, 163, 204, 206, 208, 212, 213, 215], "excluded_lines": []}, "": {"executed_lines": [1, 7, 8, 9, 12, 13, 84, 106, 167], "summary": {"covered_lines": 7, "num_statements": 7, "percent_covered": 100.0, "percent_covered_display": "100.00", "missing_lines": 0, "excluded_lines": 0}, "missing_lines": [], "excluded_lines": []}}}, "quantiq/data/datasets/base.py": {"executed_lines": [1, 7, 8, 9, 10, 13, 14, 76, 91, 92, 95, 96, 97, 99, 100, 116, 118, 119, 135, 137, 138, 161, 166, 167, 192, 194, 195, 218, 220, 241], "summary": {"covered_lines": 28, "num_statements": 28, "percent_covered": 100.0, "percent_covered_display": "100.00", "missing_lines": 0, "excluded_lines": 0}, "missing_lines": [], "excluded_lines": [], "functions": {"Dataset.__init__": {"executed_lines": [91, 92, 95, 96, 97], "summary": {"covered_lines": 5, "num_statements": 5, "percent_covered": 100.0, "percent_covered_display": "100.00", "missing_lines": 0, "excluded_lines": 0}, "missing_lines": [], "excluded_lines": []}, "Dataset.conditions": {"executed_lines": [116], "summary": {"covered_lines": 1, "num_statements": 1, "percent_covered": 100.0, "percent_covered_display": "100.00", "missing_lines": 0, "excluded_lines": 0}, "missing_lines": [], "excluded_lines": []}, "Dataset.details": {"executed_lines": [135], "summary": {"covered_lines": 1, "num_statements": 1, "percent_covered": 100.0, "percent_covered_display": "100.00", "missing_lines": 0, "excluded_lines": 0}, "missing_lines": [], "excluded_lines": []}, "Dataset.has_uncertainty": {"executed_lines": [161], "summary": {"covered_lines": 1, "num_statements": 1, "percent_covered": 100.0, "percent_covered_display": "100.00", "missing_lines": 0, "excluded_lines": 0}, "missing_lines": [], "excluded_lines": []}, "Dataset.uncertainty_samples": {"executed_lines": [192], "summary": {"covered_lines": 1, "num_statements": 1, "percent_covered": 100.0, "percent_covered_display": "100.00", "missing_lines": 0, "excluded_lines": 0}, "missing_lines": [], "excluded_lines": []}, "Dataset.credible_intervals": {"executed_lines": [218], "summary": {"covered_lines": 1, "num_statements": 1, "percent_covered": 100.0, "percent_covered_display": "100.00", "missing_lines": 0, "excluded_lines": 0}, "missing_lines": [], "excluded_lines": []}, "Dataset.copy": {"executed_lines": [241], "summary": {"covered_lines": 1, "num_statements": 1, "percent_covered": 100.0, "percent_covered_display": "100.00", "missing_lines": 0, "excluded_lines": 0}, "missing_lines": [], "excluded_lines": []}, "": {"executed_lines": [1, 7, 8, 9, 10, 13, 14, 76, 99, 100, 118, 119, 137, 138, 166, 167, 194, 195, 220], "summary": {"covered_lines": 17, "num_statements": 17, "percent_covered": 100.0, "percent_covered_display": "100.00", "missing_lines": 0, "excluded_lines": 0}, "missing_lines": [], "excluded_lines": []}}, "classes": {"Dataset": {"executed_lines": [91, 92, 95, 96, 97, 116, 135, 161, 192, 218, 241], "summary": {"covered_lines": 11, "num_statements": 11, "percent_covered": 100.0, "percent_covered_display": "100.00", "missing_lines": 0, "excluded_lines": 0}, "missing_lines": [], "excluded_lines": []}, "": {"executed_lines": [1, 7, 8, 9, 10, 13, 14, 76, 99, 100, 118, 119, 137, 138, 166, 167, 194, 195, 220], "summary": {"covered_lines": 17, "num_statements": 17, "percent_covered": 100.0, "percent_covered_display": "100.00", "missing_lines": 0, "excluded_lines": 0}, "missing_lines": [], "excluded_lines": []}}}, "quantiq/data/datasets/composite.py": {"executed_lines": [1, 8, 9, 10, 11, 14, 15, 105, 132, 135, 136, 142, 143, 146, 147, 148, 151, 152, 158, 160, 161, 175, 177, 178, 203], "summary": {"covered_lines": 23, "num_statements": 23, "percent_covered": 100.0, "percent_covered_display": "100.00", "missing_lines": 0, "excluded_lines": 0}, "missing_lines": [], "excluded_lines": [], "functions": {"OneDimensionalCompositeDataset.__init__": {"executed_lines": [132, 135, 136, 142, 143, 146, 147, 148, 151, 152, 158], "summary": {"covered_lines": 11, "num_statements": 11, "percent_covered": 100.0, "percent_covered_display": "100.00", "missing_lines": 0, "excluded_lines": 0}, "missing_lines": [], "excluded_lines": []}, "OneDimensionalCompositeDataset.independent_variable_data": {"executed_lines": [175], "summary": {"covered_lines": 1, "num_statements": 1, "percent_covered": 100.0, "percent_covered_display": "100.00", "missing_lines": 0, "excluded_lines": 0}, "missing_lines": [], "excluded_lines": []}, "OneDimensionalCompositeDataset.dependent_variable_data_list": {"executed_lines": [203], "summary": {"covered_lines": 1, "num_statements": 1, "percent_covered": 100.0, "percent_covered_display": "100.00", "missing_lines": 0, "excluded_lines": 0}, "missing_lines": [], "excluded_lines": []}, "": {"executed_lines": [1, 8, 9, 10, 11, 14, 15, 105, 160, 161, 177, 178], "summary": {"covered_lines": 10, "num_statements": 10, "percent_covered": 100.0, "percent_covered_display": "100.00", "missing_lines": 0, "excluded_lines": 0}, "missing_lines": [], "excluded_lines": []}}, "classes": {"OneDimensionalCompositeDataset": {"executed_lines": [132, 135, 136, 142, 143, 146, 147, 148, 151, 152, 158, 175, 203], "summary": {"covered_lines": 13, "num_statements": 13, "percent_covered": 100.0, "percent_covered_display": "100.00", "missing_lines": 0, "excluded_lines": 0}, "missing_lines": [], "excluded_lines": []}, "": {"executed_lines": [1, 8, 9, 10, 11, 14, 15, 105, 160, 161, 177, 178], "summary": {"covered_lines": 10, "num_statements": 10, "percent_covered": 100.0, "percent_covered_display": "100.00", "missing_lines": 0, "excluded_lines": 0}, "missing_lines": [], "excluded_lines": []}}}, "quantiq/data/datasets/distribution.py": {"executed_lines": [1, 8, 9, 10, 11, 14, 15, 106, 132, 135, 136, 139, 140, 146, 147, 162, 164, 165, 182], "summary": {"covered_lines": 17, "num_statements": 17, "percent_covered": 100.0, "percent_covered_display": "100.00", "missing_lines": 0, "excluded_lines": 0}, "missing_lines": [], "excluded_lines": [], "functions": {"Distribution.__init__": {"executed_lines": [132, 135, 136, 139, 140], "summary": {"covered_lines": 5, "num_statements": 5, "percent_covered": 100.0, "percent_covered_display": "100.00", "missing_lines": 0, "excluded_lines": 0}, "missing_lines": [], "excluded_lines": []}, "Distribution.variable_data": {"executed_lines": [162], "summary": {"covered_lines": 1, "num_statements": 1, "percent_covered": 100.0, "percent_covered_display": "100.00", "missing_lines": 0, "excluded_lines": 0}, "missing_lines": [], "excluded_lines": []}, "Distribution.probability_density": {"executed_lines": [182], "summary": {"covered_lines": 1, "num_statements": 1, "percent_covered": 100.0, "percent_covered_display": "100.00", "missing_lines": 0, "excluded_lines": 0}, "missing_lines": [], "excluded_lines": []}, "": {"executed_lines": [1, 8, 9, 10, 11, 14, 15, 106, 146, 147, 164, 165], "summary": {"covered_lines": 10, "num_statements": 10, "percent_covered": 100.0, "percent_covered_display": "100.00", "missing_lines": 0, "excluded_lines": 0}, "missing_lines": [], "excluded_lines": []}}, "classes": {"Distribution": {"executed_lines": [132, 135, 136, 139, 140, 162, 182], "summary": {"covered_lines": 7, "num_statements": 7, "percent_covered": 100.0, "percent_covered_display": "100.00", "missing_lines": 0, "excluded_lines": 0}, "missing_lines": [], "excluded_lines": []}, "": {"executed_lines": [1, 8, 9, 10, 11, 14, 15, 106, 146, 147, 164, 165], "summary": {"covered_lines": 10, "num_statements": 10, "percent_covered": 100.0, "percent_covered_display": "100.00", "missing_lines": 0, "excluded_lines": 0}, "missing_lines": [], "excluded_lines": []}}}, "quantiq/data/datasets/histogram.py": {"executed_lines": [1, 8, 9, 10, 11, 14, 15, 91, 117, 120, 121, 124, 126, 127, 132, 133, 150, 152, 153, 170], "summary": {"covered_lines": 18, "num_statements": 18, "percent_covered": 100.0, "percent_covered_display": "100.00", "missing_lines": 0, "excluded_lines": 0}, "missing_lines": [], "excluded_lines": [], "functions": {"Histogram.__init__": {"executed_lines": [117, 120, 121, 124, 126, 127], "summary": {"covered_lines": 6, "num_statements": 6, "percent_covered": 100.0, "percent_covered_display": "100.00", "missing_lines": 0, "excluded_lines": 0}, "missing_lines": [], "excluded_lines": []}, "Histogram.bin_edges": {"executed_lines": [150], "summary": {"covered_lines": 1, "num_statements": 1, "percent_covered": 100.0, "percent_covered_display": "100.00", "missing_lines": 0, "excluded_lines": 0}, "missing_lines": [], "excluded_lines": []}, "Histogram.counts": {"executed_lines": [170], "summary": {"covered_lines": 1, "num_statements": 1, "percent_covered": 100.0, "percent_covered_display": "100.00", "missing_lines": 0, "excluded_lines": 0}, "missing_lines": [], "excluded_lines": []}, "": {"executed_lines": [1, 8, 9, 10, 11, 14, 15, 91, 132, 133, 152, 153], "summary": {"covered_lines": 10, "num_statements": 10, "percent_covered": 100.0, "percent_covered_display": "100.00", "missing_lines": 0, "excluded_lines": 0}, "missing_lines": [], "excluded_lines": []}}, "classes": {"Histogram": {"executed_lines": [117, 120, 121, 124, 126, 127, 150, 170], "summary": {"covered_lines": 8, "num_statements": 8, "percent_covered": 100.0, "percent_covered_display": "100.00", "missing_lines": 0, "excluded_lines": 0}, "missing_lines": [], "excluded_lines": []}, "": {"executed_lines": [1, 8, 9, 10, 11, 14, 15, 91, 132, 133, 152, 153], "summary": {"covered_lines": 10, "num_statements": 10, "percent_covered": 100.0, "percent_covered_display": "100.00", "missing_lines": 0, "excluded_lines": 0}, "missing_lines": [], "excluded_lines": []}}}, "quantiq/data/datasets/one_dimensional.py": {"executed_lines": [1, 8, 9, 10, 11, 12, 15, 16, 88, 114, 117, 118, 121, 122, 128, 129, 145, 147, 148, 164, 166, 239, 241, 242, 243, 246, 247, 249, 257, 260, 261, 262, 264, 269, 272, 277, 280, 281, 284, 287, 288, 290, 292, 297, 300, 301, 303, 305, 306, 307, 309, 312, 314, 319, 320, 321, 323, 324, 326, 327, 329, 330, 336, 341, 424, 489, 492, 495, 496, 499, 500, 501, 504, 505, 507, 509, 510, 520, 521, 523, 524, 536, 537, 540, 541, 544, 545, 548, 550, 552], "summary": {"covered_lines": 86, "num_statements": 102, "percent_covered": 84.31372549019608, "percent_covered_display": "84.31", "missing_lines": 16, "excluded_lines": 4}, "missing_lines": [385, 386, 392, 393, 396, 397, 402, 405, 407, 410, 415, 418, 421, 422, 531, 533], "excluded_lines": [266, 331, 336, 416], "functions": {"OneDimensionalDataset.__init__": {"executed_lines": [114, 117, 118, 121, 122], "summary": {"covered_lines": 5, "num_statements": 5, "percent_covered": 100.0, "percent_covered_display": "100.00", "missing_lines": 0, "excluded_lines": 0}, "missing_lines": [], "excluded_lines": []}, "OneDimensionalDataset.independent_variable_data": {"executed_lines": [145], "summary": {"covered_lines": 1, "num_statements": 1, "percent_covered": 100.0, "percent_covered_display": "100.00", "missing_lines": 0, "excluded_lines": 0}, "missing_lines": [], "excluded_lines": []}, "OneDimensionalDataset.dependent_variable_data": {"executed_lines": [164], "summary": {"covered_lines": 1, "num_statements": 1, "percent_covered": 100.0, "percent_covered_display": "100.00", "missing_lines": 0, "excluded_lines": 0}, "missing_lines": [], "excluded_lines": []}, "OneDimensionalDataset.with_uncertainty": {"executed_lines": [239, 241, 242, 243, 246, 247, 249, 264, 269, 272, 277, 280, 281, 284, 287, 288, 290, 292, 297, 300, 301, 303, 305, 306, 307, 309, 312, 314, 319, 320, 321, 323, 324, 326, 327, 329, 330, 336], "summary": {"covered_lines": 36, "num_statements": 36, "percent_covered": 100.0, "percent_covered_display": "100.00", "missing_lines": 0, "excluded_lines": 2}, "missing_lines": [], "excluded_lines": [331, 336]}, "OneDimensionalDataset.with_uncertainty.SimpleNoiseModel.model": {"executed_lines": [257, 260, 261, 262], "summary": {"covered_lines": 4, "num_statements": 4, "percent_covered": 100.0, "percent_covered_display": "100.00", "missing_lines": 0, "excluded_lines": 0}, "missing_lines": [], "excluded_lines": []}, "OneDimensionalDataset.with_uncertainty.SimpleNoiseModel.predict": {"executed_lines": [], "summary": {"covered_lines": 0, "num_statements": 0, "percent_covered": 100.0, "percent_covered_display": "100.00", "missing_lines": 0, "excluded_lines": 1}, "missing_lines": [], "excluded_lines": [266]}, "OneDimensionalDataset.get_credible_intervals": {"executed_lines": [], "summary": {"covered_lines": 0, "num_statements": 14, "percent_covered": 0.0, "percent_covered_display": "0.00", "missing_lines": 14, "excluded_lines": 1}, "missing_lines": [385, 386, 392, 393, 396, 397, 402, 405, 407, 410, 415, 418, 421, 422], "excluded_lines": [416]}, "OneDimensionalDataset.visualize": {"executed_lines": [489, 492, 495, 496, 499, 500, 501, 504, 505, 507, 509, 510, 520, 521, 523, 524, 536, 537, 540, 541, 544, 545, 548, 550, 552], "summary": {"covered_lines": 25, "num_statements": 27, "percent_covered": 92.5925925925926, "percent_covered_display": "92.59", "missing_lines": 2, "excluded_lines": 0}, "missing_lines": [531, 533], "excluded_lines": []}, "": {"executed_lines": [1, 8, 9, 10, 11, 12, 15, 16, 88, 128, 129, 147, 148, 166, 341, 424], "summary": {"covered_lines": 14, "num_statements": 14, "percent_covered": 100.0, "percent_covered_display": "100.00", "missing_lines": 0, "excluded_lines": 0}, "missing_lines": [], "excluded_lines": []}}, "classes": {"OneDimensionalDataset": {"executed_lines": [114, 117, 118, 121, 122, 145, 164, 239, 241, 242, 243, 246, 247, 249, 264, 269, 272, 277, 280, 281, 284, 287, 288, 290, 292, 297, 300, 301, 303, 305, 306, 307, 309, 312, 314, 319, 320, 321, 323, 324, 326, 327, 329, 330, 336, 489, 492, 495, 496, 499, 500, 501, 504, 505, 507, 509, 510, 520, 521, 523, 524, 536, 537, 540, 541, 544, 545, 548, 550, 552], "summary": {"covered_lines": 68, "num_statements": 84, "percent_covered": 80.95238095238095, "percent_covered_display": "80.95", "missing_lines": 16, "excluded_lines": 3}, "missing_lines": [385, 386, 392, 393, 396, 397, 402, 405, 407, 410, 415, 418, 421, 422, 531, 533], "excluded_lines": [331, 336, 416]}, "OneDimensionalDataset.with_uncertainty.SimpleNoiseModel": {"executed_lines": [257, 260, 261, 262], "summary": {"covered_lines": 4, "num_statements": 4, "percent_covered": 100.0, "percent_covered_display": "100.00", "missing_lines": 0, "excluded_lines": 1}, "missing_lines": [], "excluded_lines": [266]}, "": {"executed_lines": [1, 8, 9, 10, 11, 12, 15, 16, 88, 128, 129, 147, 148, 166, 341, 424], "summary": {"covered_lines": 14, "num_statements": 14, "percent_covered": 100.0, "percent_covered_display": "100.00", "missing_lines": 0, "excluded_lines": 0}, "missing_lines": [], "excluded_lines": []}}}, "quantiq/data/datasets/three_dimensional.py": {"executed_lines": [1, 7, 8, 9, 10, 13, 14, 101, 133, 136, 137, 138, 139, 142, 148, 158, 159, 173, 175, 176, 190, 192, 193, 207, 209, 210, 227], "summary": {"covered_lines": 25, "num_statements": 26, "percent_covered": 96.15384615384616, "percent_covered_display": "96.15", "missing_lines": 1, "excluded_lines": 0}, "missing_lines": [149], "excluded_lines": [], "functions": {"ThreeDimensionalDataset.__init__": {"executed_lines": [133, 136, 137, 138, 139, 142, 148], "summary": {"covered_lines": 7, "num_statements": 8, "percent_covered": 87.5, "percent_covered_display": "87.50", "missing_lines": 1, "excluded_lines": 0}, "missing_lines": [149], "excluded_lines": []}, "ThreeDimensionalDataset.independent_variable_data_1": {"executed_lines": [173], "summary": {"covered_lines": 1, "num_statements": 1, "percent_covered": 100.0, "percent_covered_display": "100.00", "missing_lines": 0, "excluded_lines": 0}, "missing_lines": [], "excluded_lines": []}, "ThreeDimensionalDataset.independent_variable_data_2": {"executed_lines": [190], "summary": {"covered_lines": 1, "num_statements": 1, "percent_covered": 100.0, "percent_covered_display": "100.00", "missing_lines": 0, "excluded_lines": 0}, "missing_lines": [], "excluded_lines": []}, "ThreeDimensionalDataset.independent_variable_data_3": {"executed_lines": [207], "summary": {"covered_lines": 1, "num_statements": 1, "percent_covered": 100.0, "percent_covered_display": "100.00", "missing_lines": 0, "excluded_lines": 0}, "missing_lines": [], "excluded_lines": []}, "ThreeDimensionalDataset.dependent_variable_data": {"executed_lines": [227], "summary": {"covered_lines": 1, "num_statements": 1, "percent_covered": 100.0, "percent_covered_display": "100.00", "missing_lines": 0, "excluded_lines": 0}, "missing_lines": [], "excluded_lines": []}, "": {"executed_lines": [1, 7, 8, 9, 10, 13, 14, 101, 158, 159, 175, 176, 192, 193, 209, 210], "summary": {"covered_lines": 14, "num_statements": 14, "percent_covered": 100.0, "percent_covered_display": "100.00", "missing_lines": 0, "excluded_lines": 0}, "missing_lines": [], "excluded_lines": []}}, "classes": {"ThreeDimensionalDataset": {"executed_lines": [133, 136, 137, 138, 139, 142, 148, 173, 190, 207, 227], "summary": {"covered_lines": 11, "num_statements": 12, "percent_covered": 91.66666666666667, "percent_covered_display": "91.67", "missing_lines": 1, "excluded_lines": 0}, "missing_lines": [149], "excluded_lines": []}, "": {"executed_lines": [1, 7, 8, 9, 10, 13, 14, 101, 158, 159, 175, 176, 192, 193, 209, 210], "summary": {"covered_lines": 14, "num_statements": 14, "percent_covered": 100.0, "percent_covered_display": "100.00", "missing_lines": 0, "excluded_lines": 0}, "missing_lines": [], "excluded_lines": []}}}, "quantiq/data/datasets/two_dimensional.py": {"executed_lines": [1, 8, 9, 10, 11, 14, 15, 94, 123, 126, 127, 128, 131, 136, 137, 145, 146, 160, 162, 163, 177, 179, 180, 197], "summary": {"covered_lines": 22, "num_statements": 22, "percent_covered": 100.0, "percent_covered_display": "100.00", "missing_lines": 0, "excluded_lines": 0}, "missing_lines": [], "excluded_lines": [], "functions": {"TwoDimensionalDataset.__init__": {"executed_lines": [123, 126, 127, 128, 131, 136, 137], "summary": {"covered_lines": 7, "num_statements": 7, "percent_covered": 100.0, "percent_covered_display": "100.00", "missing_lines": 0, "excluded_lines": 0}, "missing_lines": [], "excluded_lines": []}, "TwoDimensionalDataset.independent_variable_data_1": {"executed_lines": [160], "summary": {"covered_lines": 1, "num_statements": 1, "percent_covered": 100.0, "percent_covered_display": "100.00", "missing_lines": 0, "excluded_lines": 0}, "missing_lines": [], "excluded_lines": []}, "TwoDimensionalDataset.independent_variable_data_2": {"executed_lines": [177], "summary": {"covered_lines": 1, "num_statements": 1, "percent_covered": 100.0, "percent_covered_display": "100.00", "missing_lines": 0, "excluded_lines": 0}, "missing_lines": [], "excluded_lines": []}, "TwoDimensionalDataset.dependent_variable_data": {"executed_lines": [197], "summary": {"covered_lines": 1, "num_statements": 1, "percent_covered": 100.0, "percent_covered_display": "100.00", "missing_lines": 0, "excluded_lines": 0}, "missing_lines": [], "excluded_lines": []}, "": {"executed_lines": [1, 8, 9, 10, 11, 14, 15, 94, 145, 146, 162, 163, 179, 180], "summary": {"covered_lines": 12, "num_statements": 12, "percent_covered": 100.0, "percent_covered_display": "100.00", "missing_lines": 0, "excluded_lines": 0}, "missing_lines": [], "excluded_lines": []}}, "classes": {"TwoDimensionalDataset": {"executed_lines": [123, 126, 127, 128, 131, 136, 137, 160, 177, 197], "summary": {"covered_lines": 10, "num_statements": 10, "percent_covered": 100.0, "percent_covered_display": "100.00", "missing_lines": 0, "excluded_lines": 0}, "missing_lines": [], "excluded_lines": []}, "": {"executed_lines": [1, 8, 9, 10, 11, 14, 15, 94, 145, 146, 162, 163, 179, 180], "summary": {"covered_lines": 12, "num_statements": 12, "percent_covered": 100.0, "percent_covered_display": "100.00", "missing_lines": 0, "excluded_lines": 0}, "missing_lines": [], "excluded_lines": []}}}, "quantiq/data/datasets/zero_dimensional.py": {"executed_lines": [1, 8, 9, 10, 11, 14, 15, 68, 86, 89, 91, 92, 112], "summary": {"covered_lines": 11, "num_statements": 11, "percent_covered": 100.0, "percent_covered_display": "100.00", "missing_lines": 0, "excluded_lines": 0}, "missing_lines": [], "excluded_lines": [], "functions": {"ZeroDimensionalDataset.__init__": {"executed_lines": [86, 89], "summary": {"covered_lines": 2, "num_statements": 2, "percent_covered": 100.0, "percent_covered_display": "100.00", "missing_lines": 0, "excluded_lines": 0}, "missing_lines": [], "excluded_lines": []}, "ZeroDimensionalDataset.value": {"executed_lines": [112], "summary": {"covered_lines": 1, "num_statements": 1, "percent_covered": 100.0, "percent_covered_display": "100.00", "missing_lines": 0, "excluded_lines": 0}, "missing_lines": [], "excluded_lines": []}, "": {"executed_lines": [1, 8, 9, 10, 11, 14, 15, 68, 91, 92], "summary": {"covered_lines": 8, "num_statements": 8, "percent_covered": 100.0, "percent_covered_display": "100.00", "missing_lines": 0, "excluded_lines": 0}, "missing_lines": [], "excluded_lines": []}}, "classes": {"ZeroDimensionalDataset": {"executed_lines": [86, 89, 112], "summary": {"covered_lines": 3, "num_statements": 3, "percent_covered": 100.0, "percent_covered_display": "100.00", "missing_lines": 0, "excluded_lines": 0}, "missing_lines": [], "excluded_lines": []}, "": {"executed_lines": [1, 8, 9, 10, 11, 14, 15, 68, 91, 92], "summary": {"covered_lines": 8, "num_statements": 8, "percent_covered": 100.0, "percent_covered_display": "100.00", "missing_lines": 0, "excluded_lines": 0}, "missing_lines": [], "excluded_lines": []}}}, "quantiq/data/metadata.py": {"executed_lines": [1, 18, 19, 20, 23, 70, 71, 73, 74, 75, 76, 77, 80, 81, 82, 83, 84, 85, 86, 90, 91, 92, 95, 96, 100, 103, 150, 153, 158, 163, 164, 166, 169, 226, 227, 228, 229, 232, 233, 234, 235, 236, 237, 238, 243, 245, 246, 250, 253, 286, 287, 288, 289, 290, 291, 292, 293, 296, 332, 333, 335, 337, 339, 340, 341, 342, 346, 351, 352, 353, 354, 356, 359, 391, 392, 394, 395, 396, 397, 398, 400, 403, 443, 444, 445, 446, 447, 448, 449, 450, 451], "summary": {"covered_lines": 90, "num_statements": 92, "percent_covered": 97.82608695652173, "percent_covered_display": "97.83", "missing_lines": 2, "excluded_lines": 0}, "missing_lines": [93, 98], "excluded_lines": [], "functions": {"merge_metadata": {"executed_lines": [70, 71, 73, 74, 75, 76, 77, 80, 81, 82, 83, 84, 85, 86, 90, 91, 92, 95, 96, 100], "summary": {"covered_lines": 20, "num_statements": 22, "percent_covered": 90.9090909090909, "percent_covered_display": "90.91", "missing_lines": 2, "excluded_lines": 0}, "missing_lines": [93, 98], "excluded_lines": []}, "separate_conditions_details": {"executed_lines": [150, 153, 158, 163, 164, 166], "summary": {"covered_lines": 6, "num_statements": 6, "percent_covered": 100.0, "percent_covered_display": "100.00", "missing_lines": 0, "excluded_lines": 0}, "missing_lines": [], "excluded_lines": []}, "validate_metadata": {"executed_lines": [226, 227, 228, 229, 232, 233, 234, 235, 236, 237, 238, 243, 245, 246, 250], "summary": {"covered_lines": 15, "num_statements": 15, "percent_covered": 100.0, "percent_covered_display": "100.00", "missing_lines": 0, "excluded_lines": 0}, "missing_lines": [], "excluded_lines": []}, "parse_key_value_string": {"executed_lines": [286, 287, 288, 289, 290, 291, 292, 293], "summary": {"covered_lines": 8, "num_statements": 8, "percent_covered": 100.0, "percent_covered_display": "100.00", "missing_lines": 0, "excluded_lines": 0}, "missing_lines": [], "excluded_lines": []}, "extract_from_filename": {"executed_lines": [332, 333, 335, 337, 339, 340, 341, 342, 346, 351, 352, 353, 354, 356], "summary": {"covered_lines": 14, "num_statements": 14, "percent_covered": 100.0, "percent_covered_display": "100.00", "missing_lines": 0, "excluded_lines": 0}, "missing_lines": [], "excluded_lines": []}, "extract_from_path": {"executed_lines": [391, 392, 394, 395, 396, 397, 398, 400], "summary": {"covered_lines": 8, "num_statements": 8, "percent_covered": 100.0, "percent_covered_display": "100.00", "missing_lines": 0, "excluded_lines": 0}, "missing_lines": [], "excluded_lines": []}, "parse_header_metadata": {"executed_lines": [443, 444, 445, 446, 447, 448, 449, 450, 451], "summary": {"covered_lines": 9, "num_statements": 9, "percent_covered": 100.0, "percent_covered_display": "100.00", "missing_lines": 0, "excluded_lines": 0}, "missing_lines": [], "excluded_lines": []}, "": {"executed_lines": [1, 18, 19, 20, 23, 103, 169, 253, 296, 359, 403], "summary": {"covered_lines": 10, "num_statements": 10, "percent_covered": 100.0, "percent_covered_display": "100.00", "missing_lines": 0, "excluded_lines": 0}, "missing_lines": [], "excluded_lines": []}}, "classes": {"": {"executed_lines": [1, 18, 19, 20, 23, 70, 71, 73, 74, 75, 76, 77, 80, 81, 82, 83, 84, 85, 86, 90, 91, 92, 95, 96, 100, 103, 150, 153, 158, 163, 164, 166, 169, 226, 227, 228, 229, 232, 233, 234, 235, 236, 237, 238, 243, 245, 246, 250, 253, 286, 287, 288, 289, 290, 291, 292, 293, 296, 332, 333, 335, 337, 339, 340, 341, 342, 346, 351, 352, 353, 354, 356, 359, 391, 392, 394, 395, 396, 397, 398, 400, 403, 443, 444, 445, 446, 447, 448, 449, 450, 451], "summary": {"covered_lines": 90, "num_statements": 92, "percent_covered": 97.82608695652173, "percent_covered_display": "97.83", "missing_lines": 2, "excluded_lines": 0}, "missing_lines": [93, 98], "excluded_lines": []}}}, "quantiq/data/roi.py": {"executed_lines": [1, 12, 13, 16, 17, 58, 74, 75, 79, 80, 82, 106, 108, 110, 113, 114, 158, 174, 175, 177, 178, 180, 182, 208, 209, 210, 211, 213, 215, 217, 219, 221, 223, 226], "summary": {"covered_lines": 27, "num_statements": 27, "percent_covered": 100.0, "percent_covered_display": "100.00", "missing_lines": 0, "excluded_lines": 6}, "missing_lines": [], "excluded_lines": [108, 109, 110, 221, 222, 223], "functions": {"LinearRegion.__init__": {"executed_lines": [74, 75, 79, 80], "summary": {"covered_lines": 4, "num_statements": 4, "percent_covered": 100.0, "percent_covered_display": "100.00", "missing_lines": 0, "excluded_lines": 0}, "missing_lines": [], "excluded_lines": []}, "LinearRegion.get_mask": {"executed_lines": [106], "summary": {"covered_lines": 1, "num_statements": 1, "percent_covered": 100.0, "percent_covered_display": "100.00", "missing_lines": 0, "excluded_lines": 0}, "missing_lines": [], "excluded_lines": []}, "LinearRegion.__repr__": {"executed_lines": [110], "summary": {"covered_lines": 0, "num_statements": 0, "percent_covered": 100.0, "percent_covered_display": "100.00", "missing_lines": 0, "excluded_lines": 2}, "missing_lines": [], "excluded_lines": [109, 110]}, "CompoundRegion.__init__": {"executed_lines": [174, 175, 177, 178, 180], "summary": {"covered_lines": 5, "num_statements": 5, "percent_covered": 100.0, "percent_covered_display": "100.00", "missing_lines": 0, "excluded_lines": 0}, "missing_lines": [], "excluded_lines": []}, "CompoundRegion.get_mask": {"executed_lines": [208, 209, 210, 211], "summary": {"covered_lines": 4, "num_statements": 4, "percent_covered": 100.0, "percent_covered_display": "100.00", "missing_lines": 0, "excluded_lines": 0}, "missing_lines": [], "excluded_lines": []}, "CompoundRegion.__len__": {"executed_lines": [215], "summary": {"covered_lines": 1, "num_statements": 1, "percent_covered": 100.0, "percent_covered_display": "100.00", "missing_lines": 0, "excluded_lines": 0}, "missing_lines": [], "excluded_lines": []}, "CompoundRegion.__getitem__": {"executed_lines": [219], "summary": {"covered_lines": 1, "num_statements": 1, "percent_covered": 100.0, "percent_covered_display": "100.00", "missing_lines": 0, "excluded_lines": 0}, "missing_lines": [], "excluded_lines": []}, "CompoundRegion.__repr__": {"executed_lines": [223], "summary": {"covered_lines": 0, "num_statements": 0, "percent_covered": 100.0, "percent_covered_display": "100.00", "missing_lines": 0, "excluded_lines": 2}, "missing_lines": [], "excluded_lines": [222, 223]}, "": {"executed_lines": [1, 12, 13, 16, 17, 58, 82, 108, 113, 114, 158, 182, 213, 217, 221, 226], "summary": {"covered_lines": 11, "num_statements": 11, "percent_covered": 100.0, "percent_covered_display": "100.00", "missing_lines": 0, "excluded_lines": 2}, "missing_lines": [], "excluded_lines": [108, 221]}}, "classes": {"LinearRegion": {"executed_lines": [74, 75, 79, 80, 106, 110], "summary": {"covered_lines": 5, "num_statements": 5, "percent_covered": 100.0, "percent_covered_display": "100.00", "missing_lines": 0, "excluded_lines": 2}, "missing_lines": [], "excluded_lines": [109, 110]}, "CompoundRegion": {"executed_lines": [174, 175, 177, 178, 180, 208, 209, 210, 211, 215, 219, 223], "summary": {"covered_lines": 11, "num_statements": 11, "percent_covered": 100.0, "percent_covered_display": "100.00", "missing_lines": 0, "excluded_lines": 2}, "missing_lines": [], "excluded_lines": [222, 223]}, "": {"executed_lines": [1, 12, 13, 16, 17, 58, 82, 108, 113, 114, 158, 182, 213, 217, 221, 226], "summary": {"covered_lines": 11, "num_statements": 11, "percent_covered": 100.0, "percent_covered_display": "100.00", "missing_lines": 0, "excluded_lines": 2}, "missing_lines": [], "excluded_lines": [108, 221]}}}, "quantiq/dataio/hierarchy.py": {"executed_lines": [1, 7, 8, 16, 67, 68, 71, 72, 73, 76, 77, 79, 81, 82, 83, 85, 87, 90, 91, 92, 93, 94, 96, 101, 106, 111, 116, 119, 161, 163, 165, 170, 171, 173, 175, 178, 204, 205, 208, 209, 210, 213, 214, 215, 216, 217, 218, 220, 221, 223], "summary": {"covered_lines": 49, "num_statements": 49, "percent_covered": 100.0, "percent_covered_display": "100.00", "missing_lines": 0, "excluded_lines": 0}, "missing_lines": [], "excluded_lines": [], "functions": {"build_hierarchy": {"executed_lines": [67, 68, 71, 72, 73, 76, 77, 79, 81, 82, 83, 85, 87, 90, 91, 92, 93, 94, 96, 101, 106, 111, 116], "summary": {"covered_lines": 23, "num_statements": 23, "percent_covered": 100.0, "percent_covered_display": "100.00", "missing_lines": 0, "excluded_lines": 0}, "missing_lines": [], "excluded_lines": []}, "group_by_conditions": {"executed_lines": [161, 163, 165, 170, 171, 173, 175], "summary": {"covered_lines": 7, "num_statements": 7, "percent_covered": 100.0, "percent_covered_display": "100.00", "missing_lines": 0, "excluded_lines": 0}, "missing_lines": [], "excluded_lines": []}, "identify_varying_conditions": {"executed_lines": [204, 205, 208, 209, 210, 213, 214, 215, 216, 217, 218, 220, 221, 223], "summary": {"covered_lines": 14, "num_statements": 14, "percent_covered": 100.0, "percent_covered_display": "100.00", "missing_lines": 0, "excluded_lines": 0}, "missing_lines": [], "excluded_lines": []}, "": {"executed_lines": [1, 7, 8, 16, 119, 178], "summary": {"covered_lines": 5, "num_statements": 5, "percent_covered": 100.0, "percent_covered_display": "100.00", "missing_lines": 0, "excluded_lines": 0}, "missing_lines": [], "excluded_lines": []}}, "classes": {"": {"executed_lines": [1, 7, 8, 16, 67, 68, 71, 72, 73, 76, 77, 79, 81, 82, 83, 85, 87, 90, 91, 92, 93, 94, 96, 101, 106, 111, 116, 119, 161, 163, 165, 170, 171, 173, 175, 178, 204, 205, 208, 209, 210, 213, 214, 215, 216, 217, 218, 220, 221, 223], "summary": {"covered_lines": 49, "num_statements": 49, "percent_covered": 100.0, "percent_covered_display": "100.00", "missing_lines": 0, "excluded_lines": 0}, "missing_lines": [], "excluded_lines": []}}}, "quantiq/dataio/readers/csv.py": {"executed_lines": [1, 7, 8, 9, 10, 11, 14, 15, 51, 52, 53, 55, 78, 80, 84, 85, 87, 88, 89, 90, 91, 92, 93, 95, 99, 105, 108, 114, 119, 122, 125, 131, 133, 151, 152, 153, 155, 158, 163, 166, 167, 171, 174, 177, 179, 207, 209, 215, 217, 223, 226, 227, 228, 229, 235, 237], "summary": {"covered_lines": 54, "num_statements": 61, "percent_covered": 88.52459016393442, "percent_covered_display": "88.52", "missing_lines": 7, "excluded_lines": 0}, "missing_lines": [81, 96, 168, 169, 172, 175, 210], "excluded_lines": [], "functions": {"GenericCSVReader.__init__": {"executed_lines": [52, 53], "summary": {"covered_lines": 2, "num_statements": 2, "percent_covered": 100.0, "percent_covered_display": "100.00", "missing_lines": 0, "excluded_lines": 0}, "missing_lines": [], "excluded_lines": []}, "GenericCSVReader.read": {"executed_lines": [78, 80, 84, 85, 87, 88, 89, 90, 91, 92, 93, 95, 99, 105, 108, 114, 119, 122, 125, 131], "summary": {"covered_lines": 20, "num_statements": 22, "percent_covered": 90.9090909090909, "percent_covered_display": "90.91", "missing_lines": 2, "excluded_lines": 0}, "missing_lines": [81, 96], "excluded_lines": []}, "GenericCSVReader._parse_data_lines": {"executed_lines": [151, 152, 153, 155, 158, 163, 166, 167, 171, 174, 177], "summary": {"covered_lines": 11, "num_statements": 15, "percent_covered": 73.33333333333333, "percent_covered_display": "73.33", "missing_lines": 4, "excluded_lines": 0}, "missing_lines": [168, 169, 172, 175], "excluded_lines": []}, "GenericCSVReader._create_datasets": {"executed_lines": [207, 209, 215, 217, 223, 226, 227, 228, 229, 235, 237], "summary": {"covered_lines": 11, "num_statements": 12, "percent_covered": 91.66666666666667, "percent_covered_display": "91.67", "missing_lines": 1, "excluded_lines": 0}, "missing_lines": [210], "excluded_lines": []}, "": {"executed_lines": [1, 7, 8, 9, 10, 11, 14, 15, 51, 55, 133, 179], "summary": {"covered_lines": 10, "num_statements": 10, "percent_covered": 100.0, "percent_covered_display": "100.00", "missing_lines": 0, "excluded_lines": 0}, "missing_lines": [], "excluded_lines": []}}, "classes": {"GenericCSVReader": {"executed_lines": [52, 53, 78, 80, 84, 85, 87, 88, 89, 90, 91, 92, 93, 95, 99, 105, 108, 114, 119, 122, 125, 131, 151, 152, 153, 155, 158, 163, 166, 167, 171, 174, 177, 207, 209, 215, 217, 223, 226, 227, 228, 229, 235, 237], "summary": {"covered_lines": 44, "num_statements": 51, "percent_covered": 86.27450980392157, "percent_covered_display": "86.27", "missing_lines": 7, "excluded_lines": 0}, "missing_lines": [81, 96, 168, 169, 172, 175, 210], "excluded_lines": []}, "": {"executed_lines": [1, 7, 8, 9, 10, 11, 14, 15, 51, 55, 133, 179], "summary": {"covered_lines": 10, "num_statements": 10, "percent_covered": 100.0, "percent_covered_display": "100.00", "missing_lines": 0, "excluded_lines": 0}, "missing_lines": [], "excluded_lines": []}}}, "quantiq/dataio/readers/txt.py": {"executed_lines": [1, 7, 10, 11, 44, 46], "summary": {"covered_lines": 4, "num_statements": 4, "percent_covered": 100.0, "percent_covered_display": "100.00", "missing_lines": 0, "excluded_lines": 0}, "missing_lines": [], "excluded_lines": [], "functions": {"GenericTXTReader.__init__": {"executed_lines": [46], "summary": {"covered_lines": 1, "num_statements": 1, "percent_covered": 100.0, "percent_covered_display": "100.00", "missing_lines": 0, "excluded_lines": 0}, "missing_lines": [], "excluded_lines": []}, "": {"executed_lines": [1, 7, 10, 11, 44], "summary": {"covered_lines": 3, "num_statements": 3, "percent_covered": 100.0, "percent_covered_display": "100.00", "missing_lines": 0, "excluded_lines": 0}, "missing_lines": [], "excluded_lines": []}}, "classes": {"GenericTXTReader": {"executed_lines": [46], "summary": {"covered_lines": 1, "num_statements": 1, "percent_covered": 100.0, "percent_covered_display": "100.00", "missing_lines": 0, "excluded_lines": 0}, "missing_lines": [], "excluded_lines": []}, "": {"executed_lines": [1, 7, 10, 11, 44], "summary": {"covered_lines": 3, "num_statements": 3, "percent_covered": 100.0, "percent_covered_display": "100.00", "missing_lines": 0, "excluded_lines": 0}, "missing_lines": [], "excluded_lines": []}}}, "quantiq/fitting/nlsq.py": {"executed_lines": [1, 12, 13, 16, 84, 85, 88, 89, 90, 91, 92, 95, 114, 116, 119, 120, 121, 122, 125, 126, 127, 140, 142, 151, 185, 186, 187, 190, 191, 194, 196, 197, 199, 200, 201, 204, 205, 206, 207, 208, 209, 212, 213, 214, 216, 219], "summary": {"covered_lines": 45, "num_statements": 52, "percent_covered": 86.53846153846153, "percent_covered_display": "86.54", "missing_lines": 7, "excluded_lines": 0}, "missing_lines": [98, 99, 100, 103, 105, 128, 130], "excluded_lines": [], "functions": {"fit_curve": {"executed_lines": [84, 85, 88, 89, 90, 91, 92, 95, 114, 116, 119, 120, 121, 122, 125, 126, 127, 140, 142], "summary": {"covered_lines": 19, "num_statements": 26, "percent_covered": 73.07692307692308, "percent_covered_display": "73.08", "missing_lines": 7, "excluded_lines": 0}, "missing_lines": [98, 99, 100, 103, 105, 128, 130], "excluded_lines": []}, "estimate_initial_parameters": {"executed_lines": [185, 186, 187, 190, 191, 194, 196, 197, 199, 200, 201, 204, 205, 206, 207, 208, 209, 212, 213, 214, 216], "summary": {"covered_lines": 21, "num_statements": 21, "percent_covered": 100.0, "percent_covered_display": "100.00", "missing_lines": 0, "excluded_lines": 0}, "missing_lines": [], "excluded_lines": []}, "": {"executed_lines": [1, 12, 13, 16, 151, 219], "summary": {"covered_lines": 5, "num_statements": 5, "percent_covered": 100.0, "percent_covered_display": "100.00", "missing_lines": 0, "excluded_lines": 0}, "missing_lines": [], "excluded_lines": []}}, "classes": {"": {"executed_lines": [1, 12, 13, 16, 84, 85, 88, 89, 90, 91, 92, 95, 114, 116, 119, 120, 121, 122, 125, 126, 127, 140, 142, 151, 185, 186, 187, 190, 191, 194, 196, 197, 199, 200, 201, 204, 205, 206, 207, 208, 209, 212, 213, 214, 216, 219], "summary": {"covered_lines": 45, "num_statements": 52, "percent_covered": 86.53846153846153, "percent_covered_display": "86.54", "missing_lines": 7, "excluded_lines": 0}, "missing_lines": [98, 99, 100, 103, 105, 128, 130], "excluded_lines": []}}}, "quantiq/transform/base.py": {"executed_lines": [1, 19, 20, 21, 23, 24, 27, 30, 31, 70, 72, 73, 75, 76, 102, 144, 147, 150, 153, 154, 156, 158, 159, 181, 183, 184, 185, 186, 188, 193, 217, 218, 222, 230, 232, 234, 258, 261, 310, 322, 323, 353, 377, 379, 380, 383, 386, 387, 407, 429, 431, 432, 435, 438, 439, 467, 489, 491, 495, 498, 499, 523, 554, 555, 585, 616], "summary": {"covered_lines": 57, "num_statements": 77, "percent_covered": 74.02597402597402, "percent_covered_display": "74.03", "missing_lines": 20, "excluded_lines": 26}, "missing_lines": [191, 295, 297, 298, 299, 300, 302, 305, 312, 313, 319, 492, 545, 547, 548, 551, 607, 609, 610, 613], "excluded_lines": [75, 76, 77, 78, 79, 80, 81, 82, 83, 84, 85, 86, 87, 88, 89, 90, 91, 92, 93, 94, 95, 96, 97, 98, 99, 100], "functions": {"Transform.__init__": {"executed_lines": [72, 73], "summary": {"covered_lines": 2, "num_statements": 2, "percent_covered": 100.0, "percent_covered_display": "100.00", "missing_lines": 0, "excluded_lines": 0}, "missing_lines": [], "excluded_lines": []}, "Transform._apply": {"executed_lines": [], "summary": {"covered_lines": 0, "num_statements": 0, "percent_covered": 100.0, "percent_covered_display": "100.00", "missing_lines": 0, "excluded_lines": 24}, "missing_lines": [], "excluded_lines": [77, 78, 79, 80, 81, 82, 83, 84, 85, 86, 87, 88, 89, 90, 91, 92, 93, 94, 95, 96, 97, 98, 99, 100]}, "Transform.apply_to": {"executed_lines": [144, 147, 150, 153, 154, 156], "summary": {"covered_lines": 6, "num_statements": 6, "percent_covered": 100.0, "percent_covered_display": "100.00", "missing_lines": 0, "excluded_lines": 0}, "missing_lines": [], "excluded_lines": []}, "Transform._copy_tree": {"executed_lines": [181, 183, 184, 185, 186, 188], "summary": {"covered_lines": 6, "num_statements": 7, "percent_covered": 85.71428571428571, "percent_covered_display": "85.71", "missing_lines": 1, "excluded_lines": 0}, "missing_lines": [191], "excluded_lines": []}, "Transform._propagate_uncertainty": {"executed_lines": [217, 218, 222, 230, 232], "summary": {"covered_lines": 5, "num_statements": 5, "percent_covered": 100.0, "percent_covered_display": "100.00", "missing_lines": 0, "excluded_lines": 0}, "missing_lines": [], "excluded_lines": []}, "Transform.__call__": {"executed_lines": [258], "summary": {"covered_lines": 1, "num_statements": 1, "percent_covered": 100.0, "percent_covered_display": "100.00", "missing_lines": 0, "excluded_lines": 0}, "missing_lines": [], "excluded_lines": []}, "jit_transform": {"executed_lines": [], "summary": {"covered_lines": 0, "num_statements": 7, "percent_covered": 0.0, "percent_covered_display": "0.00", "missing_lines": 7, "excluded_lines": 0}, "missing_lines": [295, 297, 298, 299, 300, 302, 305], "excluded_lines": []}, "_get_collection_types": {"executed_lines": [], "summary": {"covered_lines": 0, "num_statements": 3, "percent_covered": 0.0, "percent_covered_display": "0.00", "missing_lines": 3, "excluded_lines": 0}, "missing_lines": [312, 313, 319], "excluded_lines": []}, "DatasetTransform.apply_to": {"executed_lines": [377, 379, 380, 383], "summary": {"covered_lines": 4, "num_statements": 4, "percent_covered": 100.0, "percent_covered_display": "100.00", "missing_lines": 0, "excluded_lines": 0}, "missing_lines": [], "excluded_lines": []}, "MeasurementTransform.apply_to": {"executed_lines": [429, 431, 432, 435], "summary": {"covered_lines": 4, "num_statements": 4, "percent_covered": 100.0, "percent_covered_display": "100.00", "missing_lines": 0, "excluded_lines": 0}, "missing_lines": [], "excluded_lines": []}, "MeasurementSetTransform.apply_to": {"executed_lines": [489, 491, 495], "summary": {"covered_lines": 3, "num_statements": 4, "percent_covered": 75.0, "percent_covered_display": "75.00", "missing_lines": 1, "excluded_lines": 0}, "missing_lines": [492], "excluded_lines": []}, "ExperimentTransform.apply_to": {"executed_lines": [], "summary": {"covered_lines": 0, "num_statements": 4, "percent_covered": 0.0, "percent_covered_display": "0.00", "missing_lines": 4, "excluded_lines": 0}, "missing_lines": [545, 547, 548, 551], "excluded_lines": []}, "ExperimentSetTransform.apply_to": {"executed_lines": [], "summary": {"covered_lines": 0, "num_statements": 4, "percent_covered": 0.0, "percent_covered_display": "0.00", "missing_lines": 4, "excluded_lines": 0}, "missing_lines": [607, 609, 610, 613], "excluded_lines": []}, "": {"executed_lines": [1, 19, 20, 21, 23, 24, 27, 30, 31, 70, 75, 76, 102, 158, 159, 193, 234, 261, 310, 322, 323, 353, 386, 387, 407, 438, 439, 467, 498, 499, 523, 554, 555, 585, 616], "summary": {"covered_lines": 26, "num_statements": 26, "percent_covered": 100.0, "percent_covered_display": "100.00", "missing_lines": 0, "excluded_lines": 2}, "missing_lines": [], "excluded_lines": [75, 76]}}, "classes": {"Transform": {"executed_lines": [72, 73, 144, 147, 150, 153, 154, 156, 181, 183, 184, 185, 186, 188, 217, 218, 222, 230, 232, 258], "summary": {"covered_lines": 20, "num_statements": 21, "percent_covered": 95.23809523809524, "percent_covered_display": "95.24", "missing_lines": 1, "excluded_lines": 24}, "missing_lines": [191], "excluded_lines": [77, 78, 79, 80, 81, 82, 83
[...]
Transform.__init__": {"executed_lines": [328, 329, 330], "summary": {"covered_lines": 3, "num_statements": 3, "percent_covered": 100.0, "percent_covered_display": "100.00", "missing_lines": 0, "excluded_lines": 0}, "missing_lines": [], "excluded_lines": []}, "AutoScaleTransform._compute_parameters": {"executed_lines": [346, 348, 349, 352, 353, 354, 356, 357, 359], "summary": {"covered_lines": 9, "num_statements": 9, "percent_covered": 100.0, "percent_covered_display": "100.00", "missing_lines": 0, "excluded_lines": 0}, "missing_lines": [], "excluded_lines": []}, "AutoScaleTransform._apply_with_parameters": {"executed_lines": [377, 379, 380, 382], "summary": {"covered_lines": 4, "num_statements": 4, "percent_covered": 100.0, "percent_covered_display": "100.00", "missing_lines": 0, "excluded_lines": 0}, "missing_lines": [], "excluded_lines": []}, "AutoBaselineTransform.__init__": {"executed_lines": [440, 441, 442], "summary": {"covered_lines": 3, "num_statements": 3, "percent_covered": 100.0, "percent_covered_display": "100.00", "missing_lines": 0, "excluded_lines": 0}, "missing_lines": [], "excluded_lines": []}, "AutoBaselineTransform._compute_parameters": {"executed_lines": [463, 465, 466, 467, 468, 469, 470, 472, 474], "summary": {"covered_lines": 9, "num_statements": 9, "percent_covered": 100.0, "percent_covered_display": "100.00", "missing_lines": 0, "excluded_lines": 0}, "missing_lines": [], "excluded_lines": []}, "AutoBaselineTransform._apply_with_parameters": {"executed_lines": [492, 493, 494, 495], "summary": {"covered_lines": 4, "num_statements": 4, "percent_covered": 100.0, "percent_covered_display": "100.00", "missing_lines": 0, "excluded_lines": 0}, "missing_lines": [], "excluded_lines": []}, "": {"executed_lines": [1, 15, 16, 17, 18, 19, 22, 23, 79, 139, 177, 178, 214, 219, 239, 257, 278, 279, 317, 332, 361, 385, 386, 429, 444, 476, 498], "summary": {"covered_lines": 22, "num_statements": 22, "percent_covered": 100.0, "percent_covered_display": "100.00", "missing_lines": 0, "excluded_lines": 0}, "missing_lines": [], "excluded_lines": []}}, "classes": {"LambdaTransform": {"executed_lines": [112, 115, 116, 118, 121, 122, 124, 125, 126, 129, 130, 131, 132, 137, 158, 162, 165, 166, 167, 169, 172, 174], "summary": {"covered_lines": 22, "num_statements": 26, "percent_covered": 84.61538461538461, "percent_covered_display": "84.62", "missing_lines": 4, "excluded_lines": 0}, "missing_lines": [119, 133, 135, 159], "excluded_lines": []}, "DynamicTransform": {"executed_lines": [216, 217, 234, 237], "summary": {"covered_lines": 4, "num_statements": 4, "percent_covered": 100.0, "percent_covered_display": "100.00", "missing_lines": 0, "excluded_lines": 2}, "missing_lines": [], "excluded_lines": [255, 275]}, "AutoScaleTransform": {"executed_lines": [328, 329, 330, 346, 348, 349, 352, 353, 354, 356, 357, 359, 377, 379, 380, 382], "summary": {"covered_lines": 16, "num_statements": 16, "percent_covered": 100.0, "percent_covered_display": "100.00", "missing_lines": 0, "excluded_lines": 0}, "missing_lines": [], "excluded_lines": []}, "AutoBaselineTransform": {"executed_lines": [440, 441, 442, 463, 465, 466, 467, 468, 469, 470, 472, 474, 492, 493, 494, 495], "summary": {"covered_lines": 16, "num_statements": 16, "percent_covered": 100.0, "percent_covered_display": "100.00", "missing_lines": 0, "excluded_lines": 0}, "missing_lines": [], "excluded_lines": []}, "": {"executed_lines": [1, 15, 16, 17, 18, 19, 22, 23, 79, 139, 177, 178, 214, 219, 239, 257, 278, 279, 317, 332, 361, 385, 386, 429, 444, 476, 498], "summary": {"covered_lines": 22, "num_statements": 22, "percent_covered": 100.0, "percent_covered_display": "100.00", "missing_lines": 0, "excluded_lines": 0}, "missing_lines": [], "excluded_lines": []}}}, "quantiq/transform/measurement/filter.py": {"executed_lines": [1, 11, 12, 13, 14, 15, 16, 19, 20, 64, 79, 81, 82, 84, 85, 87, 88, 90, 92, 106, 111, 118, 119, 159, 168, 169, 170, 171, 173, 187, 192, 199, 200, 238, 247, 248, 249, 250, 252, 266, 268, 269, 271, 272, 274, 275, 276, 277, 279, 280, 286, 288, 295, 296, 334, 343, 344, 345, 346, 348, 363, 364, 366, 367, 368, 369, 372, 373, 374, 375, 377, 378, 380, 386, 400, 403, 406, 407, 408, 410, 411, 412, 413, 418, 420, 426, 428, 438], "summary": {"covered_lines": 83, "num_statements": 84, "percent_covered": 98.80952380952381, "percent_covered_display": "98.81", "missing_lines": 1, "excluded_lines": 0}, "missing_lines": [435], "excluded_lines": [], "functions": {"FilterDatasets.__init__": {"executed_lines": [79, 81, 82, 84, 85, 87, 88, 90], "summary": {"covered_lines": 8, "num_statements": 8, "percent_covered": 100.0, "percent_covered_display": "100.00", "missing_lines": 0, "excluded_lines": 0}, "missing_lines": [], "excluded_lines": []}, "FilterDatasets._apply": {"executed_lines": [106, 111], "summary": {"covered_lines": 2, "num_statements": 2, "percent_covered": 100.0, "percent_covered_display": "100.00", "missing_lines": 0, "excluded_lines": 0}, "missing_lines": [], "excluded_lines": []}, "FilterMeasurements.__init__": {"executed_lines": [168, 169, 170, 171], "summary": {"covered_lines": 4, "num_statements": 4, "percent_covered": 100.0, "percent_covered_display": "100.00", "missing_lines": 0, "excluded_lines": 0}, "missing_lines": [], "excluded_lines": []}, "FilterMeasurements._apply": {"executed_lines": [187, 192], "summary": {"covered_lines": 2, "num_statements": 2, "percent_covered": 100.0, "percent_covered_display": "100.00", "missing_lines": 0, "excluded_lines": 0}, "missing_lines": [], "excluded_lines": []}, "SplitByRegion.__init__": {"executed_lines": [247, 248, 249, 250], "summary": {"covered_lines": 4, "num_statements": 4, "percent_covered": 100.0, "percent_covered_display": "100.00", "missing_lines": 0, "excluded_lines": 0}, "missing_lines": [], "excluded_lines": []}, "SplitByRegion._apply": {"executed_lines": [266, 268, 269, 271, 272, 274, 275, 276, 277, 279, 280, 286, 288], "summary": {"covered_lines": 13, "num_statements": 13, "percent_covered": 100.0, "percent_covered_display": "100.00", "missing_lines": 0, "excluded_lines": 0}, "missing_lines": [], "excluded_lines": []}, "MergeReplicates.__init__": {"executed_lines": [343, 344, 345, 346], "summary": {"covered_lines": 4, "num_statements": 4, "percent_covered": 100.0, "percent_covered_display": "100.00", "missing_lines": 0, "excluded_lines": 0}, "missing_lines": [], "excluded_lines": []}, "MergeReplicates._apply": {"executed_lines": [363, 364, 366, 367, 368, 369, 372, 373, 374, 375, 377, 378, 380], "summary": {"covered_lines": 13, "num_statements": 13, "percent_covered": 100.0, "percent_covered_display": "100.00", "missing_lines": 0, "excluded_lines": 0}, "missing_lines": [], "excluded_lines": []}, "MergeReplicates._merge_group": {"executed_lines": [400, 403, 406, 407, 408, 410, 411, 412, 413, 418, 420, 426, 428], "summary": {"covered_lines": 13, "num_statements": 14, "percent_covered": 92.85714285714286, "percent_covered_display": "92.86", "missing_lines": 1, "excluded_lines": 0}, "missing_lines": [435], "excluded_lines": []}, "": {"executed_lines": [1, 11, 12, 13, 14, 15, 16, 19, 20, 64, 92, 118, 119, 159, 173, 199, 200, 238, 252, 295, 296, 334, 348, 386, 438], "summary": {"covered_lines": 20, "num_statements": 20, "percent_covered": 100.0, "percent_covered_display": "100.00", "missing_lines": 0, "excluded_lines": 0}, "missing_lines": [], "excluded_lines": []}}, "classes": {"FilterDatasets": {"executed_lines": [79, 81, 82, 84, 85, 87, 88, 90, 106, 111], "summary": {"covered_lines": 10, "num_statements": 10, "percent_covered": 100.0, "percent_covered_display": "100.00", "missing_lines": 0, "excluded_lines": 0}, "missing_lines": [], "excluded_lines": []}, "FilterMeasurements": {"executed_lines": [168, 169, 170, 171, 187, 192], "summary": {"covered_lines": 6, "num_statements": 6, "percent_covered": 100.0, "percent_covered_display": "100.00", "missing_lines": 0, "excluded_lines": 0}, "missing_lines": [], "excluded_lines": []}, "SplitByRegion": {"executed_lines": [247, 248, 249, 250, 266, 268, 269, 271, 272, 274, 275, 276, 277, 279, 280, 286, 288], "summary": {"covered_lines": 17, "num_statements": 17, "percent_covered": 100.0, "percent_covered_display": "100.00", "missing_lines": 0, "excluded_lines": 0}, "missing_lines": [], "excluded_lines": []}, "MergeReplicates": {"executed_lines": [343, 344, 345, 346, 363, 364, 366, 367, 368, 369, 372, 373, 374, 375, 377, 378, 380, 400, 403, 406, 407, 408, 410, 411, 412, 413, 418, 420, 426, 428], "summary": {"covered_lines": 30, "num_statements": 31, "percent_covered": 96.7741935483871, "percent_covered_display": "96.77", "missing_lines": 1, "excluded_lines": 0}, "missing_lines": [435], "excluded_lines": []}, "": {"executed_lines": [1, 11, 12, 13, 14, 15, 16, 19, 20, 64, 92, 118, 119, 159, 173, 199, 200, 238, 252, 295, 296, 334, 348, 386, 438], "summary": {"covered_lines": 20, "num_statements": 20, "percent_covered": 100.0, "percent_covered_display": "100.00", "missing_lines": 0, "excluded_lines": 0}, "missing_lines": [], "excluded_lines": []}}}, "quantiq/transform/pipeline.py": {"executed_lines": [1, 16, 17, 18, 20, 22, 25, 26, 79, 88, 89, 90, 92, 117, 118, 120, 121, 123, 153, 155, 158, 163, 183, 185, 206, 212, 214, 216, 231, 233, 248, 250, 271, 272, 273, 275, 294, 295, 296, 298, 315, 333, 334, 375, 384, 385, 386, 387, 388, 389, 391, 419, 420, 423, 424, 425, 428, 430, 446, 448, 449, 451, 453, 474, 475, 501, 511, 512, 514, 531, 532, 533, 534, 537, 538, 540, 567, 572], "summary": {"covered_lines": 72, "num_statements": 91, "percent_covered": 79.12087912087912, "percent_covered_display": "79.12", "missing_lines": 19, "excluded_lines": 19}, "missing_lines": [208, 209, 213, 324, 325, 327, 328, 329, 330, 470, 471, 553, 555, 558, 559, 560, 561, 564, 565], "excluded_lines": [298, 299, 300, 301, 302, 303, 304, 305, 306, 307, 308, 309, 310, 311, 312, 313, 567, 568, 569], "functions": {"Pipeline.__init__": {"executed_lines": [88, 89, 90], "summary": {"covered_lines": 3, "num_statements": 3, "percent_covered": 100.0, "percent_covered_display": "100.00", "missing_lines": 0, "excluded_lines": 0}, "missing_lines": [], "excluded_lines": []}, "Pipeline._apply": {"executed_lines": [117, 118, 120, 121], "summary": {"covered_lines": 4, "num_statements": 4, "percent_covered": 100.0, "percent_covered_display": "100.00", "missing_lines": 0, "excluded_lines": 0}, "missing_lines": [], "excluded_lines": []}, "Pipeline.apply_to": {"executed_lines": [153, 155, 158], "summary": {"covered_lines": 3, "num_statements": 3, "percent_covered": 100.0, "percent_covered_display": "100.00", "missing_lines": 0, "excluded_lines": 0}, "missing_lines": [], "excluded_lines": []}, "Pipeline.__getitem__": {"executed_lines": [183], "summary": {"covered_lines": 1, "num_statements": 1, "percent_covered": 100.0, "percent_covered_display": "100.00", "missing_lines": 0, "excluded_lines": 0}, "missing_lines": [], "excluded_lines": []}, "Pipeline.__setitem__": {"executed_lines": [206, 212, 214], "summary": {"covered_lines": 3, "num_statements": 6, "percent_covered": 50.0, "percent_covered_display": "50.00", "missing_lines": 3, "excluded_lines": 0}, "missing_lines": [208, 209, 213], "excluded_lines": []}, "Pipeline.__delitem__": {"executed_lines": [231], "summary": {"covered_lines": 1, "num_statements": 1, "percent_covered": 100.0, "percent_covered_display": "100.00", "missing_lines": 0, "excluded_lines": 0}, "missing_lines": [], "excluded_lines": []}, "Pipeline.__len__": {"executed_lines": [248], "summary": {"covered_lines": 1, "num_statements": 1, "percent_covered": 100.0, "percent_covered_display": "100.00", "missing_lines": 0, "excluded_lines": 0}, "missing_lines": [], "excluded_lines": []}, "Pipeline.insert": {"executed_lines": [271, 272, 273], "summary": {"covered_lines": 3, "num_statements": 3, "percent_covered": 100.0, "percent_covered_display": "100.00", "missing_lines": 0, "excluded_lines": 0}, "missing_lines": [], "excluded_lines": []}, "Pipeline.append": {"executed_lines": [294, 295, 296], "summary": {"covered_lines": 3, "num_statements": 3, "percent_covered": 100.0, "percent_covered_display": "100.00", "missing_lines": 0, "excluded_lines": 0}, "missing_lines": [], "excluded_lines": []}, "Pipeline.__repr__": {"executed_lines": [], "summary": {"covered_lines": 0, "num_statements": 0, "percent_covered": 100.0, "percent_covered_display": "100.00", "missing_lines": 0, "excluded_lines": 15}, "missing_lines": [], "excluded_lines": [299, 300, 301, 302, 303, 304, 305, 306, 307, 308, 309, 310, 311, 312, 313]}, "Pipeline.__str__": {"executed_lines": [], "summary": {"covered_lines": 0, "num_statements": 6, "percent_covered": 0.0, "percent_covered_display": "0.00", "missing_lines": 6, "excluded_lines": 0}, "missing_lines": [324, 325, 327, 328, 329, 330], "excluded_lines": []}, "LazyPipeline.__init__": {"executed_lines": [384, 385, 386, 387, 388, 389], "summary": {"covered_lines": 6, "num_statements": 6, "percent_covered": 100.0, "percent_covered_display": "100.00", "missing_lines": 0, "excluded_lines": 0}, "missing_lines": [], "excluded_lines": []}, "LazyPipeline.apply_to": {"executed_lines": [419, 420, 423, 424, 425, 428], "summary": {"covered_lines": 6, "num_statements": 6, "percent_covered": 100.0, "percent_covered_display": "100.00", "missing_lines": 0, "excluded_lines": 0}, "missing_lines": [], "excluded_lines": []}, "LazyPipeline._compute": {"executed_lines": [446, 448, 449, 451], "summary": {"covered_lines": 4, "num_statements": 4, "percent_covered": 100.0, "percent_covered_display": "100.00", "missing_lines": 0, "excluded_lines": 0}, "missing_lines": [], "excluded_lines": []}, "LazyPipeline.invalidate_cache": {"executed_lines": [], "summary": {"covered_lines": 0, "num_statements": 2, "percent_covered": 0.0, "percent_covered_display": "0.00", "missing_lines": 2, "excluded_lines": 0}, "missing_lines": [470, 471], "excluded_lines": []}, "LazyResult.__init__": {"executed_lines": [511, 512], "summary": {"covered_lines": 2, "num_statements": 2, "percent_covered": 100.0, "percent_covered_display": "100.00", "missing_lines": 0, "excluded_lines": 0}, "missing_lines": [], "excluded_lines": []}, "LazyResult.__getattr__": {"executed_lines": [531, 532, 533, 534, 537, 538], "summary": {"covered_lines": 6, "num_statements": 6, "percent_covered": 100.0, "percent_covered_display": "100.00", "missing_lines": 0, "excluded_lines": 0}, "missing_lines": [], "excluded_lines": []}, "LazyResult.__setattr__": {"executed_lines": [], "summary": {"covered_lines": 0, "num_statements": 8, "percent_covered": 0.0, "percent_covered_display": "0.00", "missing_lines": 8, "excluded_lines": 0}, "missing_lines": [553, 555, 558, 559, 560, 561, 564, 565], "excluded_lines": []}, "LazyResult.__repr__": {"executed_lines": [], "summary": {"covered_lines": 0, "num_statements": 0, "percent_covered": 100.0, "percent_covered_display": "100.00", "missing_lines": 0, "excluded_lines": 2}, "missing_lines": [], "excluded_lines": [568, 569]}, "": {"executed_lines": [1, 16, 17, 18, 20, 22, 25, 26, 79, 92, 123, 163, 185, 216, 233, 250, 275, 298, 315, 333, 334, 375, 391, 430, 453, 474, 475, 501, 514, 540, 567, 572], "summary": {"covered_lines": 26, "num_statements": 26, "percent_covered": 100.0, "percent_covered_display": "100.00", "missing_lines": 0, "excluded_lines": 2}, "missing_lines": [], "excluded_lines": [298, 567]}}, "classes": {"Pipeline": {"executed_lines": [88, 89, 90, 117, 118, 120, 121, 153, 155, 158, 183, 206, 212, 214, 231, 248, 271, 272, 273, 294, 295, 296], "summary": {"covered_lines": 22, "num_statements": 31, "percent_covered": 70.96774193548387, "percent_covered_display": "70.97", "missing_lines": 9, "excluded_lines": 15}, "missing_lines": [208, 209, 213, 324, 325, 327, 328, 329, 330], "excluded_lines": [299, 300, 301, 302, 303, 304, 305, 306, 307, 308, 309, 310, 311, 312, 313]}, "LazyPipeline": {"executed_lines": [384, 385, 386, 387, 388, 389, 419, 420, 423, 424, 425, 428, 446, 448, 449, 451], "summary": {"covered_lines": 16, "num_statements": 18, "percent_covered": 88.88888888888889, "percent_covered_display": "88.89", "missing_lines": 2, "excluded_lines": 0}, "missing_lines": [470, 471], "excluded_lines": []}, "LazyResult": {"executed_lines": [511, 512, 531, 532, 533, 534, 537, 538], "summary": {"covered_lines": 8, "num_statements": 16, "percent_covered": 50.0, "percent_covered_display": "50.00", "missing_lines": 8, "excluded_lines": 2}, "missing_lines": [553, 555, 558, 559, 560, 561, 564, 565], "excluded_lines": [568, 569]}, "": {"executed_lines": [1, 16, 17, 18, 20, 22, 25, 26, 79, 92, 123, 163, 185, 216, 233, 250, 275, 298, 315, 333, 334, 375, 391, 430, 453, 474, 475, 501, 514, 540, 567, 572], "summary": {"covered_lines": 26, "num_statements": 26, "percent_covered": 100.0, "percent_covered_display": "100.00", "missing_lines": 0, "excluded_lines": 2}, "missing_lines": [], "excluded_lines": [298, 567]}}}, "quantiq/transform/region.py": {"executed_lines": [], "summary": {"covered_lines": 0, "num_statements": 31, "percent_covered": 0.0, "percent_covered_display": "0.00", "missing_lines": 31, "excluded_lines": 1}, "missing_lines": [13, 14, 16, 17, 18, 19, 22, 67, 76, 77, 79, 102, 103, 108, 109, 112, 115, 116, 119, 122, 123, 126, 128, 130, 164, 209, 224, 225, 227, 247, 250], "excluded_lines": [159], "functions": {"RegionTransform.__init__": {"executed_lines": [], "summary": {"covered_lines": 0, "num_statements": 2, "percent_covered": 0.0, "percent_covered_display": "0.00", "missing_lines": 2, "excluded_lines": 0}, "missing_lines": [76, 77], "excluded_lines": []}, "RegionTransform._apply": {"executed_lines": [], "summary": {"covered_lines": 0, "num_statements": 12, "percent_covered": 0.0, "percent_covered_display": "0.00", "missing_lines": 12, "excluded_lines": 0}, "missing_lines": [102, 103, 108, 109, 112, 115, 116, 119, 122, 123, 126, 128], "excluded_lines": []}, "RegionTransform._apply_to_region": {"executed_lines": [], "summary": {"covered_lines": 0, "num_statements": 0, "percent_covered": 100.0, "percent_covered_display": "100.00", "missing_lines": 0, "excluded_lines": 1}, "missing_lines": [], "excluded_lines": [159]}, "RegionMultiplyTransform.__init__": {"executed_lines": [], "summary": {"covered_lines": 0, "num_statements": 2, "percent_covered": 0.0, "percent_covered_display": "0.00", "missing_lines": 2, "excluded_lines": 0}, "missing_lines": [224, 225], "excluded_lines": []}, "RegionMultiplyTransform._apply_to_region": {"executed_lines": [], "summary": {"covered_lines": 0, "num_statements": 1, "percent_covered": 0.0, "percent_covered_display": "0.00", "missing_lines": 1, "excluded_lines": 0}, "missing_lines": [247], "excluded_lines": []}, "": {"executed_lines": [], "summary": {"covered_lines": 0, "num_statements": 14, "percent_covered": 0.0, "percent_covered_display": "0.00", "missing_lines": 14, "excluded_lines": 0}, "missing_lines": [13, 14, 16, 17, 18, 19, 22, 67, 79, 130, 164, 209, 227, 250], "excluded_lines": []}}, "classes": {"RegionTransform": {"executed_lines": [], "summary": {"covered_lines": 0, "num_statements": 14, "percent_covered": 0.0, "percent_covered_display": "0.00", "missing_lines": 14, "excluded_lines": 1}, "missing_lines": [76, 77, 102, 103, 108, 109, 112, 115, 116, 119, 122, 123, 126, 128], "excluded_lines": [159]}, "RegionMultiplyTransform": {"executed_lines": [], "summary": {"covered_lines": 0, "num_statements": 3, "percent_covered": 0.0, "percent_covered_display": "0.00", "missing_lines": 3, "excluded_lines": 0}, "missing_lines": [224, 225, 247], "excluded_lines": []}, "": {"executed_lines": [], "summary": {"covered_lines": 0, "num_statements": 14, "percent_covered": 0.0, "percent_covered_display": "0.00", "missing_lines": 14, "excluded_lines": 0}, "missing_lines": [13, 14, 16, 17, 18, 19, 22, 67, 79, 130, 164, 209, 227, 250], "excluded_lines": []}}}}, "totals": {"covered_lines": 1270, "num_statements": 1540, "percent_covered": 82.46753246753246, "percent_covered_display": "82.47", "missing_lines": 270, "excluded_lines": 138}}
